#
# There is insufficient memory for the Java Runtime Environment to continue.
# Native memory allocation (malloc) failed to allocate 938736 bytes for Chunk::new
# Possible reasons:
#   The system is out of physical RAM or swap space
#   The process is running with CompressedOops enabled, and the Java Heap may be blocking the growth of the native heap
# Possible solutions:
#   Reduce memory load on the system
#   Increase physical memory or swap space
#   Check if swap backing store is full
#   Decrease Java heap size (-Xmx/-Xms)
#   Decrease number of Java threads
#   Decrease Java thread stack sizes (-Xss)
#   Set larger code cache with -XX:ReservedCodeCacheSize=
#   JVM is running with Unscaled Compressed Oops mode in which the Java heap is
#     placed in the first 4GB address space. The Java Heap base address is the
#     maximum limit for the native heap growth. Please use -XX:HeapBaseMinAddress
#     to set the Java Heap base and to place the Java Heap above 4GB virtual address.
# This output file may be truncated or incomplete.
#
#  Out of Memory Error (./src/hotspot/share/memory/arena.cpp:197), pid=13196, tid=20388
#
# JRE version: OpenJDK Runtime Environment (11.0.13) (build 11.0.13+0-b1751.21-8125866)
# Java VM: OpenJDK 64-Bit Server VM (11.0.13+0-b1751.21-8125866, mixed mode, tiered, compressed oops, g1 gc, windows-amd64)
# No core dump will be written. Minidumps are not enabled by default on client versions of Windows
#

---------------  S U M M A R Y ------------

Command Line: --add-opens=java.base/java.util=ALL-UNNAMED --add-opens=java.base/java.lang=ALL-UNNAMED --add-opens=java.base/java.lang.invoke=ALL-UNNAMED --add-opens=java.base/java.util=ALL-UNNAMED --add-opens=java.prefs/java.util.prefs=ALL-UNNAMED --add-opens=java.prefs/java.util.prefs=ALL-UNNAMED --add-opens=java.base/java.nio.charset=ALL-UNNAMED --add-opens=java.base/java.net=ALL-UNNAMED --add-opens=java.base/java.util.concurrent.atomic=ALL-UNNAMED -Xmx2048m -Dfile.encoding=UTF-8 -Duser.country=US -Duser.language=en -Duser.variant org.gradle.launcher.daemon.bootstrap.GradleDaemon 7.4

Host: Intel(R) Core(TM) i7-8750H CPU @ 2.20GHz, 12 cores, 15G,  Windows 10 , 64 bit Build 19041 (10.0.19041.2546)
Time: Fri Feb 24 01:24:33 2023 Russia TZ 2 Standard Time elapsed time: 6.869399 seconds (0d 0h 0m 6s)

---------------  T H R E A D  ---------------

Current thread (0x00000205b7ef8000):  JavaThread "C2 CompilerThread1" daemon [_thread_in_native, id=20388, stack(0x000000f90e700000,0x000000f90e800000)]


Current CompileTask:
C2:   6869 5806       4       org.objectweb.asm.Frame::execute (2318 bytes)

Stack: [0x000000f90e700000,0x000000f90e800000]
Native frames: (J=compiled Java code, j=interpreted, Vv=VM code, C=native code)
V  [jvm.dll+0x6100fa]
V  [jvm.dll+0x747090]
V  [jvm.dll+0x7486ad]
V  [jvm.dll+0x748d83]
V  [jvm.dll+0x24ab48]
V  [jvm.dll+0xc04dc]
V  [jvm.dll+0xc0a0c]
V  [jvm.dll+0x2bfab4]
V  [jvm.dll+0x524238]
V  [jvm.dll+0x20b193]
V  [jvm.dll+0x204ca0]
V  [jvm.dll+0x2023c2]
V  [jvm.dll+0x188e01]
V  [jvm.dll+0x21106b]
V  [jvm.dll+0x20f8c1]
V  [jvm.dll+0x70de0f]
V  [jvm.dll+0x706a75]
V  [jvm.dll+0x60ed66]
C  [ucrtbase.dll+0x21bb2]
C  [KERNEL32.DLL+0x17614]
C  [ntdll.dll+0x526a1]


---------------  P R O C E S S  ---------------

Threads class SMR info:
_java_thread_list=0x00000205b79af6a0, length=166, elements={
0x00000205994bd800, 0x00000205b4617000, 0x00000205b4619000, 0x00000205b463b000,
0x00000205b463c000, 0x00000205b4641800, 0x00000205b4688800, 0x00000205b468e000,
0x00000205b4699000, 0x00000205b4810000, 0x00000205b5aed000, 0x00000205b4b7c800,
0x00000205b6bf2800, 0x00000205b6cae000, 0x00000205b4b28800, 0x00000205b6de8800,
0x00000205b779e800, 0x00000205b55c5000, 0x00000205b73e3800, 0x00000205b6e59800,
0x00000205b6e57000, 0x00000205b6e5a000, 0x00000205b6e55800, 0x00000205b6e5c000,
0x00000205b6e5b000, 0x00000205b6e57800, 0x00000205b6e56000, 0x00000205b6e58800,
0x00000205b7fc7000, 0x00000205b7fc8800, 0x00000205b7fc9800, 0x00000205b7fca000,
0x00000205b7fcc800, 0x00000205b7fc7800, 0x00000205b7fd1800, 0x00000205b7fd0000,
0x00000205b7fce000, 0x00000205b7fd2000, 0x00000205b7fd3000, 0x00000205b7fcd800,
0x00000205b7fd0800, 0x00000205b7fd4800, 0x00000205b7fd4000, 0x00000205b7fcf000,
0x00000205b8324000, 0x00000205b8321000, 0x00000205b8321800, 0x00000205b8327800,
0x00000205b8326800, 0x00000205b8325000, 0x00000205b8325800, 0x00000205b8328000,
0x00000205b8322800, 0x00000205b8329000, 0x00000205b8323800, 0x00000205b832b800,
0x00000205b832e000, 0x00000205b832c800, 0x00000205b832d000, 0x00000205b832a000,
0x00000205b832e800, 0x00000205b832a800, 0x00000205b832f800, 0x00000205b4c4a800,
0x00000205b4c47000, 0x00000205b4c4c000, 0x00000205b4c48000, 0x00000205b4c4e800,
0x00000205b4c4d000, 0x00000205b4c4b000, 0x00000205b4c4d800, 0x00000205b4c49800,
0x00000205b4c49000, 0x00000205b4c51800, 0x00000205b4c51000, 0x00000205b4c52800,
0x00000205b4c55000, 0x00000205b4c54000, 0x00000205b4c50000, 0x00000205b4c53800,
0x00000205b4c4f800, 0x00000205b4c56000, 0x00000205b5882800, 0x00000205b5883000,
0x00000205b5880800, 0x00000205b5885000, 0x00000205b5881800, 0x00000205b5884000,
0x00000205b5885800, 0x00000205b5880000, 0x00000205b5887000, 0x00000205b588a800,
0x00000205b5888000, 0x00000205b5889800, 0x00000205b588b800, 0x00000205b588c000,
0x00000205b5886800, 0x00000205b588d800, 0x00000205b588d000, 0x00000205b588e800,
0x00000205b5889000, 0x00000205b50bd000, 0x00000205b50bc000, 0x00000205b50be800,
0x00000205b50be000, 0x00000205b50bf800, 0x00000205b50c0800, 0x00000205b50ba800,
0x00000205b50c1000, 0x00000205b50bb800, 0x00000205b50c2800, 0x00000205b50c3800,
0x00000205b50c7800, 0x00000205b50c5000, 0x00000205b50c4800, 0x00000205b50c6000,
0x00000205b50c7000, 0x00000205b50c2000, 0x00000205b50c8800, 0x00000205b50c9800,
0x00000205b765d800, 0x00000205b765e000, 0x00000205b765f000, 0x00000205b7660800,
0x00000205b7660000, 0x00000205b7661800, 0x00000205b7662000, 0x00000205b765c800,
0x00000205b7665800, 0x00000205b7666800, 0x00000205b7667000, 0x00000205b7668000,
0x00000205b7668800, 0x00000205b7663000, 0x00000205b7669800, 0x00000205b7664000,
0x00000205b766a800, 0x00000205b7664800, 0x00000205b766b000, 0x00000205bae05000,
0x00000205bae00000, 0x00000205bae02000, 0x00000205bae01000, 0x00000205bae07800,
0x00000205bae03800, 0x00000205bae06000, 0x00000205bae07000, 0x00000205bae08800,
0x00000205bae02800, 0x00000205bae0a000, 0x00000205bae04800, 0x00000205bae0b000,
0x00000205bae0c800, 0x00000205bae0b800, 0x00000205bae0d800, 0x00000205bae0e000,
0x00000205bae0f000, 0x00000205bae09000, 0x00000205bb44c800, 0x00000205bb44d800,
0x00000205bb44e800, 0x00000205bb44f000, 0x00000205bb44b000, 0x00000205bb450000,
0x00000205bb451000, 0x00000205b7ef8000
}

Java Threads: ( => current thread )
  0x00000205994bd800 JavaThread "main" [_thread_blocked, id=3268, stack(0x000000f90be00000,0x000000f90bf00000)]
  0x00000205b4617000 JavaThread "Reference Handler" daemon [_thread_blocked, id=11260, stack(0x000000f90c500000,0x000000f90c600000)]
  0x00000205b4619000 JavaThread "Finalizer" daemon [_thread_blocked, id=10372, stack(0x000000f90c600000,0x000000f90c700000)]
  0x00000205b463b000 JavaThread "Signal Dispatcher" daemon [_thread_blocked, id=12732, stack(0x000000f90c700000,0x000000f90c800000)]
  0x00000205b463c000 JavaThread "Attach Listener" daemon [_thread_blocked, id=16992, stack(0x000000f90c800000,0x000000f90c900000)]
  0x00000205b4641800 JavaThread "Service Thread" daemon [_thread_blocked, id=23496, stack(0x000000f90c900000,0x000000f90ca00000)]
  0x00000205b4688800 JavaThread "C2 CompilerThread0" daemon [_thread_in_native, id=16708, stack(0x000000f90ca00000,0x000000f90cb00000)]
  0x00000205b468e000 JavaThread "C1 CompilerThread0" daemon [_thread_blocked, id=11892, stack(0x000000f90cb00000,0x000000f90cc00000)]
  0x00000205b4699000 JavaThread "Sweeper thread" daemon [_thread_blocked, id=3956, stack(0x000000f90cc00000,0x000000f90cd00000)]
  0x00000205b4810000 JavaThread "Common-Cleaner" daemon [_thread_blocked, id=15772, stack(0x000000f90cd00000,0x000000f90ce00000)]
  0x00000205b5aed000 JavaThread "Daemon health stats" [_thread_blocked, id=760, stack(0x000000f90d600000,0x000000f90d700000)]
  0x00000205b4b7c800 JavaThread "Incoming local TCP Connector on port 59897" [_thread_in_native, id=10232, stack(0x000000f90cf00000,0x000000f90d000000)]
  0x00000205b6bf2800 JavaThread "Daemon periodic checks" [_thread_blocked, id=20472, stack(0x000000f90d000000,0x000000f90d100000)]
  0x00000205b6cae000 JavaThread "Daemon" [_thread_blocked, id=2540, stack(0x000000f90d700000,0x000000f90d800000)]
  0x00000205b4b28800 JavaThread "Handler for socket connection from /127.0.0.1:59897 to /127.0.0.1:59898" [_thread_in_native, id=12860, stack(0x000000f90d800000,0x000000f90d900000)]
  0x00000205b6de8800 JavaThread "Cancel handler" [_thread_blocked, id=23064, stack(0x000000f90d900000,0x000000f90da00000)]
  0x00000205b779e800 JavaThread "Daemon worker" [_thread_in_Java, id=2880, stack(0x000000f90da00000,0x000000f90db00000)]
  0x00000205b55c5000 JavaThread "Asynchronous log dispatcher for DefaultDaemonConnection: socket connection from /127.0.0.1:59897 to /127.0.0.1:59898" [_thread_blocked, id=18288, stack(0x000000f90db00000,0x000000f90dc00000)]
  0x00000205b73e3800 JavaThread "Stdin handler" [_thread_blocked, id=17860, stack(0x000000f90dc00000,0x000000f90dd00000)]
  0x00000205b6e59800 JavaThread "Daemon client event forwarder" [_thread_blocked, id=17356, stack(0x000000f90dd00000,0x000000f90de00000)]
  0x00000205b6e57000 JavaThread "Cache worker for journal cache (C:\Users\AAA\.gradle\caches\journal-1)" [_thread_blocked, id=10864, stack(0x000000f90de00000,0x000000f90df00000)]
  0x00000205b6e5a000 JavaThread "File lock request listener" [_thread_in_native, id=2936, stack(0x000000f90df00000,0x000000f90e000000)]
  0x00000205b6e55800 JavaThread "Cache worker for file hash cache (C:\Users\AAA\.gradle\caches\7.4\fileHashes)" [_thread_blocked, id=20596, stack(0x000000f90e000000,0x000000f90e100000)]
  0x00000205b6e5c000 JavaThread "File watcher server" daemon [_thread_in_native, id=20828, stack(0x000000f90e900000,0x000000f90ea00000)]
  0x00000205b6e5b000 JavaThread "File watcher consumer" daemon [_thread_blocked, id=6948, stack(0x000000f90ea00000,0x000000f90eb00000)]
  0x00000205b6e57800 JavaThread "Cache worker for checksums cache (C:\Users\AAA\AndroidStudioProjects\ShoppingApp\.gradle\7.4\checksums)" [_thread_blocked, id=20104, stack(0x000000f90eb00000,0x000000f90ec00000)]
  0x00000205b6e56000 JavaThread "Cache worker for cache directory md-rule (C:\Users\AAA\.gradle\caches\7.4\md-rule)" [_thread_blocked, id=4924, stack(0x000000f90ec00000,0x000000f90ed00000)]
  0x00000205b6e58800 JavaThread "Cache worker for file hash cache (C:\Users\AAA\AndroidStudioProjects\ShoppingApp\.gradle\7.4\fileHashes)" [_thread_blocked, id=20864, stack(0x000000f90ed00000,0x000000f90ee00000)]
  0x00000205b7fc7000 JavaThread "Cache worker for cache directory md-supplier (C:\Users\AAA\.gradle\caches\7.4\md-supplier)" [_thread_blocked, id=9532, stack(0x000000f90ee00000,0x000000f90ef00000)]
  0x00000205b7fc8800 JavaThread "Cache worker for execution history cache (C:\Users\AAA\.gradle\caches\7.4\executionHistory)" [_thread_blocked, id=13700, stack(0x000000f90ef00000,0x000000f90f000000)]
  0x00000205b7fc9800 JavaThread "jar transforms" [_thread_blocked, id=21644, stack(0x000000f90f000000,0x000000f90f100000)]
  0x00000205b7fca000 JavaThread "Cache worker for file content cache (C:\Users\AAA\.gradle\caches\7.4\fileContent)" [_thread_blocked, id=5900, stack(0x000000f90f100000,0x000000f90f200000)]
  0x00000205b7fcc800 JavaThread "jar transforms Thread 2" [_thread_blocked, id=1404, stack(0x000000f90f200000,0x000000f90f300000)]
  0x00000205b7fc7800 JavaThread "Cache worker for dependencies-accessors (C:\Users\AAA\AndroidStudioProjects\ShoppingApp\.gradle\7.4\dependencies-accessors)" [_thread_blocked, id=22680, stack(0x000000f90f300000,0x000000f90f400000)]
  0x00000205b7fd1800 JavaThread "jar transforms Thread 3" [_thread_blocked, id=19652, stack(0x000000f90f400000,0x000000f90f500000)]
  0x00000205b7fd0000 JavaThread "Cache worker for Build Output Cleanup Cache (C:\Users\AAA\AndroidStudioProjects\ShoppingApp\.gradle\buildOutputCleanup)" [_thread_blocked, id=18700, stack(0x000000f90f500000,0x000000f90f600000)]
  0x00000205b7fce000 JavaThread "Unconstrained build operations" [_thread_blocked, id=12024, stack(0x000000f90f600000,0x000000f90f700000)]
  0x00000205b7fd2000 JavaThread "Unconstrained build operations Thread 2" [_thread_blocked, id=19432, stack(0x000000f90f700000,0x000000f90f800000)]
  0x00000205b7fd3000 JavaThread "Unconstrained build operations Thread 3" [_thread_blocked, id=21156, stack(0x000000f90f800000,0x000000f90f900000)]
  0x00000205b7fcd800 JavaThread "Unconstrained build operations Thread 4" [_thread_blocked, id=21944, stack(0x000000f90f900000,0x000000f90fa00000)]
  0x00000205b7fd0800 JavaThread "Unconstrained build operations Thread 5" [_thread_blocked, id=1932, stack(0x000000f90fa00000,0x000000f90fb00000)]
  0x00000205b7fd4800 JavaThread "Unconstrained build operations Thread 6" [_thread_blocked, id=10420, stack(0x000000f90fb00000,0x000000f90fc00000)]
  0x00000205b7fd4000 JavaThread "Unconstrained build operations Thread 7" [_thread_blocked, id=5384, stack(0x000000f90fc00000,0x000000f90fd00000)]
  0x00000205b7fcf000 JavaThread "Unconstrained build operations Thread 8" [_thread_blocked, id=19880, stack(0x000000f90fd00000,0x000000f90fe00000)]
  0x00000205b8324000 JavaThread "Unconstrained build operations Thread 9" [_thread_blocked, id=20352, stack(0x000000f90fe00000,0x000000f90ff00000)]
  0x00000205b8321000 JavaThread "Unconstrained build operations Thread 10" [_thread_blocked, id=892, stack(0x000000f90ff00000,0x000000f910000000)]
  0x00000205b8321800 JavaThread "Unconstrained build operations Thread 11" [_thread_blocked, id=20756, stack(0x000000f910000000,0x000000f910100000)]
  0x00000205b8327800 JavaThread "Unconstrained build operations Thread 12" [_thread_blocked, id=8088, stack(0x000000f910100000,0x000000f910200000)]
  0x00000205b8326800 JavaThread "Unconstrained build operations Thread 13" [_thread_blocked, id=13184, stack(0x000000f910200000,0x000000f910300000)]
  0x00000205b8325000 JavaThread "Unconstrained build operations Thread 14" [_thread_blocked, id=11256, stack(0x000000f910300000,0x000000f910400000)]
  0x00000205b8325800 JavaThread "Unconstrained build operations Thread 15" [_thread_blocked, id=7932, stack(0x000000f910400000,0x000000f910500000)]
  0x00000205b8328000 JavaThread "Unconstrained build operations Thread 16" [_thread_blocked, id=10620, stack(0x000000f910500000,0x000000f910600000)]
  0x00000205b8322800 JavaThread "Unconstrained build operations Thread 17" [_thread_blocked, id=10020, stack(0x000000f910600000,0x000000f910700000)]
  0x00000205b8329000 JavaThread "Unconstrained build operations Thread 18" [_thread_blocked, id=19056, stack(0x000000f910700000,0x000000f910800000)]
  0x00000205b8323800 JavaThread "Unconstrained build operations Thread 19" [_thread_blocked, id=17244, stack(0x000000f910800000,0x000000f910900000)]
  0x00000205b832b800 JavaThread "Unconstrained build operations Thread 20" [_thread_blocked, id=6332, stack(0x000000f910900000,0x000000f910a00000)]
  0x00000205b832e000 JavaThread "Unconstrained build operations Thread 21" [_thread_blocked, id=19360, stack(0x000000f910a00000,0x000000f910b00000)]
  0x00000205b832c800 JavaThread "Unconstrained build operations Thread 22" [_thread_blocked, id=16000, stack(0x000000f910b00000,0x000000f910c00000)]
  0x00000205b832d000 JavaThread "Unconstrained build operations Thread 23" [_thread_blocked, id=15892, stack(0x000000f910c00000,0x000000f910d00000)]
  0x00000205b832a000 JavaThread "Unconstrained build operations Thread 24" [_thread_blocked, id=7656, stack(0x000000f910d00000,0x000000f910e00000)]
  0x00000205b832e800 JavaThread "Unconstrained build operations Thread 25" [_thread_blocked, id=20476, stack(0x000000f910e00000,0x000000f910f00000)]
  0x00000205b832a800 JavaThread "Unconstrained build operations Thread 26" [_thread_blocked, id=9536, stack(0x000000f910f00000,0x000000f911000000)]
  0x00000205b832f800 JavaThread "Unconstrained build operations Thread 27" [_thread_blocked, id=2104, stack(0x000000f911000000,0x000000f911100000)]
  0x00000205b4c4a800 JavaThread "Unconstrained build operations Thread 28" [_thread_blocked, id=15516, stack(0x000000f911100000,0x000000f911200000)]
  0x00000205b4c47000 JavaThread "Unconstrained build operations Thread 29" [_thread_blocked, id=19356, stack(0x000000f911200000,0x000000f911300000)]
  0x00000205b4c4c000 JavaThread "Unconstrained build operations Thread 30" [_thread_blocked, id=19992, stack(0x000000f911300000,0x000000f911400000)]
  0x00000205b4c48000 JavaThread "Unconstrained build operations Thread 31" [_thread_blocked, id=2644, stack(0x000000f911400000,0x000000f911500000)]
  0x00000205b4c4e800 JavaThread "Unconstrained build operations Thread 32" [_thread_blocked, id=7900, stack(0x000000f911500000,0x000000f911600000)]
  0x00000205b4c4d000 JavaThread "Unconstrained build operations Thread 33" [_thread_blocked, id=20888, stack(0x000000f911600000,0x000000f911700000)]
  0x00000205b4c4b000 JavaThread "Unconstrained build operations Thread 34" [_thread_blocked, id=19080, stack(0x000000f911700000,0x000000f911800000)]
  0x00000205b4c4d800 JavaThread "Unconstrained build operations Thread 35" [_thread_blocked, id=8784, stack(0x000000f911800000,0x000000f911900000)]
  0x00000205b4c49800 JavaThread "Unconstrained build operations Thread 36" [_thread_blocked, id=17572, stack(0x000000f911900000,0x000000f911a00000)]
  0x00000205b4c49000 JavaThread "Unconstrained build operations Thread 37" [_thread_blocked, id=7908, stack(0x000000f911a00000,0x000000f911b00000)]
  0x00000205b4c51800 JavaThread "Unconstrained build operations Thread 38" [_thread_blocked, id=3556, stack(0x000000f911b00000,0x000000f911c00000)]
  0x00000205b4c51000 JavaThread "Unconstrained build operations Thread 39" [_thread_blocked, id=21896, stack(0x000000f911c00000,0x000000f911d00000)]
  0x00000205b4c52800 JavaThread "Unconstrained build operations Thread 40" [_thread_blocked, id=16036, stack(0x000000f911d00000,0x000000f911e00000)]
  0x00000205b4c55000 JavaThread "Unconstrained build operations Thread 41" [_thread_blocked, id=1908, stack(0x000000f911e00000,0x000000f911f00000)]
  0x00000205b4c54000 JavaThread "Unconstrained build operations Thread 42" [_thread_blocked, id=8920, stack(0x000000f911f00000,0x000000f912000000)]
  0x00000205b4c50000 JavaThread "Unconstrained build operations Thread 43" [_thread_blocked, id=22564, stack(0x000000f912000000,0x000000f912100000)]
  0x00000205b4c53800 JavaThread "Unconstrained build operations Thread 44" [_thread_blocked, id=6616, stack(0x000000f912100000,0x000000f912200000)]
  0x00000205b4c4f800 JavaThread "Unconstrained build operations Thread 45" [_thread_blocked, id=13080, stack(0x000000f912200000,0x000000f912300000)]
  0x00000205b4c56000 JavaThread "Unconstrained build operations Thread 46" [_thread_blocked, id=16796, stack(0x000000f912300000,0x000000f912400000)]
  0x00000205b5882800 JavaThread "Unconstrained build operations Thread 47" [_thread_blocked, id=7520, stack(0x000000f912400000,0x000000f912500000)]
  0x00000205b5883000 JavaThread "Unconstrained build operations Thread 48" [_thread_blocked, id=12020, stack(0x000000f912500000,0x000000f912600000)]
  0x00000205b5880800 JavaThread "Unconstrained build operations Thread 49" [_thread_blocked, id=22316, stack(0x000000f912600000,0x000000f912700000)]
  0x00000205b5885000 JavaThread "Unconstrained build operations Thread 50" [_thread_blocked, id=2848, stack(0x000000f912700000,0x000000f912800000)]
  0x00000205b5881800 JavaThread "Unconstrained build operations Thread 51" [_thread_blocked, id=17336, stack(0x000000f912800000,0x000000f912900000)]
  0x00000205b5884000 JavaThread "Unconstrained build operations Thread 52" [_thread_blocked, id=16700, stack(0x000000f912900000,0x000000f912a00000)]
  0x00000205b5885800 JavaThread "Unconstrained build operations Thread 53" [_thread_blocked, id=13464, stack(0x000000f912a00000,0x000000f912b00000)]
  0x00000205b5880000 JavaThread "Unconstrained build operations Thread 54" [_thread_blocked, id=22808, stack(0x000000f912b00000,0x000000f912c00000)]
  0x00000205b5887000 JavaThread "Unconstrained build operations Thread 55" [_thread_blocked, id=5440, stack(0x000000f912c00000,0x000000f912d00000)]
  0x00000205b588a800 JavaThread "Unconstrained build operations Thread 56" [_thread_blocked, id=11976, stack(0x000000f912d00000,0x000000f912e00000)]
  0x00000205b5888000 JavaThread "Unconstrained build operations Thread 57" [_thread_blocked, id=17784, stack(0x000000f912e00000,0x000000f912f00000)]
  0x00000205b5889800 JavaThread "Unconstrained build operations Thread 58" [_thread_blocked, id=12800, stack(0x000000f912f00000,0x000000f913000000)]
  0x00000205b588b800 JavaThread "Unconstrained build operations Thread 59" [_thread_blocked, id=19268, stack(0x000000f913000000,0x000000f913100000)]
  0x00000205b588c000 JavaThread "Unconstrained build operations Thread 60" [_thread_blocked, id=1752, stack(0x000000f913100000,0x000000f913200000)]
  0x00000205b5886800 JavaThread "Unconstrained build operations Thread 61" [_thread_blocked, id=18792, stack(0x000000f913200000,0x000000f913300000)]
  0x00000205b588d800 JavaThread "Unconstrained build operations Thread 62" [_thread_blocked, id=19584, stack(0x000000f913300000,0x000000f913400000)]
  0x00000205b588d000 JavaThread "Unconstrained build operations Thread 63" [_thread_blocked, id=22160, stack(0x000000f913400000,0x000000f913500000)]
  0x00000205b588e800 JavaThread "Unconstrained build operations Thread 64" [_thread_blocked, id=20360, stack(0x000000f913500000,0x000000f913600000)]
  0x00000205b5889000 JavaThread "Unconstrained build operations Thread 65" [_thread_blocked, id=9568, stack(0x000000f913600000,0x000000f913700000)]
  0x00000205b50bd000 JavaThread "Unconstrained build operations Thread 66" [_thread_blocked, id=21128, stack(0x000000f913700000,0x000000f913800000)]
  0x00000205b50bc000 JavaThread "Unconstrained build operations Thread 67" [_thread_blocked, id=20128, stack(0x000000f913800000,0x000000f913900000)]
  0x00000205b50be800 JavaThread "Unconstrained build operations Thread 68" [_thread_blocked, id=20572, stack(0x000000f913900000,0x000000f913a00000)]
  0x00000205b50be000 JavaThread "Unconstrained build operations Thread 69" [_thread_blocked, id=3196, stack(0x000000f913a00000,0x000000f913b00000)]
  0x00000205b50bf800 JavaThread "Unconstrained build operations Thread 70" [_thread_blocked, id=17112, stack(0x000000f913b00000,0x000000f913c00000)]
  0x00000205b50c0800 JavaThread "Unconstrained build operations Thread 71" [_thread_blocked, id=23392, stack(0x000000f913c00000,0x000000f913d00000)]
  0x00000205b50ba800 JavaThread "Unconstrained build operations Thread 72" [_thread_blocked, id=11464, stack(0x000000f913d00000,0x000000f913e00000)]
  0x00000205b50c1000 JavaThread "Unconstrained build operations Thread 73" [_thread_blocked, id=14476, stack(0x000000f913e00000,0x000000f913f00000)]
  0x00000205b50bb800 JavaThread "Unconstrained build operations Thread 74" [_thread_blocked, id=13696, stack(0x000000f913f00000,0x000000f914000000)]
  0x00000205b50c2800 JavaThread "Unconstrained build operations Thread 75" [_thread_blocked, id=8572, stack(0x000000f914000000,0x000000f914100000)]
  0x00000205b50c3800 JavaThread "Unconstrained build operations Thread 76" [_thread_blocked, id=15992, stack(0x000000f914100000,0x000000f914200000)]
  0x00000205b50c7800 JavaThread "Unconstrained build operations Thread 77" [_thread_blocked, id=22344, stack(0x000000f914200000,0x000000f914300000)]
  0x00000205b50c5000 JavaThread "Unconstrained build operations Thread 78" [_thread_blocked, id=22340, stack(0x000000f914300000,0x000000f914400000)]
  0x00000205b50c4800 JavaThread "Unconstrained build operations Thread 79" [_thread_blocked, id=14880, stack(0x000000f914400000,0x000000f914500000)]
  0x00000205b50c6000 JavaThread "Unconstrained build operations Thread 80" [_thread_blocked, id=19664, stack(0x000000f914500000,0x000000f914600000)]
  0x00000205b50c7000 JavaThread "Unconstrained build operations Thread 81" [_thread_blocked, id=14384, stack(0x000000f914600000,0x000000f914700000)]
  0x00000205b50c2000 JavaThread "Unconstrained build operations Thread 82" [_thread_blocked, id=17192, stack(0x000000f914700000,0x000000f914800000)]
  0x00000205b50c8800 JavaThread "Unconstrained build operations Thread 83" [_thread_blocked, id=13016, stack(0x000000f914800000,0x000000f914900000)]
  0x00000205b50c9800 JavaThread "Unconstrained build operations Thread 84" [_thread_blocked, id=4060, stack(0x000000f914900000,0x000000f914a00000)]
  0x00000205b765d800 JavaThread "Unconstrained build operations Thread 85" [_thread_blocked, id=16996, stack(0x000000f914a00000,0x000000f914b00000)]
  0x00000205b765e000 JavaThread "Unconstrained build operations Thread 86" [_thread_blocked, id=6356, stack(0x000000f914b00000,0x000000f914c00000)]
  0x00000205b765f000 JavaThread "Unconstrained build operations Thread 87" [_thread_blocked, id=4052, stack(0x000000f914c00000,0x000000f914d00000)]
  0x00000205b7660800 JavaThread "Unconstrained build operations Thread 88" [_thread_blocked, id=9300, stack(0x000000f914d00000,0x000000f914e00000)]
  0x00000205b7660000 JavaThread "Unconstrained build operations Thread 89" [_thread_blocked, id=14052, stack(0x000000f914e00000,0x000000f914f00000)]
  0x00000205b7661800 JavaThread "Unconstrained build operations Thread 90" [_thread_blocked, id=19040, stack(0x000000f914f00000,0x000000f915000000)]
  0x00000205b7662000 JavaThread "Unconstrained build operations Thread 91" [_thread_blocked, id=488, stack(0x000000f915000000,0x000000f915100000)]
  0x00000205b765c800 JavaThread "Unconstrained build operations Thread 92" [_thread_blocked, id=15956, stack(0x000000f915100000,0x000000f915200000)]
  0x00000205b7665800 JavaThread "Unconstrained build operations Thread 93" [_thread_blocked, id=12900, stack(0x000000f915200000,0x000000f915300000)]
  0x00000205b7666800 JavaThread "Unconstrained build operations Thread 94" [_thread_blocked, id=19508, stack(0x000000f915300000,0x000000f915400000)]
  0x00000205b7667000 JavaThread "Unconstrained build operations Thread 95" [_thread_blocked, id=20236, stack(0x000000f915400000,0x000000f915500000)]
  0x00000205b7668000 JavaThread "Unconstrained build operations Thread 96" [_thread_blocked, id=21772, stack(0x000000f915500000,0x000000f915600000)]
  0x00000205b7668800 JavaThread "Unconstrained build operations Thread 97" [_thread_blocked, id=22276, stack(0x000000f915600000,0x000000f915700000)]
  0x00000205b7663000 JavaThread "Unconstrained build operations Thread 98" [_thread_blocked, id=8120, stack(0x000000f915700000,0x000000f915800000)]
  0x00000205b7669800 JavaThread "Unconstrained build operations Thread 99" [_thread_blocked, id=20820, stack(0x000000f915800000,0x000000f915900000)]
  0x00000205b7664000 JavaThread "Unconstrained build operations Thread 100" [_thread_blocked, id=16148, stack(0x000000f915900000,0x000000f915a00000)]
  0x00000205b766a800 JavaThread "Unconstrained build operations Thread 101" [_thread_blocked, id=23124, stack(0x000000f915a00000,0x000000f915b00000)]
  0x00000205b7664800 JavaThread "Unconstrained build operations Thread 102" [_thread_blocked, id=21976, stack(0x000000f915b00000,0x000000f915c00000)]
  0x00000205b766b000 JavaThread "Unconstrained build operations Thread 103" [_thread_blocked, id=23208, stack(0x000000f915c00000,0x000000f915d00000)]
  0x00000205bae05000 JavaThread "Unconstrained build operations Thread 104" [_thread_blocked, id=2468, stack(0x000000f915d00000,0x000000f915e00000)]
  0x00000205bae00000 JavaThread "Unconstrained build operations Thread 105" [_thread_blocked, id=9736, stack(0x000000f915e00000,0x000000f915f00000)]
  0x00000205bae02000 JavaThread "Unconstrained build operations Thread 106" [_thread_blocked, id=10132, stack(0x000000f915f00000,0x000000f916000000)]
  0x00000205bae01000 JavaThread "Unconstrained build operations Thread 107" [_thread_blocked, id=9460, stack(0x000000f916000000,0x000000f916100000)]
  0x00000205bae07800 JavaThread "Unconstrained build operations Thread 108" [_thread_blocked, id=6096, stack(0x000000f916100000,0x000000f916200000)]
  0x00000205bae03800 JavaThread "Unconstrained build operations Thread 109" [_thread_blocked, id=2656, stack(0x000000f916200000,0x000000f916300000)]
  0x00000205bae06000 JavaThread "Unconstrained build operations Thread 110" [_thread_blocked, id=12736, stack(0x000000f916300000,0x000000f916400000)]
  0x00000205bae07000 JavaThread "Unconstrained build operations Thread 111" [_thread_blocked, id=14788, stack(0x000000f916400000,0x000000f916500000)]
  0x00000205bae08800 JavaThread "Unconstrained build operations Thread 112" [_thread_blocked, id=11888, stack(0x000000f916500000,0x000000f916600000)]
  0x00000205bae02800 JavaThread "Unconstrained build operations Thread 113" [_thread_blocked, id=4152, stack(0x000000f916600000,0x000000f916700000)]
  0x00000205bae0a000 JavaThread "Unconstrained build operations Thread 114" [_thread_blocked, id=16516, stack(0x000000f916700000,0x000000f916800000)]
  0x00000205bae04800 JavaThread "Unconstrained build operations Thread 115" [_thread_blocked, id=17212, stack(0x000000f916800000,0x000000f916900000)]
  0x00000205bae0b000 JavaThread "Unconstrained build operations Thread 116" [_thread_blocked, id=20164, stack(0x000000f916900000,0x000000f916a00000)]
  0x00000205bae0c800 JavaThread "Unconstrained build operations Thread 117" [_thread_blocked, id=11668, stack(0x000000f916a00000,0x000000f916b00000)]
  0x00000205bae0b800 JavaThread "Unconstrained build operations Thread 118" [_thread_blocked, id=11356, stack(0x000000f916b00000,0x000000f916c00000)]
  0x00000205bae0d800 JavaThread "Unconstrained build operations Thread 119" [_thread_blocked, id=18560, stack(0x000000f916c00000,0x000000f916d00000)]
  0x00000205bae0e000 JavaThread "Unconstrained build operations Thread 120" [_thread_blocked, id=19744, stack(0x000000f916d00000,0x000000f916e00000)]
  0x00000205bae0f000 JavaThread "jar transforms Thread 4" [_thread_blocked, id=3576, stack(0x000000f916e00000,0x000000f916f00000)]
  0x00000205bae09000 JavaThread "jar transforms Thread 5" [_thread_blocked, id=19700, stack(0x000000f916f00000,0x000000f917000000)]
  0x00000205bb44c800 JavaThread "jar transforms Thread 6" [_thread_blocked, id=18512, stack(0x000000f917000000,0x000000f917100000)]
  0x00000205bb44d800 JavaThread "jar transforms Thread 7" [_thread_blocked, id=16652, stack(0x000000f917100000,0x000000f917200000)]
  0x00000205bb44e800 JavaThread "jar transforms Thread 8" [_thread_blocked, id=22940, stack(0x000000f917200000,0x000000f917300000)]
  0x00000205bb44f000 JavaThread "jar transforms Thread 9" [_thread_blocked, id=11548, stack(0x000000f917300000,0x000000f917400000)]
  0x00000205bb44b000 JavaThread "jar transforms Thread 10" [_thread_blocked, id=11032, stack(0x000000f917400000,0x000000f917500000)]
  0x00000205bb450000 JavaThread "jar transforms Thread 11" [_thread_blocked, id=3768, stack(0x000000f917500000,0x000000f917600000)]
  0x00000205bb451000 JavaThread "jar transforms Thread 12" [_thread_blocked, id=10976, stack(0x000000f917600000,0x000000f917700000)]
=>0x00000205b7ef8000 JavaThread "C2 CompilerThread1" daemon [_thread_in_native, id=20388, stack(0x000000f90e700000,0x000000f90e800000)]

Other Threads:
  0x00000205b4612800 VMThread "VM Thread" [stack: 0x000000f90c400000,0x000000f90c500000] [id=9084]
  0x00000205b4832800 WatcherThread [stack: 0x000000f90ce00000,0x000000f90cf00000] [id=13620]
  0x00000205994d9000 GCTaskThread "GC Thread#0" [stack: 0x000000f90bf00000,0x000000f90c000000] [id=21864]
  0x00000205b5750800 GCTaskThread "GC Thread#1" [stack: 0x000000f90d100000,0x000000f90d200000] [id=1384]
  0x00000205b4d5e800 GCTaskThread "GC Thread#2" [stack: 0x000000f90d200000,0x000000f90d300000] [id=7448]
  0x00000205b55cd000 GCTaskThread "GC Thread#3" [stack: 0x000000f90d300000,0x000000f90d400000] [id=3852]
  0x00000205b53a8800 GCTaskThread "GC Thread#4" [stack: 0x000000f90d400000,0x000000f90d500000] [id=1624]
  0x00000205b53a9000 GCTaskThread "GC Thread#5" [stack: 0x000000f90d500000,0x000000f90d600000] [id=14140]
  0x00000205b74ba000 GCTaskThread "GC Thread#6" [stack: 0x000000f90e100000,0x000000f90e200000] [id=19152]
  0x00000205b55c5800 GCTaskThread "GC Thread#7" [stack: 0x000000f90e200000,0x000000f90e300000] [id=2740]
  0x00000205b711c800 GCTaskThread "GC Thread#8" [stack: 0x000000f90e300000,0x000000f90e400000] [id=20732]
  0x00000205b718e000 GCTaskThread "GC Thread#9" [stack: 0x000000f90e400000,0x000000f90e500000] [id=13712]
  0x000002059950b000 ConcurrentGCThread "G1 Main Marker" [stack: 0x000000f90c000000,0x000000f90c100000] [id=18532]
  0x000002059950c000 ConcurrentGCThread "G1 Conc#0" [stack: 0x000000f90c100000,0x000000f90c200000] [id=9068]
  0x00000205b54fb800 ConcurrentGCThread "G1 Conc#1" [stack: 0x000000f90e500000,0x000000f90e600000] [id=22532]
  0x00000205b5f12800 ConcurrentGCThread "G1 Conc#2" [stack: 0x000000f90e600000,0x000000f90e700000] [id=17140]
  0x00000205b3c61800 ConcurrentGCThread "G1 Refine#0" [stack: 0x000000f90c200000,0x000000f90c300000] [id=7668]
  0x00000205b3c62800 ConcurrentGCThread "G1 Young RemSet Sampling" [stack: 0x000000f90c300000,0x000000f90c400000] [id=5888]

Threads with active compile tasks:
C2 CompilerThread0   6905 5828       4       org.objectweb.asm.SymbolTable::addConstantUtf8 (98 bytes)
C2 CompilerThread1   6905 5806       4       org.objectweb.asm.Frame::execute (2318 bytes)

VM state:not at safepoint (normal execution)

VM Mutex/Monitor currently owned by a thread: None

Heap address: 0x0000000080000000, size: 2048 MB, Compressed Oops mode: 32-bit
Narrow klass base: 0x0000000000000000, Narrow klass shift: 3
Compressed class space size: 1073741824 Address: 0x0000000100000000

Heap:
 garbage-first heap   total 262144K, used 96653K [0x0000000080000000, 0x0000000100000000)
  region size 1024K, 65 young (66560K), 18 survivors (18432K)
 Metaspace       used 58442K, capacity 59971K, committed 60240K, reserved 1101824K
  class space    used 7336K, capacity 7896K, committed 7936K, reserved 1048576K
Heap Regions: E=young(eden), S=young(survivor), O=old, HS=humongous(starts), HC=humongous(continues), CS=collection set, F=free, A=archive, TAMS=top-at-mark-start (previous, next)
|   0|0x0000000080000000, 0x0000000080100000, 0x0000000080100000|100%| O|  |TAMS 0x0000000080100000, 0x0000000080000000| Untracked 
|   1|0x0000000080100000, 0x0000000080200000, 0x0000000080200000|100%| O|  |TAMS 0x0000000080200000, 0x0000000080100000| Untracked 
|   2|0x0000000080200000, 0x0000000080300000, 0x0000000080300000|100%| O|  |TAMS 0x0000000080300000, 0x0000000080200000| Untracked 
|   3|0x0000000080300000, 0x0000000080400000, 0x0000000080400000|100%|HS|  |TAMS 0x0000000080400000, 0x0000000080300000| Complete 
|   4|0x0000000080400000, 0x0000000080500000, 0x0000000080500000|100%|HC|  |TAMS 0x0000000080500000, 0x0000000080400000| Complete 
|   5|0x0000000080500000, 0x0000000080600000, 0x0000000080600000|100%|HC|  |TAMS 0x0000000080600000, 0x0000000080500000| Complete 
|   6|0x0000000080600000, 0x0000000080700000, 0x0000000080700000|100%| O|  |TAMS 0x0000000080700000, 0x0000000080600000| Untracked 
|   7|0x0000000080700000, 0x0000000080800000, 0x0000000080800000|100%| O|  |TAMS 0x0000000080800000, 0x0000000080700000| Untracked 
|   8|0x0000000080800000, 0x0000000080900000, 0x0000000080900000|100%| O|  |TAMS 0x0000000080900000, 0x0000000080800000| Untracked 
|   9|0x0000000080900000, 0x0000000080a00000, 0x0000000080a00000|100%| O|  |TAMS 0x0000000080a00000, 0x0000000080900000| Untracked 
|  10|0x0000000080a00000, 0x0000000080b00000, 0x0000000080b00000|100%| O|  |TAMS 0x0000000080b00000, 0x0000000080a00000| Untracked 
|  11|0x0000000080b00000, 0x0000000080c00000, 0x0000000080c00000|100%| O|  |TAMS 0x0000000080c00000, 0x0000000080b00000| Untracked 
|  12|0x0000000080c00000, 0x0000000080d00000, 0x0000000080d00000|100%| O|  |TAMS 0x0000000080d00000, 0x0000000080c00000| Untracked 
|  13|0x0000000080d00000, 0x0000000080e00000, 0x0000000080e00000|100%| O|  |TAMS 0x0000000080e00000, 0x0000000080d00000| Untracked 
|  14|0x0000000080e00000, 0x0000000080f00000, 0x0000000080f00000|100%| O|  |TAMS 0x0000000080f00000, 0x0000000080e00000| Untracked 
|  15|0x0000000080f00000, 0x0000000081000000, 0x0000000081000000|100%| O|  |TAMS 0x0000000080ffa600, 0x0000000080f00000| Untracked 
|  16|0x0000000081000000, 0x0000000081100000, 0x0000000081100000|100%|HS|  |TAMS 0x0000000081000000, 0x0000000081000000| Complete 
|  17|0x0000000081100000, 0x0000000081200000, 0x0000000081200000|100%|HS|  |TAMS 0x0000000081100000, 0x0000000081100000| Complete 
|  18|0x0000000081200000, 0x0000000081300000, 0x0000000081300000|100%|HS|  |TAMS 0x0000000081200000, 0x0000000081200000| Complete 
|  19|0x0000000081300000, 0x0000000081400000, 0x0000000081400000|100%|HS|  |TAMS 0x0000000081300000, 0x0000000081300000| Complete 
|  20|0x0000000081400000, 0x0000000081500000, 0x0000000081500000|100%|HC|  |TAMS 0x0000000081400000, 0x0000000081400000| Complete 
|  21|0x0000000081500000, 0x0000000081600000, 0x0000000081600000|100%|HC|  |TAMS 0x0000000081500000, 0x0000000081500000| Complete 
|  22|0x0000000081600000, 0x0000000081700000, 0x0000000081700000|100%|HC|  |TAMS 0x0000000081600000, 0x0000000081600000| Complete 
|  23|0x0000000081700000, 0x0000000081700000, 0x0000000081800000|  0%| F|  |TAMS 0x0000000081700000, 0x0000000081700000| Untracked 
|  24|0x0000000081800000, 0x0000000081900000, 0x0000000081900000|100%|HS|  |TAMS 0x0000000081800000, 0x0000000081800000| Complete 
|  25|0x0000000081900000, 0x0000000081a00000, 0x0000000081a00000|100%|HC|  |TAMS 0x0000000081900000, 0x0000000081900000| Complete 
|  26|0x0000000081a00000, 0x0000000081b00000, 0x0000000081b00000|100%| O|  |TAMS 0x0000000081a00000, 0x0000000081a00000| Untracked 
|  27|0x0000000081b00000, 0x0000000081c00000, 0x0000000081c00000|100%| O|  |TAMS 0x0000000081b00000, 0x0000000081b00000| Untracked 
|  28|0x0000000081c00000, 0x0000000081d00000, 0x0000000081d00000|100%| O|  |TAMS 0x0000000081c00000, 0x0000000081c00000| Untracked 
|  29|0x0000000081d00000, 0x0000000081e00000, 0x0000000081e00000|100%| O|  |TAMS 0x0000000081d00000, 0x0000000081d00000| Untracked 
|  30|0x0000000081e00000, 0x0000000081f00000, 0x0000000081f00000|100%| O|  |TAMS 0x0000000081e00000, 0x0000000081e00000| Untracked 
|  31|0x0000000081f00000, 0x0000000081f63400, 0x0000000082000000| 38%| O|  |TAMS 0x0000000081f00000, 0x0000000081f00000| Untracked 
|  32|0x0000000082000000, 0x0000000082000000, 0x0000000082100000|  0%| F|  |TAMS 0x0000000082000000, 0x0000000082000000| Untracked 
|  33|0x0000000082100000, 0x0000000082100000, 0x0000000082200000|  0%| F|  |TAMS 0x0000000082100000, 0x0000000082100000| Untracked 
|  34|0x0000000082200000, 0x0000000082200000, 0x0000000082300000|  0%| F|  |TAMS 0x0000000082200000, 0x0000000082200000| Untracked 
|  35|0x0000000082300000, 0x0000000082300000, 0x0000000082400000|  0%| F|  |TAMS 0x0000000082300000, 0x0000000082300000| Untracked 
|  36|0x0000000082400000, 0x0000000082400000, 0x0000000082500000|  0%| F|  |TAMS 0x0000000082400000, 0x0000000082400000| Untracked 
|  37|0x0000000082500000, 0x0000000082500000, 0x0000000082600000|  0%| F|  |TAMS 0x0000000082500000, 0x0000000082500000| Untracked 
|  38|0x0000000082600000, 0x0000000082600000, 0x0000000082700000|  0%| F|  |TAMS 0x0000000082600000, 0x0000000082600000| Untracked 
|  39|0x0000000082700000, 0x0000000082700000, 0x0000000082800000|  0%| F|  |TAMS 0x0000000082700000, 0x0000000082700000| Untracked 
|  40|0x0000000082800000, 0x0000000082800000, 0x0000000082900000|  0%| F|  |TAMS 0x0000000082800000, 0x0000000082800000| Untracked 
|  41|0x0000000082900000, 0x0000000082900000, 0x0000000082a00000|  0%| F|  |TAMS 0x0000000082900000, 0x0000000082900000| Untracked 
|  42|0x0000000082a00000, 0x0000000082a00000, 0x0000000082b00000|  0%| F|  |TAMS 0x0000000082a00000, 0x0000000082a00000| Untracked 
|  43|0x0000000082b00000, 0x0000000082b00000, 0x0000000082c00000|  0%| F|  |TAMS 0x0000000082b00000, 0x0000000082b00000| Untracked 
|  44|0x0000000082c00000, 0x0000000082c00000, 0x0000000082d00000|  0%| F|  |TAMS 0x0000000082c00000, 0x0000000082c00000| Untracked 
|  45|0x0000000082d00000, 0x0000000082d00000, 0x0000000082e00000|  0%| F|  |TAMS 0x0000000082d00000, 0x0000000082d00000| Untracked 
|  46|0x0000000082e00000, 0x0000000082e00000, 0x0000000082f00000|  0%| F|  |TAMS 0x0000000082e00000, 0x0000000082e00000| Untracked 
|  47|0x0000000082f00000, 0x0000000082f00000, 0x0000000083000000|  0%| F|  |TAMS 0x0000000082f00000, 0x0000000082f00000| Untracked 
|  48|0x0000000083000000, 0x0000000083000000, 0x0000000083100000|  0%| F|  |TAMS 0x0000000083000000, 0x0000000083000000| Untracked 
|  49|0x0000000083100000, 0x0000000083100000, 0x0000000083200000|  0%| F|  |TAMS 0x0000000083100000, 0x0000000083100000| Untracked 
|  50|0x0000000083200000, 0x0000000083200000, 0x0000000083300000|  0%| F|  |TAMS 0x0000000083200000, 0x0000000083200000| Untracked 
|  51|0x0000000083300000, 0x0000000083300000, 0x0000000083400000|  0%| F|  |TAMS 0x0000000083300000, 0x0000000083300000| Untracked 
|  52|0x0000000083400000, 0x0000000083400000, 0x0000000083500000|  0%| F|  |TAMS 0x0000000083400000, 0x0000000083400000| Untracked 
|  53|0x0000000083500000, 0x0000000083500000, 0x0000000083600000|  0%| F|  |TAMS 0x0000000083500000, 0x0000000083500000| Untracked 
|  54|0x0000000083600000, 0x0000000083600000, 0x0000000083700000|  0%| F|  |TAMS 0x0000000083600000, 0x0000000083600000| Untracked 
|  55|0x0000000083700000, 0x0000000083700000, 0x0000000083800000|  0%| F|  |TAMS 0x0000000083700000, 0x0000000083700000| Untracked 
|  56|0x0000000083800000, 0x0000000083800000, 0x0000000083900000|  0%| F|  |TAMS 0x0000000083800000, 0x0000000083800000| Untracked 
|  57|0x0000000083900000, 0x0000000083900000, 0x0000000083a00000|  0%| F|  |TAMS 0x0000000083900000, 0x0000000083900000| Untracked 
|  58|0x0000000083a00000, 0x0000000083a00000, 0x0000000083b00000|  0%| F|  |TAMS 0x0000000083a00000, 0x0000000083a00000| Untracked 
|  59|0x0000000083b00000, 0x0000000083b00000, 0x0000000083c00000|  0%| F|  |TAMS 0x0000000083b00000, 0x0000000083b00000| Untracked 
|  60|0x0000000083c00000, 0x0000000083c00000, 0x0000000083d00000|  0%| F|  |TAMS 0x0000000083c00000, 0x0000000083c00000| Untracked 
|  61|0x0000000083d00000, 0x0000000083d00000, 0x0000000083e00000|  0%| F|  |TAMS 0x0000000083d00000, 0x0000000083d00000| Untracked 
|  62|0x0000000083e00000, 0x0000000083e00000, 0x0000000083f00000|  0%| F|  |TAMS 0x0000000083e00000, 0x0000000083e00000| Untracked 
|  63|0x0000000083f00000, 0x0000000083f00000, 0x0000000084000000|  0%| F|  |TAMS 0x0000000083f00000, 0x0000000083f00000| Untracked 
|  64|0x0000000084000000, 0x0000000084000000, 0x0000000084100000|  0%| F|  |TAMS 0x0000000084000000, 0x0000000084000000| Untracked 
|  65|0x0000000084100000, 0x0000000084100000, 0x0000000084200000|  0%| F|  |TAMS 0x0000000084100000, 0x0000000084100000| Untracked 
|  66|0x0000000084200000, 0x0000000084200000, 0x0000000084300000|  0%| F|  |TAMS 0x0000000084200000, 0x0000000084200000| Untracked 
|  67|0x0000000084300000, 0x0000000084300000, 0x0000000084400000|  0%| F|  |TAMS 0x0000000084300000, 0x0000000084300000| Untracked 
|  68|0x0000000084400000, 0x0000000084400000, 0x0000000084500000|  0%| F|  |TAMS 0x0000000084400000, 0x0000000084400000| Untracked 
|  69|0x0000000084500000, 0x0000000084500000, 0x0000000084600000|  0%| F|  |TAMS 0x0000000084500000, 0x0000000084500000| Untracked 
|  70|0x0000000084600000, 0x0000000084600000, 0x0000000084700000|  0%| F|  |TAMS 0x0000000084600000, 0x0000000084600000| Untracked 
|  71|0x0000000084700000, 0x0000000084700000, 0x0000000084800000|  0%| F|  |TAMS 0x0000000084700000, 0x0000000084700000| Untracked 
|  72|0x0000000084800000, 0x0000000084800000, 0x0000000084900000|  0%| F|  |TAMS 0x0000000084800000, 0x0000000084800000| Untracked 
|  73|0x0000000084900000, 0x0000000084900000, 0x0000000084a00000|  0%| F|  |TAMS 0x0000000084900000, 0x0000000084900000| Untracked 
|  74|0x0000000084a00000, 0x0000000084a00000, 0x0000000084b00000|  0%| F|  |TAMS 0x0000000084a00000, 0x0000000084a00000| Untracked 
|  75|0x0000000084b00000, 0x0000000084b00000, 0x0000000084c00000|  0%| F|  |TAMS 0x0000000084b00000, 0x0000000084b00000| Untracked 
|  76|0x0000000084c00000, 0x0000000084c00000, 0x0000000084d00000|  0%| F|  |TAMS 0x0000000084c00000, 0x0000000084c00000| Untracked 
|  77|0x0000000084d00000, 0x0000000084d00000, 0x0000000084e00000|  0%| F|  |TAMS 0x0000000084d00000, 0x0000000084d00000| Untracked 
|  78|0x0000000084e00000, 0x0000000084e00000, 0x0000000084f00000|  0%| F|  |TAMS 0x0000000084e00000, 0x0000000084e00000| Untracked 
|  79|0x0000000084f00000, 0x0000000084f00000, 0x0000000085000000|  0%| F|  |TAMS 0x0000000084f00000, 0x0000000084f00000| Untracked 
|  80|0x0000000085000000, 0x0000000085000000, 0x0000000085100000|  0%| F|  |TAMS 0x0000000085000000, 0x0000000085000000| Untracked 
|  81|0x0000000085100000, 0x0000000085100000, 0x0000000085200000|  0%| F|  |TAMS 0x0000000085100000, 0x0000000085100000| Untracked 
|  82|0x0000000085200000, 0x0000000085200000, 0x0000000085300000|  0%| F|  |TAMS 0x0000000085200000, 0x0000000085200000| Untracked 
|  83|0x0000000085300000, 0x0000000085300000, 0x0000000085400000|  0%| F|  |TAMS 0x0000000085300000, 0x0000000085300000| Untracked 
|  84|0x0000000085400000, 0x0000000085400000, 0x0000000085500000|  0%| F|  |TAMS 0x0000000085400000, 0x0000000085400000| Untracked 
|  85|0x0000000085500000, 0x0000000085500000, 0x0000000085600000|  0%| F|  |TAMS 0x0000000085500000, 0x0000000085500000| Untracked 
|  86|0x0000000085600000, 0x0000000085600000, 0x0000000085700000|  0%| F|  |TAMS 0x0000000085600000, 0x0000000085600000| Untracked 
|  87|0x0000000085700000, 0x0000000085700000, 0x0000000085800000|  0%| F|  |TAMS 0x0000000085700000, 0x0000000085700000| Untracked 
|  88|0x0000000085800000, 0x0000000085800000, 0x0000000085900000|  0%| F|  |TAMS 0x0000000085800000, 0x0000000085800000| Untracked 
|  89|0x0000000085900000, 0x0000000085900000, 0x0000000085a00000|  0%| F|  |TAMS 0x0000000085900000, 0x0000000085900000| Untracked 
|  90|0x0000000085a00000, 0x0000000085a00000, 0x0000000085b00000|  0%| F|  |TAMS 0x0000000085a00000, 0x0000000085a00000| Untracked 
|  91|0x0000000085b00000, 0x0000000085b00000, 0x0000000085c00000|  0%| F|  |TAMS 0x0000000085b00000, 0x0000000085b00000| Untracked 
|  92|0x0000000085c00000, 0x0000000085c00000, 0x0000000085d00000|  0%| F|  |TAMS 0x0000000085c00000, 0x0000000085c00000| Untracked 
|  93|0x0000000085d00000, 0x0000000085d00000, 0x0000000085e00000|  0%| F|  |TAMS 0x0000000085d00000, 0x0000000085d00000| Untracked 
|  94|0x0000000085e00000, 0x0000000085e00000, 0x0000000085f00000|  0%| F|  |TAMS 0x0000000085e00000, 0x0000000085e00000| Untracked 
|  95|0x0000000085f00000, 0x0000000086000000, 0x0000000086000000|100%| S|CS|TAMS 0x0000000085f00000, 0x0000000085f00000| Complete 
|  96|0x0000000086000000, 0x0000000086100000, 0x0000000086100000|100%| S|CS|TAMS 0x0000000086000000, 0x0000000086000000| Complete 
|  97|0x0000000086100000, 0x0000000086200000, 0x0000000086200000|100%| S|CS|TAMS 0x0000000086100000, 0x0000000086100000| Complete 
|  98|0x0000000086200000, 0x0000000086300000, 0x0000000086300000|100%| S|CS|TAMS 0x0000000086200000, 0x0000000086200000| Complete 
|  99|0x0000000086300000, 0x0000000086400000, 0x0000000086400000|100%| S|CS|TAMS 0x0000000086300000, 0x0000000086300000| Complete 
| 100|0x0000000086400000, 0x0000000086500000, 0x0000000086500000|100%| S|CS|TAMS 0x0000000086400000, 0x0000000086400000| Complete 
| 101|0x0000000086500000, 0x0000000086600000, 0x0000000086600000|100%| S|CS|TAMS 0x0000000086500000, 0x0000000086500000| Complete 
| 102|0x0000000086600000, 0x0000000086700000, 0x0000000086700000|100%| S|CS|TAMS 0x0000000086600000, 0x0000000086600000| Complete 
| 103|0x0000000086700000, 0x0000000086800000, 0x0000000086800000|100%| S|CS|TAMS 0x0000000086700000, 0x0000000086700000| Complete 
| 104|0x0000000086800000, 0x0000000086900000, 0x0000000086900000|100%| S|CS|TAMS 0x0000000086800000, 0x0000000086800000| Complete 
| 105|0x0000000086900000, 0x0000000086a00000, 0x0000000086a00000|100%| S|CS|TAMS 0x0000000086900000, 0x0000000086900000| Complete 
| 106|0x0000000086a00000, 0x0000000086b00000, 0x0000000086b00000|100%| S|CS|TAMS 0x0000000086a00000, 0x0000000086a00000| Complete 
| 107|0x0000000086b00000, 0x0000000086c00000, 0x0000000086c00000|100%| S|CS|TAMS 0x0000000086b00000, 0x0000000086b00000| Complete 
| 108|0x0000000086c00000, 0x0000000086d00000, 0x0000000086d00000|100%| S|CS|TAMS 0x0000000086c00000, 0x0000000086c00000| Complete 
| 109|0x0000000086d00000, 0x0000000086e00000, 0x0000000086e00000|100%| S|CS|TAMS 0x0000000086d00000, 0x0000000086d00000| Complete 
| 110|0x0000000086e00000, 0x0000000086f00000, 0x0000000086f00000|100%| S|CS|TAMS 0x0000000086e00000, 0x0000000086e00000| Complete 
| 111|0x0000000086f00000, 0x0000000087000000, 0x0000000087000000|100%| S|CS|TAMS 0x0000000086f00000, 0x0000000086f00000| Complete 
| 112|0x0000000087000000, 0x0000000087100000, 0x0000000087100000|100%| S|CS|TAMS 0x0000000087000000, 0x0000000087000000| Complete 
| 113|0x0000000087100000, 0x0000000087100000, 0x0000000087200000|  0%| F|  |TAMS 0x0000000087100000, 0x0000000087100000| Untracked 
| 114|0x0000000087200000, 0x0000000087200000, 0x0000000087300000|  0%| F|  |TAMS 0x0000000087200000, 0x0000000087200000| Untracked 
| 115|0x0000000087300000, 0x0000000087300000, 0x0000000087400000|  0%| F|  |TAMS 0x0000000087300000, 0x0000000087300000| Untracked 
| 116|0x0000000087400000, 0x0000000087400000, 0x0000000087500000|  0%| F|  |TAMS 0x0000000087400000, 0x0000000087400000| Untracked 
| 117|0x0000000087500000, 0x0000000087500000, 0x0000000087600000|  0%| F|  |TAMS 0x0000000087500000, 0x0000000087500000| Untracked 
| 118|0x0000000087600000, 0x0000000087600000, 0x0000000087700000|  0%| F|  |TAMS 0x0000000087600000, 0x0000000087600000| Untracked 
| 119|0x0000000087700000, 0x0000000087700000, 0x0000000087800000|  0%| F|  |TAMS 0x0000000087700000, 0x0000000087700000| Untracked 
| 120|0x0000000087800000, 0x0000000087800000, 0x0000000087900000|  0%| F|  |TAMS 0x0000000087800000, 0x0000000087800000| Untracked 
| 121|0x0000000087900000, 0x0000000087900000, 0x0000000087a00000|  0%| F|  |TAMS 0x0000000087900000, 0x0000000087900000| Untracked 
| 122|0x0000000087a00000, 0x0000000087a00000, 0x0000000087b00000|  0%| F|  |TAMS 0x0000000087a00000, 0x0000000087a00000| Untracked 
| 123|0x0000000087b00000, 0x0000000087b00000, 0x0000000087c00000|  0%| F|  |TAMS 0x0000000087b00000, 0x0000000087b00000| Untracked 
| 124|0x0000000087c00000, 0x0000000087c00000, 0x0000000087d00000|  0%| F|  |TAMS 0x0000000087c00000, 0x0000000087c00000| Untracked 
| 125|0x0000000087d00000, 0x0000000087d00000, 0x0000000087e00000|  0%| F|  |TAMS 0x0000000087d00000, 0x0000000087d00000| Untracked 
| 126|0x0000000087e00000, 0x0000000087e00000, 0x0000000087f00000|  0%| F|  |TAMS 0x0000000087e00000, 0x0000000087e00000| Untracked 
| 127|0x0000000087f00000, 0x0000000087f00000, 0x0000000088000000|  0%| F|  |TAMS 0x0000000087f00000, 0x0000000087f00000| Untracked 
| 128|0x0000000088000000, 0x0000000088000000, 0x0000000088100000|  0%| F|  |TAMS 0x0000000088000000, 0x0000000088000000| Untracked 
| 129|0x0000000088100000, 0x0000000088100000, 0x0000000088200000|  0%| F|  |TAMS 0x0000000088100000, 0x0000000088100000| Untracked 
| 130|0x0000000088200000, 0x0000000088200000, 0x0000000088300000|  0%| F|  |TAMS 0x0000000088200000, 0x0000000088200000| Untracked 
| 131|0x0000000088300000, 0x0000000088300000, 0x0000000088400000|  0%| F|  |TAMS 0x0000000088300000, 0x0000000088300000| Untracked 
| 132|0x0000000088400000, 0x0000000088400000, 0x0000000088500000|  0%| F|  |TAMS 0x0000000088400000, 0x0000000088400000| Untracked 
| 133|0x0000000088500000, 0x0000000088500000, 0x0000000088600000|  0%| F|  |TAMS 0x0000000088500000, 0x0000000088500000| Untracked 
| 134|0x0000000088600000, 0x0000000088600000, 0x0000000088700000|  0%| F|  |TAMS 0x0000000088600000, 0x0000000088600000| Untracked 
| 135|0x0000000088700000, 0x0000000088700000, 0x0000000088800000|  0%| F|  |TAMS 0x0000000088700000, 0x0000000088700000| Untracked 
| 136|0x0000000088800000, 0x0000000088800000, 0x0000000088900000|  0%| F|  |TAMS 0x0000000088800000, 0x0000000088800000| Untracked 
| 137|0x0000000088900000, 0x0000000088900000, 0x0000000088a00000|  0%| F|  |TAMS 0x0000000088900000, 0x0000000088900000| Untracked 
| 138|0x0000000088a00000, 0x0000000088a00000, 0x0000000088b00000|  0%| F|  |TAMS 0x0000000088a00000, 0x0000000088a00000| Untracked 
| 139|0x0000000088b00000, 0x0000000088b00000, 0x0000000088c00000|  0%| F|  |TAMS 0x0000000088b00000, 0x0000000088b00000| Untracked 
| 140|0x0000000088c00000, 0x0000000088c00000, 0x0000000088d00000|  0%| F|  |TAMS 0x0000000088c00000, 0x0000000088c00000| Untracked 
| 141|0x0000000088d00000, 0x0000000088d00000, 0x0000000088e00000|  0%| F|  |TAMS 0x0000000088d00000, 0x0000000088d00000| Untracked 
| 142|0x0000000088e00000, 0x0000000088e00000, 0x0000000088f00000|  0%| F|  |TAMS 0x0000000088e00000, 0x0000000088e00000| Untracked 
| 143|0x0000000088f00000, 0x0000000088f00000, 0x0000000089000000|  0%| F|  |TAMS 0x0000000088f00000, 0x0000000088f00000| Untracked 
| 144|0x0000000089000000, 0x0000000089000000, 0x0000000089100000|  0%| F|  |TAMS 0x0000000089000000, 0x0000000089000000| Untracked 
| 145|0x0000000089100000, 0x0000000089100000, 0x0000000089200000|  0%| F|  |TAMS 0x0000000089100000, 0x0000000089100000| Untracked 
| 146|0x0000000089200000, 0x0000000089200000, 0x0000000089300000|  0%| F|  |TAMS 0x0000000089200000, 0x0000000089200000| Untracked 
| 147|0x0000000089300000, 0x0000000089300000, 0x0000000089400000|  0%| F|  |TAMS 0x0000000089300000, 0x0000000089300000| Untracked 
| 148|0x0000000089400000, 0x0000000089400000, 0x0000000089500000|  0%| F|  |TAMS 0x0000000089400000, 0x0000000089400000| Untracked 
| 149|0x0000000089500000, 0x0000000089500000, 0x0000000089600000|  0%| F|  |TAMS 0x0000000089500000, 0x0000000089500000| Untracked 
| 150|0x0000000089600000, 0x0000000089600000, 0x0000000089700000|  0%| F|  |TAMS 0x0000000089600000, 0x0000000089600000| Untracked 
| 151|0x0000000089700000, 0x0000000089700000, 0x0000000089800000|  0%| F|  |TAMS 0x0000000089700000, 0x0000000089700000| Untracked 
| 152|0x0000000089800000, 0x0000000089800000, 0x0000000089900000|  0%| F|  |TAMS 0x0000000089800000, 0x0000000089800000| Untracked 
| 153|0x0000000089900000, 0x0000000089900000, 0x0000000089a00000|  0%| F|  |TAMS 0x0000000089900000, 0x0000000089900000| Untracked 
| 154|0x0000000089a00000, 0x0000000089a00000, 0x0000000089b00000|  0%| F|  |TAMS 0x0000000089a00000, 0x0000000089a00000| Untracked 
| 155|0x0000000089b00000, 0x0000000089b00000, 0x0000000089c00000|  0%| F|  |TAMS 0x0000000089b00000, 0x0000000089b00000| Untracked 
| 156|0x0000000089c00000, 0x0000000089c00000, 0x0000000089d00000|  0%| F|  |TAMS 0x0000000089c00000, 0x0000000089c00000| Untracked 
| 157|0x0000000089d00000, 0x0000000089d00000, 0x0000000089e00000|  0%| F|  |TAMS 0x0000000089d00000, 0x0000000089d00000| Untracked 
| 158|0x0000000089e00000, 0x0000000089e00000, 0x0000000089f00000|  0%| F|  |TAMS 0x0000000089e00000, 0x0000000089e00000| Untracked 
| 159|0x0000000089f00000, 0x0000000089f00000, 0x000000008a000000|  0%| F|  |TAMS 0x0000000089f00000, 0x0000000089f00000| Untracked 
| 160|0x000000008a000000, 0x000000008a000000, 0x000000008a100000|  0%| F|  |TAMS 0x000000008a000000, 0x000000008a000000| Untracked 
| 161|0x000000008a100000, 0x000000008a100000, 0x000000008a200000|  0%| F|  |TAMS 0x000000008a100000, 0x000000008a100000| Untracked 
| 162|0x000000008a200000, 0x000000008a200000, 0x000000008a300000|  0%| F|  |TAMS 0x000000008a200000, 0x000000008a200000| Untracked 
| 163|0x000000008a300000, 0x000000008a300000, 0x000000008a400000|  0%| F|  |TAMS 0x000000008a300000, 0x000000008a300000| Untracked 
| 164|0x000000008a400000, 0x000000008a400000, 0x000000008a500000|  0%| F|  |TAMS 0x000000008a400000, 0x000000008a400000| Untracked 
| 165|0x000000008a500000, 0x000000008a500000, 0x000000008a600000|  0%| F|  |TAMS 0x000000008a500000, 0x000000008a500000| Untracked 
| 166|0x000000008a600000, 0x000000008a600000, 0x000000008a700000|  0%| F|  |TAMS 0x000000008a600000, 0x000000008a600000| Untracked 
| 167|0x000000008a700000, 0x000000008a700000, 0x000000008a800000|  0%| F|  |TAMS 0x000000008a700000, 0x000000008a700000| Untracked 
| 168|0x000000008a800000, 0x000000008a800000, 0x000000008a900000|  0%| F|  |TAMS 0x000000008a800000, 0x000000008a800000| Untracked 
| 169|0x000000008a900000, 0x000000008a900000, 0x000000008aa00000|  0%| F|  |TAMS 0x000000008a900000, 0x000000008a900000| Untracked 
| 170|0x000000008aa00000, 0x000000008aa00000, 0x000000008ab00000|  0%| F|  |TAMS 0x000000008aa00000, 0x000000008aa00000| Untracked 
| 171|0x000000008ab00000, 0x000000008ab00000, 0x000000008ac00000|  0%| F|  |TAMS 0x000000008ab00000, 0x000000008ab00000| Untracked 
| 172|0x000000008ac00000, 0x000000008ac00000, 0x000000008ad00000|  0%| F|  |TAMS 0x000000008ac00000, 0x000000008ac00000| Untracked 
| 173|0x000000008ad00000, 0x000000008ad00000, 0x000000008ae00000|  0%| F|  |TAMS 0x000000008ad00000, 0x000000008ad00000| Untracked 
| 174|0x000000008ae00000, 0x000000008ae00000, 0x000000008af00000|  0%| F|  |TAMS 0x000000008ae00000, 0x000000008ae00000| Untracked 
| 175|0x000000008af00000, 0x000000008af00000, 0x000000008b000000|  0%| F|  |TAMS 0x000000008af00000, 0x000000008af00000| Untracked 
| 176|0x000000008b000000, 0x000000008b000000, 0x000000008b100000|  0%| F|  |TAMS 0x000000008b000000, 0x000000008b000000| Untracked 
| 177|0x000000008b100000, 0x000000008b100000, 0x000000008b200000|  0%| F|  |TAMS 0x000000008b100000, 0x000000008b100000| Untracked 
| 178|0x000000008b200000, 0x000000008b200000, 0x000000008b300000|  0%| F|  |TAMS 0x000000008b200000, 0x000000008b200000| Untracked 
| 179|0x000000008b300000, 0x000000008b300000, 0x000000008b400000|  0%| F|  |TAMS 0x000000008b300000, 0x000000008b300000| Untracked 
| 180|0x000000008b400000, 0x000000008b400000, 0x000000008b500000|  0%| F|  |TAMS 0x000000008b400000, 0x000000008b400000| Untracked 
| 181|0x000000008b500000, 0x000000008b500000, 0x000000008b600000|  0%| F|  |TAMS 0x000000008b500000, 0x000000008b500000| Untracked 
| 182|0x000000008b600000, 0x000000008b600000, 0x000000008b700000|  0%| F|  |TAMS 0x000000008b600000, 0x000000008b600000| Untracked 
| 183|0x000000008b700000, 0x000000008b700000, 0x000000008b800000|  0%| F|  |TAMS 0x000000008b700000, 0x000000008b700000| Untracked 
| 184|0x000000008b800000, 0x000000008b800000, 0x000000008b900000|  0%| F|  |TAMS 0x000000008b800000, 0x000000008b800000| Untracked 
| 185|0x000000008b900000, 0x000000008b900000, 0x000000008ba00000|  0%| F|  |TAMS 0x000000008b900000, 0x000000008b900000| Untracked 
| 186|0x000000008ba00000, 0x000000008ba00000, 0x000000008bb00000|  0%| F|  |TAMS 0x000000008ba00000, 0x000000008ba00000| Untracked 
| 187|0x000000008bb00000, 0x000000008bb00000, 0x000000008bc00000|  0%| F|  |TAMS 0x000000008bb00000, 0x000000008bb00000| Untracked 
| 188|0x000000008bc00000, 0x000000008bc00000, 0x000000008bd00000|  0%| F|  |TAMS 0x000000008bc00000, 0x000000008bc00000| Untracked 
| 189|0x000000008bd00000, 0x000000008bd00000, 0x000000008be00000|  0%| F|  |TAMS 0x000000008bd00000, 0x000000008bd00000| Untracked 
| 190|0x000000008be00000, 0x000000008be00000, 0x000000008bf00000|  0%| F|  |TAMS 0x000000008be00000, 0x000000008be00000| Untracked 
| 191|0x000000008bf00000, 0x000000008bf00000, 0x000000008c000000|  0%| F|  |TAMS 0x000000008bf00000, 0x000000008bf00000| Untracked 
| 192|0x000000008c000000, 0x000000008c000000, 0x000000008c100000|  0%| F|  |TAMS 0x000000008c000000, 0x000000008c000000| Untracked 
| 193|0x000000008c100000, 0x000000008c100000, 0x000000008c200000|  0%| F|  |TAMS 0x000000008c100000, 0x000000008c100000| Untracked 
| 194|0x000000008c200000, 0x000000008c200000, 0x000000008c300000|  0%| F|  |TAMS 0x000000008c200000, 0x000000008c200000| Untracked 
| 195|0x000000008c300000, 0x000000008c300000, 0x000000008c400000|  0%| F|  |TAMS 0x000000008c300000, 0x000000008c300000| Untracked 
| 196|0x000000008c400000, 0x000000008c400000, 0x000000008c500000|  0%| F|  |TAMS 0x000000008c400000, 0x000000008c400000| Untracked 
| 197|0x000000008c500000, 0x000000008c500000, 0x000000008c600000|  0%| F|  |TAMS 0x000000008c500000, 0x000000008c500000| Untracked 
| 198|0x000000008c600000, 0x000000008c600000, 0x000000008c700000|  0%| F|  |TAMS 0x000000008c600000, 0x000000008c600000| Untracked 
| 199|0x000000008c700000, 0x000000008c700000, 0x000000008c800000|  0%| F|  |TAMS 0x000000008c700000, 0x000000008c700000| Untracked 
| 200|0x000000008c800000, 0x000000008c800000, 0x000000008c900000|  0%| F|  |TAMS 0x000000008c800000, 0x000000008c800000| Untracked 
| 201|0x000000008c900000, 0x000000008c900000, 0x000000008ca00000|  0%| F|  |TAMS 0x000000008c900000, 0x000000008c900000| Untracked 
| 202|0x000000008ca00000, 0x000000008ca00000, 0x000000008cb00000|  0%| F|  |TAMS 0x000000008ca00000, 0x000000008ca00000| Untracked 
| 203|0x000000008cb00000, 0x000000008cb00000, 0x000000008cc00000|  0%| F|  |TAMS 0x000000008cb00000, 0x000000008cb00000| Untracked 
| 204|0x000000008cc00000, 0x000000008cc00000, 0x000000008cd00000|  0%| F|  |TAMS 0x000000008cc00000, 0x000000008cc00000| Untracked 
| 205|0x000000008cd00000, 0x000000008cd00000, 0x000000008ce00000|  0%| F|  |TAMS 0x000000008cd00000, 0x000000008cd00000| Untracked 
| 206|0x000000008ce00000, 0x000000008ce00000, 0x000000008cf00000|  0%| F|  |TAMS 0x000000008ce00000, 0x000000008ce00000| Untracked 
| 207|0x000000008cf00000, 0x000000008cf00000, 0x000000008d000000|  0%| F|  |TAMS 0x000000008cf00000, 0x000000008cf00000| Untracked 
| 208|0x000000008d000000, 0x000000008d080800, 0x000000008d100000| 50%| E|  |TAMS 0x000000008d000000, 0x000000008d000000| Complete 
| 209|0x000000008d100000, 0x000000008d200000, 0x000000008d200000|100%| E|CS|TAMS 0x000000008d100000, 0x000000008d100000| Complete 
| 210|0x000000008d200000, 0x000000008d300000, 0x000000008d300000|100%| E|CS|TAMS 0x000000008d200000, 0x000000008d200000| Complete 
| 211|0x000000008d300000, 0x000000008d400000, 0x000000008d400000|100%| E|CS|TAMS 0x000000008d300000, 0x000000008d300000| Complete 
| 212|0x000000008d400000, 0x000000008d500000, 0x000000008d500000|100%| E|CS|TAMS 0x000000008d400000, 0x000000008d400000| Complete 
| 213|0x000000008d500000, 0x000000008d600000, 0x000000008d600000|100%| E|CS|TAMS 0x000000008d500000, 0x000000008d500000| Complete 
| 214|0x000000008d600000, 0x000000008d700000, 0x000000008d700000|100%| E|CS|TAMS 0x000000008d600000, 0x000000008d600000| Complete 
| 215|0x000000008d700000, 0x000000008d800000, 0x000000008d800000|100%| E|CS|TAMS 0x000000008d700000, 0x000000008d700000| Complete 
| 216|0x000000008d800000, 0x000000008d900000, 0x000000008d900000|100%| E|CS|TAMS 0x000000008d800000, 0x000000008d800000| Complete 
| 217|0x000000008d900000, 0x000000008da00000, 0x000000008da00000|100%| E|CS|TAMS 0x000000008d900000, 0x000000008d900000| Complete 
| 218|0x000000008da00000, 0x000000008db00000, 0x000000008db00000|100%| E|CS|TAMS 0x000000008da00000, 0x000000008da00000| Complete 
| 219|0x000000008db00000, 0x000000008dc00000, 0x000000008dc00000|100%| E|CS|TAMS 0x000000008db00000, 0x000000008db00000| Complete 
| 220|0x000000008dc00000, 0x000000008dd00000, 0x000000008dd00000|100%| E|CS|TAMS 0x000000008dc00000, 0x000000008dc00000| Complete 
| 221|0x000000008dd00000, 0x000000008de00000, 0x000000008de00000|100%| E|CS|TAMS 0x000000008dd00000, 0x000000008dd00000| Complete 
| 222|0x000000008de00000, 0x000000008df00000, 0x000000008df00000|100%| E|CS|TAMS 0x000000008de00000, 0x000000008de00000| Complete 
| 223|0x000000008df00000, 0x000000008e000000, 0x000000008e000000|100%| E|CS|TAMS 0x000000008df00000, 0x000000008df00000| Complete 
| 224|0x000000008e000000, 0x000000008e100000, 0x000000008e100000|100%| E|CS|TAMS 0x000000008e000000, 0x000000008e000000| Complete 
| 225|0x000000008e100000, 0x000000008e200000, 0x000000008e200000|100%| E|CS|TAMS 0x000000008e100000, 0x000000008e100000| Complete 
| 226|0x000000008e200000, 0x000000008e300000, 0x000000008e300000|100%| E|CS|TAMS 0x000000008e200000, 0x000000008e200000| Complete 
| 227|0x000000008e300000, 0x000000008e400000, 0x000000008e400000|100%| E|CS|TAMS 0x000000008e300000, 0x000000008e300000| Complete 
| 228|0x000000008e400000, 0x000000008e500000, 0x000000008e500000|100%| E|CS|TAMS 0x000000008e400000, 0x000000008e400000| Complete 
| 229|0x000000008e500000, 0x000000008e600000, 0x000000008e600000|100%| E|CS|TAMS 0x000000008e500000, 0x000000008e500000| Complete 
| 230|0x000000008e600000, 0x000000008e700000, 0x000000008e700000|100%| E|CS|TAMS 0x000000008e600000, 0x000000008e600000| Complete 
| 231|0x000000008e700000, 0x000000008e800000, 0x000000008e800000|100%| E|CS|TAMS 0x000000008e700000, 0x000000008e700000| Complete 
| 232|0x000000008e800000, 0x000000008e900000, 0x000000008e900000|100%| E|CS|TAMS 0x000000008e800000, 0x000000008e800000| Complete 
| 233|0x000000008e900000, 0x000000008ea00000, 0x000000008ea00000|100%| E|CS|TAMS 0x000000008e900000, 0x000000008e900000| Complete 
| 234|0x000000008ea00000, 0x000000008eb00000, 0x000000008eb00000|100%| E|CS|TAMS 0x000000008ea00000, 0x000000008ea00000| Complete 
| 235|0x000000008eb00000, 0x000000008ec00000, 0x000000008ec00000|100%| E|CS|TAMS 0x000000008eb00000, 0x000000008eb00000| Complete 
| 236|0x000000008ec00000, 0x000000008ed00000, 0x000000008ed00000|100%| E|CS|TAMS 0x000000008ec00000, 0x000000008ec00000| Complete 
| 237|0x000000008ed00000, 0x000000008ee00000, 0x000000008ee00000|100%| E|CS|TAMS 0x000000008ed00000, 0x000000008ed00000| Complete 
| 238|0x000000008ee00000, 0x000000008ef00000, 0x000000008ef00000|100%| E|CS|TAMS 0x000000008ee00000, 0x000000008ee00000| Complete 
| 239|0x000000008ef00000, 0x000000008f000000, 0x000000008f000000|100%| E|CS|TAMS 0x000000008ef00000, 0x000000008ef00000| Complete 
| 240|0x000000008f000000, 0x000000008f100000, 0x000000008f100000|100%| E|CS|TAMS 0x000000008f000000, 0x000000008f000000| Complete 
| 241|0x000000008f100000, 0x000000008f200000, 0x000000008f200000|100%| E|CS|TAMS 0x000000008f100000, 0x000000008f100000| Complete 
| 242|0x000000008f200000, 0x000000008f300000, 0x000000008f300000|100%| E|CS|TAMS 0x000000008f200000, 0x000000008f200000| Complete 
| 243|0x000000008f300000, 0x000000008f400000, 0x000000008f400000|100%| E|CS|TAMS 0x000000008f300000, 0x000000008f300000| Complete 
| 244|0x000000008f400000, 0x000000008f500000, 0x000000008f500000|100%| E|CS|TAMS 0x000000008f400000, 0x000000008f400000| Complete 
| 245|0x000000008f500000, 0x000000008f600000, 0x000000008f600000|100%| E|CS|TAMS 0x000000008f500000, 0x000000008f500000| Complete 
| 246|0x000000008f600000, 0x000000008f700000, 0x000000008f700000|100%| E|CS|TAMS 0x000000008f600000, 0x000000008f600000| Complete 
| 247|0x000000008f700000, 0x000000008f800000, 0x000000008f800000|100%| E|CS|TAMS 0x000000008f700000, 0x000000008f700000| Complete 
| 248|0x000000008f800000, 0x000000008f900000, 0x000000008f900000|100%| E|CS|TAMS 0x000000008f800000, 0x000000008f800000| Complete 
| 249|0x000000008f900000, 0x000000008fa00000, 0x000000008fa00000|100%| E|CS|TAMS 0x000000008f900000, 0x000000008f900000| Complete 
| 250|0x000000008fa00000, 0x000000008fb00000, 0x000000008fb00000|100%| E|CS|TAMS 0x000000008fa00000, 0x000000008fa00000| Complete 
| 251|0x000000008fb00000, 0x000000008fc00000, 0x000000008fc00000|100%| E|CS|TAMS 0x000000008fb00000, 0x000000008fb00000| Complete 
| 252|0x000000008fc00000, 0x000000008fd00000, 0x000000008fd00000|100%| E|CS|TAMS 0x000000008fc00000, 0x000000008fc00000| Complete 
| 253|0x000000008fd00000, 0x000000008fe00000, 0x000000008fe00000|100%| E|CS|TAMS 0x000000008fd00000, 0x000000008fd00000| Complete 
| 254|0x000000008fe00000, 0x000000008ff00000, 0x000000008ff00000|100%| E|CS|TAMS 0x000000008fe00000, 0x000000008fe00000| Complete 
| 255|0x000000008ff00000, 0x0000000090000000, 0x0000000090000000|100%| E|CS|TAMS 0x000000008ff00000, 0x000000008ff00000| Complete 

Card table byte_map: [0x00000205ac930000,0x00000205acd30000] _byte_map_base: 0x00000205ac530000

Marking Bits (Prev, Next): (CMBitMap*) 0x0000020599502008, (CMBitMap*) 0x0000020599502040
 Prev Bits: [0x00000205ad130000, 0x00000205af130000)
 Next Bits: [0x00000205af130000, 0x00000205b1130000)

Polling page: 0x00000205974a0000

Metaspace:

Usage:
  Non-class:     50.86 MB capacity,    49.96 MB ( 98%) used,   761.44 KB (  1%) free+waste,   160.38 KB ( <1%) overhead. 
      Class:      7.71 MB capacity,     7.18 MB ( 93%) used,   472.36 KB (  6%) free+waste,    75.75 KB ( <1%) overhead. 
       Both:     58.57 MB capacity,    57.14 MB ( 98%) used,     1.20 MB (  2%) free+waste,   236.13 KB ( <1%) overhead. 

Virtual space:
  Non-class space:       52.00 MB reserved,      51.08 MB ( 98%) committed 
      Class space:        1.00 GB reserved,       7.75 MB ( <1%) committed 
             Both:        1.05 GB reserved,      58.83 MB (  5%) committed 

Chunk freelists:
   Non-Class:  31.00 KB
       Class:  5.00 KB
        Both:  36.00 KB

MaxMetaspaceSize: 17179869184.00 GB
CompressedClassSpaceSize: 1.00 GB
Initial GC threshold: 20.80 MB
Current GC threshold: 58.88 MB
CDS: off

CodeHeap 'non-profiled nmethods': size=120000Kb used=3465Kb max_used=3465Kb free=116535Kb
 bounds [0x00000205a4ab0000, 0x00000205a4e20000, 0x00000205abfe0000]
CodeHeap 'profiled nmethods': size=120000Kb used=11822Kb max_used=11822Kb free=108177Kb
 bounds [0x000002059d580000, 0x000002059e110000, 0x00000205a4ab0000]
CodeHeap 'non-nmethods': size=5760Kb used=2314Kb max_used=2357Kb free=3445Kb
 bounds [0x000002059cfe0000, 0x000002059d250000, 0x000002059d580000]
 total_blobs=6655 nmethods=5834 adapters=733
 compilation: enabled
              stopped_count=0, restarted_count=0
 full_count=0

Compilation events (20 events):
Event: 6.836 Thread 0x00000205b468e000 5812       3       org.gradle.api.internal.provider.AbstractProperty::attachOwner (6 bytes)
Event: 6.836 Thread 0x00000205b468e000 nmethod 5812 0x000002059e0f8f10 code [0x000002059e0f90c0, 0x000002059e0f9218]
Event: 6.844 Thread 0x00000205b468e000 5813       1       org.gradle.api.services.internal.DefaultBuildServicesRegistry$DefaultServiceRegistration::getName (5 bytes)
Event: 6.844 Thread 0x00000205b468e000 nmethod 5813 0x00000205a4e06190 code [0x00000205a4e06340, 0x00000205a4e063f8]
Event: 6.845 Thread 0x00000205b468e000 5814       3       org.gradle.internal.instantiation.generator.ManagedObjectFactory::getObjectFactory (15 bytes)
Event: 6.845 Thread 0x00000205b468e000 nmethod 5814 0x000002059e0f9290 code [0x000002059e0f9460, 0x000002059e0f9728]
Event: 6.863 Thread 0x00000205b468e000 5815       3       org.gradle.internal.instantiation.generator.ManagedObjectFactory::newInstance (160 bytes)
Event: 6.864 Thread 0x00000205b468e000 nmethod 5815 0x000002059e0f9810 code [0x000002059e0f9d60, 0x000002059e0fcb98]
Event: 6.864 Thread 0x00000205b468e000 5816       3       org.gradle.internal.service.DefaultServiceRegistry::add (23 bytes)
Event: 6.865 Thread 0x00000205b468e000 nmethod 5816 0x000002059e0fd610 code [0x000002059e0fd880, 0x000002059e0fe3d8]
Event: 6.865 Thread 0x00000205b468e000 5817       3       org.gradle.internal.service.DefaultServiceRegistry$FixedInstanceService::<init> (12 bytes)
Event: 6.865 Thread 0x00000205b468e000 nmethod 5817 0x000002059e0fe890 code [0x000002059e0feae0, 0x000002059e0ff4d8]
Event: 6.865 Thread 0x00000205b468e000 5818       3       java.lang.Class::isMemberClass (20 bytes)
Event: 6.865 Thread 0x00000205b468e000 nmethod 5818 0x000002059e0ff890 code [0x000002059e0ffa80, 0x000002059e0ffda8]
Event: 6.865 Thread 0x00000205b468e000 5820       3       org.gradle.api.internal.provider.ValueSupplier$Value::ofNullable (23 bytes)
Event: 6.865 Thread 0x00000205b468e000 nmethod 5820 0x000002059e0fff10 code [0x000002059e1000e0, 0x000002059e100498]
Event: 6.865 Thread 0x00000205b468e000 5821       3       org.gradle.api.internal.provider.ValueSupplier$Missing::asType (8 bytes)
Event: 6.866 Thread 0x00000205b468e000 nmethod 5821 0x000002059e100610 code [0x000002059e1007c0, 0x000002059e100918]
Event: 6.866 Thread 0x00000205b468e000 5822       3       org.gradle.api.internal.provider.DefaultValueSourceProviderFactory$ValueSourceProvider::calculateOwnValue (14 bytes)
Event: 6.867 Thread 0x00000205b468e000 nmethod 5822 0x000002059e100a10 code [0x000002059e100ca0, 0x000002059e101898]

GC Heap History (12 events):
Event: 0.666 GC heap before
{Heap before GC invocations=0 (full 0):
 garbage-first heap   total 262144K, used 29696K [0x0000000080000000, 0x0000000100000000)
  region size 1024K, 24 young (24576K), 0 survivors (0K)
 Metaspace       used 9780K, capacity 9968K, committed 10112K, reserved 1058816K
  class space    used 1005K, capacity 1069K, committed 1152K, reserved 1048576K
}
Event: 0.669 GC heap after
{Heap after GC invocations=1 (full 0):
 garbage-first heap   total 262144K, used 9250K [0x0000000080000000, 0x0000000100000000)
  region size 1024K, 3 young (3072K), 3 survivors (3072K)
 Metaspace       used 9780K, capacity 9968K, committed 10112K, reserved 1058816K
  class space    used 1005K, capacity 1069K, committed 1152K, reserved 1048576K
}
Event: 2.788 GC heap before
{Heap before GC invocations=1 (full 0):
 garbage-first heap   total 262144K, used 113698K [0x0000000080000000, 0x0000000100000000)
  region size 1024K, 106 young (108544K), 3 survivors (3072K)
 Metaspace       used 20755K, capacity 21197K, committed 21296K, reserved 1069056K
  class space    used 2528K, capacity 2684K, committed 2688K, reserved 1048576K
}
Event: 2.798 GC heap after
{Heap after GC invocations=2 (full 0):
 garbage-first heap   total 262144K, used 17271K [0x0000000080000000, 0x0000000100000000)
  region size 1024K, 11 young (11264K), 11 survivors (11264K)
 Metaspace       used 20755K, capacity 21197K, committed 21296K, reserved 1069056K
  class space    used 2528K, capacity 2684K, committed 2688K, reserved 1048576K
}
Event: 3.315 GC heap before
{Heap before GC invocations=3 (full 0):
 garbage-first heap   total 262144K, used 77687K [0x0000000080000000, 0x0000000100000000)
  region size 1024K, 70 young (71680K), 11 survivors (11264K)
 Metaspace       used 26911K, capacity 27486K, committed 27696K, reserved 1073152K
  class space    used 3485K, capacity 3705K, committed 3712K, reserved 1048576K
}
Event: 3.321 GC heap after
{Heap after GC invocations=4 (full 0):
 garbage-first heap   total 262144K, used 19062K [0x0000000080000000, 0x0000000100000000)
  region size 1024K, 3 young (3072K), 3 survivors (3072K)
 Metaspace       used 26911K, capacity 27486K, committed 27696K, reserved 1073152K
  class space    used 3485K, capacity 3705K, committed 3712K, reserved 1048576K
}
Event: 3.916 GC heap before
{Heap before GC invocations=4 (full 0):
 garbage-first heap   total 262144K, used 73334K [0x0000000080000000, 0x0000000100000000)
  region size 1024K, 57 young (58368K), 3 survivors (3072K)
 Metaspace       used 35012K, capacity 35778K, committed 35920K, reserved 1081344K
  class space    used 4492K, capacity 4790K, committed 4864K, reserved 1048576K
}
Event: 3.924 GC heap after
{Heap after GC invocations=5 (full 0):
 garbage-first heap   total 262144K, used 22109K [0x0000000080000000, 0x0000000100000000)
  region size 1024K, 6 young (6144K), 6 survivors (6144K)
 Metaspace       used 35012K, capacity 35778K, committed 35920K, reserved 1081344K
  class space    used 4492K, capacity 4790K, committed 4864K, reserved 1048576K
}
Event: 4.905 GC heap before
{Heap before GC invocations=6 (full 0):
 garbage-first heap   total 262144K, used 140893K [0x0000000080000000, 0x0000000100000000)
  region size 1024K, 119 young (121856K), 6 survivors (6144K)
 Metaspace       used 44805K, capacity 45810K, committed 45904K, reserved 1089536K
  class space    used 5670K, capacity 6072K, committed 6144K, reserved 1048576K
}
Event: 4.913 GC heap after
{Heap after GC invocations=7 (full 0):
 garbage-first heap   total 262144K, used 29120K [0x0000000080000000, 0x0000000100000000)
  region size 1024K, 13 young (13312K), 13 survivors (13312K)
 Metaspace       used 44805K, capacity 45810K, committed 45904K, reserved 1089536K
  class space    used 5670K, capacity 6072K, committed 6144K, reserved 1048576K
}
Event: 5.962 GC heap before
{Heap before GC invocations=7 (full 0):
 garbage-first heap   total 262144K, used 171456K [0x0000000080000000, 0x0000000100000000)
  region size 1024K, 143 young (146432K), 13 survivors (13312K)
 Metaspace       used 51580K, capacity 53011K, committed 53328K, reserved 1095680K
  class space    used 6536K, capacity 7075K, committed 7168K, reserved 1048576K
}
Event: 5.972 GC heap after
{Heap after GC invocations=8 (full 0):
 garbage-first heap   total 262144K, used 49549K [0x0000000080000000, 0x0000000100000000)
  region size 1024K, 18 young (18432K), 18 survivors (18432K)
 Metaspace       used 51580K, capacity 53011K, committed 53328K, reserved 1095680K
  class space    used 6536K, capacity 7075K, committed 7168K, reserved 1048576K
}

Deoptimization events (20 events):
Event: 6.198 Thread 0x00000205b779e800 DEOPT PACKING pc=0x000002059d7d0897 sp=0x000000f90daf66c0
Event: 6.198 Thread 0x00000205b779e800 DEOPT UNPACKING pc=0x000002059d02a95e sp=0x000000f90daf5c48 mode 0
Event: 6.199 Thread 0x00000205b779e800 DEOPT PACKING pc=0x000002059d7d0897 sp=0x000000f90daf66c0
Event: 6.199 Thread 0x00000205b779e800 DEOPT UNPACKING pc=0x000002059d02a95e sp=0x000000f90daf5c48 mode 0
Event: 6.201 Thread 0x00000205b779e800 DEOPT PACKING pc=0x000002059d7d0897 sp=0x000000f90daf66c0
Event: 6.201 Thread 0x00000205b779e800 DEOPT UNPACKING pc=0x000002059d02a95e sp=0x000000f90daf5c48 mode 0
Event: 6.202 Thread 0x00000205b779e800 DEOPT PACKING pc=0x000002059d7d0897 sp=0x000000f90daf66c0
Event: 6.202 Thread 0x00000205b779e800 DEOPT UNPACKING pc=0x000002059d02a95e sp=0x000000f90daf5c48 mode 0
Event: 6.203 Thread 0x00000205b779e800 DEOPT PACKING pc=0x000002059d7d0897 sp=0x000000f90daf66c0
Event: 6.203 Thread 0x00000205b779e800 DEOPT UNPACKING pc=0x000002059d02a95e sp=0x000000f90daf5c48 mode 0
Event: 6.204 Thread 0x00000205b779e800 DEOPT PACKING pc=0x000002059d7d0897 sp=0x000000f90daf6820
Event: 6.204 Thread 0x00000205b779e800 DEOPT UNPACKING pc=0x000002059d02a95e sp=0x000000f90daf5da8 mode 0
Event: 6.206 Thread 0x00000205b779e800 DEOPT PACKING pc=0x000002059d7d0897 sp=0x000000f90daf66c0
Event: 6.206 Thread 0x00000205b779e800 DEOPT UNPACKING pc=0x000002059d02a95e sp=0x000000f90daf5c48 mode 0
Event: 6.207 Thread 0x00000205b779e800 DEOPT PACKING pc=0x000002059d7d0897 sp=0x000000f90daf67a0
Event: 6.207 Thread 0x00000205b779e800 DEOPT UNPACKING pc=0x000002059d02a95e sp=0x000000f90daf5d28 mode 0
Event: 6.286 Thread 0x00000205b779e800 Uncommon trap: trap_request=0xffffff4d fr.pc=0x00000205a4d1c904 relative=0x0000000000000324
Event: 6.286 Thread 0x00000205b779e800 Uncommon trap: reason=unstable_if action=reinterpret pc=0x00000205a4d1c904 method=org.gradle.internal.instantiation.generator.AbstractClassGenerator$InjectionAnnotationValidator.validateMethod(Ljava/lang/reflect/Method;Lorg/gradle/internal/reflect/Propert
Event: 6.286 Thread 0x00000205b779e800 DEOPT PACKING pc=0x00000205a4d1c904 sp=0x000000f90daf7be0
Event: 6.286 Thread 0x00000205b779e800 DEOPT UNPACKING pc=0x000002059d02a1af sp=0x000000f90daf7ba8 mode 2

Classes redefined (0 events):
No events

Internal exceptions (20 events):
Event: 5.667 Thread 0x00000205b779e800 Exception <a 'java/security/PrivilegedActionException'{0x0000000089b23c90}> (0x0000000089b23c90) thrown at [./src/hotspot/share/prims/jvm.cpp, line 1306]
Event: 5.667 Thread 0x00000205b779e800 Exception <a 'java/security/PrivilegedActionException'{0x0000000089b24f50}> (0x0000000089b24f50) thrown at [./src/hotspot/share/prims/jvm.cpp, line 1306]
Event: 5.667 Thread 0x00000205b779e800 Exception <a 'java/security/PrivilegedActionException'{0x0000000089b27b30}> (0x0000000089b27b30) thrown at [./src/hotspot/share/prims/jvm.cpp, line 1306]
Event: 5.667 Thread 0x00000205b779e800 Exception <a 'java/security/PrivilegedActionException'{0x0000000089b28df0}> (0x0000000089b28df0) thrown at [./src/hotspot/share/prims/jvm.cpp, line 1306]
Event: 5.667 Thread 0x00000205b779e800 Exception <a 'java/security/PrivilegedActionException'{0x0000000089b2ba98}> (0x0000000089b2ba98) thrown at [./src/hotspot/share/prims/jvm.cpp, line 1306]
Event: 5.667 Thread 0x00000205b779e800 Exception <a 'java/security/PrivilegedActionException'{0x0000000089b2cd58}> (0x0000000089b2cd58) thrown at [./src/hotspot/share/prims/jvm.cpp, line 1306]
Event: 5.668 Thread 0x00000205b779e800 Exception <a 'java/security/PrivilegedActionException'{0x0000000089b2f950}> (0x0000000089b2f950) thrown at [./src/hotspot/share/prims/jvm.cpp, line 1306]
Event: 5.668 Thread 0x00000205b779e800 Exception <a 'java/security/PrivilegedActionException'{0x0000000089b30c10}> (0x0000000089b30c10) thrown at [./src/hotspot/share/prims/jvm.cpp, line 1306]
Event: 5.668 Thread 0x00000205b779e800 Exception <a 'java/security/PrivilegedActionException'{0x0000000089b33848}> (0x0000000089b33848) thrown at [./src/hotspot/share/prims/jvm.cpp, line 1306]
Event: 5.668 Thread 0x00000205b779e800 Exception <a 'java/security/PrivilegedActionException'{0x0000000089b34b08}> (0x0000000089b34b08) thrown at [./src/hotspot/share/prims/jvm.cpp, line 1306]
Event: 5.668 Thread 0x00000205b779e800 Exception <a 'java/security/PrivilegedActionException'{0x0000000089b377b0}> (0x0000000089b377b0) thrown at [./src/hotspot/share/prims/jvm.cpp, line 1306]
Event: 5.668 Thread 0x00000205b779e800 Exception <a 'java/security/PrivilegedActionException'{0x0000000089b38a70}> (0x0000000089b38a70) thrown at [./src/hotspot/share/prims/jvm.cpp, line 1306]
Event: 5.715 Thread 0x00000205b779e800 Exception <a 'java/lang/ClassNotFoundException'{0x00000000892aba18}: org/gradle/api/internal/plugins/DefaultObjectConfigurationActionBeanInfo> (0x00000000892aba18) thrown at [./src/hotspot/share/classfile/systemDictionary.cpp, line 231]
Event: 5.715 Thread 0x00000205b779e800 Exception <a 'java/lang/ClassNotFoundException'{0x00000000892e2420}: org/gradle/api/internal/plugins/DefaultObjectConfigurationActionCustomizer> (0x00000000892e2420) thrown at [./src/hotspot/share/classfile/systemDictionary.cpp, line 231]
Event: 5.831 Thread 0x00000205b779e800 Exception <a 'java/lang/NoSuchMethodError'{0x0000000087ad6208}: 'java.lang.Object java.lang.invoke.DirectMethodHandle$Holder.invokeStatic(java.lang.Object, java.lang.Object, java.lang.Object, java.lang.Object, int)'> (0x0000000087ad6208) thrown at [./src/hotspot/share/interpreter/linkResolver.cpp, line 773]
Event: 5.831 Thread 0x00000205b779e800 Exception <a 'java/lang/NoSuchMethodError'{0x0000000087adac00}: 'java.lang.Object java.lang.invoke.DirectMethodHandle$Holder.invokeSpecial(java.lang.Object, java.lang.Object, java.lang.Object, java.lang.Object, java.lang.Object, int)'> (0x0000000087adac00) thrown at [./src/hotspot/share/interpreter/linkResolver.cpp, line 773]
Event: 5.832 Thread 0x00000205b779e800 Exception <a 'java/lang/NoSuchMethodError'{0x0000000087adf240}: 'java.lang.Object java.lang.invoke.Invokers$Holder.linkToTargetMethod(java.lang.Object, java.lang.Object, java.lang.Object, int, java.lang.Object)'> (0x0000000087adf240) thrown at [./src/hotspot/share/interpreter/linkResolver.cpp, line 773]
Event: 6.055 Thread 0x00000205b779e800 Exception <a 'java/lang/NoSuchMethodError'{0x000000008f9985d8}: 'java.lang.Object java.lang.invoke.DirectMethodHandle$Holder.invokeSpecial(java.lang.Object, java.lang.Object, int, int, java.lang.Object, java.lang.Object, java.lang.Object)'> (0x000000008f9985d8) thrown at [./src/hotspot/share/interpreter/linkResolver.cpp, line 773]
Event: 6.056 Thread 0x00000205b779e800 Exception <a 'java/lang/NoSuchMethodError'{0x000000008f99cb58}: 'java.lang.Object java.lang.invoke.DelegatingMethodHandle$Holder.reinvoke_L(java.lang.Object, int, int, java.lang.Object, java.lang.Object, java.lang.Object)'> (0x000000008f99cb58) thrown at [./src/hotspot/share/interpreter/linkResolver.cpp, line 773]
Event: 6.272 Thread 0x00000205b779e800 Exception <a 'java/lang/NoSuchMethodError'{0x000000008ec9d128}: 'int java.lang.invoke.DirectMethodHandle$Holder.invokeInterface(java.lang.Object, java.lang.Object, java.lang.Object, java.lang.Object)'> (0x000000008ec9d128) thrown at [./src/hotspot/share/interpreter/linkResolver.cpp, line 773]

Events (20 events):
Event: 6.834 loading class com/android/build/gradle/internal/services/ClassesHierarchyBuildService
Event: 6.834 loading class com/android/build/gradle/internal/services/ClassesHierarchyBuildService done
Event: 6.835 loading class com/android/build/gradle/internal/lint/LintFixBuildService$RegistrationAction
Event: 6.835 loading class com/android/build/gradle/internal/lint/LintFixBuildService$RegistrationAction done
Event: 6.844 loading class com/android/build/gradle/internal/lint/LintFixBuildService
Event: 6.844 loading class com/android/build/gradle/internal/lint/LintFixBuildService done
Event: 6.844 loading class com/android/build/gradle/internal/services/LintClassLoaderBuildService$RegistrationAction
Event: 6.844 loading class com/android/build/gradle/internal/services/LintClassLoaderBuildService$RegistrationAction done
Event: 6.844 loading class com/android/build/gradle/internal/services/LintClassLoaderBuildService
Event: 6.844 loading class com/android/build/gradle/internal/services/LintClassLoaderBuildService done
Event: 6.845 loading class com/android/build/gradle/internal/dependency/JacocoInstrumentationService$RegistrationAction
Event: 6.845 loading class com/android/build/gradle/internal/dependency/JacocoInstrumentationService$RegistrationAction done
Event: 6.855 loading class com/android/build/gradle/internal/dependency/JacocoInstrumentationService
Event: 6.855 loading class com/android/build/gradle/internal/dependency/JacocoInstrumentationService done
Event: 6.865 loading class com/android/build/gradle/internal/plugins/BasePlugin$configureProject$3
Event: 6.865 loading class com/android/build/gradle/internal/plugins/BasePlugin$configureProject$3 done
Event: 6.865 loading class com/android/build/gradle/internal/errors/OptionInfo
Event: 6.865 loading class com/android/build/gradle/internal/errors/OptionInfo done
Event: 6.866 loading class com/android/build/gradle/internal/errors/IncompatibleProjectOptionsReporter
Event: 6.866 loading class com/android/build/gradle/internal/errors/IncompatibleProjectOptionsReporter done


Dynamic libraries:
0x00007ff722790000 - 0x00007ff72279a000 	C:\Program Files\Android\Android Studio\jre\bin\java.exe
0x00007ffdf6e10000 - 0x00007ffdf7008000 	C:\WINDOWS\SYSTEM32\ntdll.dll
0x00007ffdf5910000 - 0x00007ffdf59cf000 	C:\WINDOWS\System32\KERNEL32.DLL
0x00007ffdf4950000 - 0x00007ffdf4c22000 	C:\WINDOWS\System32\KERNELBASE.dll
0x00007ffdf4ca0000 - 0x00007ffdf4da0000 	C:\WINDOWS\System32\ucrtbase.dll
0x00007ffde9970000 - 0x00007ffde9989000 	C:\Program Files\Android\Android Studio\jre\bin\jli.dll
0x00007ffde9950000 - 0x00007ffde9967000 	C:\Program Files\Android\Android Studio\jre\bin\VCRUNTIME140.dll
0x00007ffdf59d0000 - 0x00007ffdf5b71000 	C:\WINDOWS\System32\USER32.dll
0x00007ffde1650000 - 0x00007ffde18ea000 	C:\WINDOWS\WinSxS\amd64_microsoft.windows.common-controls_6595b64144ccf1df_6.0.19041.1110_none_60b5254171f9507e\COMCTL32.dll
0x00007ffdf46b0000 - 0x00007ffdf46d2000 	C:\WINDOWS\System32\win32u.dll
0x00007ffdf5d40000 - 0x00007ffdf5dde000 	C:\WINDOWS\System32\msvcrt.dll
0x00007ffdf62b0000 - 0x00007ffdf62db000 	C:\WINDOWS\System32\GDI32.dll
0x00007ffdf4500000 - 0x00007ffdf460f000 	C:\WINDOWS\System32\gdi32full.dll
0x00007ffdf4610000 - 0x00007ffdf46ad000 	C:\WINDOWS\System32\msvcp_win.dll
0x00007ffdf62e0000 - 0x00007ffdf6312000 	C:\WINDOWS\System32\IMM32.DLL
0x00007ffdd25a0000 - 0x00007ffdd263d000 	C:\Program Files\Android\Android Studio\jre\bin\msvcp140.dll
0x00007ffd83120000 - 0x00007ffd83c22000 	C:\Program Files\Android\Android Studio\jre\bin\server\jvm.dll
0x00007ffdf6d20000 - 0x00007ffdf6dce000 	C:\WINDOWS\System32\ADVAPI32.dll
0x00007ffdf63a0000 - 0x00007ffdf643c000 	C:\WINDOWS\System32\sechost.dll
0x00007ffdf64a0000 - 0x00007ffdf65c5000 	C:\WINDOWS\System32\RPCRT4.dll
0x00007ffdf6b40000 - 0x00007ffdf6b48000 	C:\WINDOWS\System32\PSAPI.DLL
0x00007ffdee7f0000 - 0x00007ffdee7f9000 	C:\WINDOWS\SYSTEM32\WSOCK32.dll
0x00007ffdde680000 - 0x00007ffdde6a7000 	C:\WINDOWS\SYSTEM32\WINMM.dll
0x00007ffdedd40000 - 0x00007ffdedd4a000 	C:\WINDOWS\SYSTEM32\VERSION.dll
0x00007ffdf6680000 - 0x00007ffdf66eb000 	C:\WINDOWS\System32\WS2_32.dll
0x00007ffdf2d50000 - 0x00007ffdf2d62000 	C:\WINDOWS\SYSTEM32\kernel.appcore.dll
0x00007ffdec440000 - 0x00007ffdec451000 	C:\Program Files\Android\Android Studio\jre\bin\verify.dll
0x00007ffdf2170000 - 0x00007ffdf2354000 	C:\WINDOWS\SYSTEM32\DBGHELP.DLL
0x00007ffdea0a0000 - 0x00007ffdea0d5000 	C:\WINDOWS\SYSTEM32\dbgcore.DLL
0x00007ffdf46e0000 - 0x00007ffdf4762000 	C:\WINDOWS\System32\bcryptPrimitives.dll
0x00007ffdd3e50000 - 0x00007ffdd3e79000 	C:\Program Files\Android\Android Studio\jre\bin\java.dll
0x00007ffdeca20000 - 0x00007ffdeca2b000 	C:\Program Files\Android\Android Studio\jre\bin\jimage.dll
0x00007ffdd3df0000 - 0x00007ffdd3e08000 	C:\Program Files\Android\Android Studio\jre\bin\zip.dll
0x00007ffdf4e50000 - 0x00007ffdf5595000 	C:\WINDOWS\System32\SHELL32.dll
0x00007ffdf25a0000 - 0x00007ffdf2d32000 	C:\WINDOWS\SYSTEM32\windows.storage.dll
0x00007ffdf55a0000 - 0x00007ffdf58f5000 	C:\WINDOWS\System32\combase.dll
0x00007ffdf3f60000 - 0x00007ffdf3f90000 	C:\WINDOWS\SYSTEM32\Wldp.dll
0x00007ffdf6b50000 - 0x00007ffdf6bfd000 	C:\WINDOWS\System32\SHCORE.dll
0x00007ffdf6ae0000 - 0x00007ffdf6b35000 	C:\WINDOWS\System32\shlwapi.dll
0x00007ffdf4440000 - 0x00007ffdf445f000 	C:\WINDOWS\SYSTEM32\profapi.dll
0x00007ffdd3dd0000 - 0x00007ffdd3dea000 	C:\Program Files\Android\Android Studio\jre\bin\net.dll
0x00007ffdebcf0000 - 0x00007ffdebdfc000 	C:\WINDOWS\SYSTEM32\WINHTTP.dll
0x00007ffdf3cc0000 - 0x00007ffdf3d2a000 	C:\WINDOWS\system32\mswsock.dll
0x00007ffdd2ae0000 - 0x00007ffdd2af4000 	C:\Program Files\Android\Android Studio\jre\bin\nio.dll
0x00007ffddf260000 - 0x00007ffddf287000 	C:\Users\AAA\.gradle\native\e1d6ef7f7dcc3fd88c89a11ec53ec762bb8ba0a96d01ffa2cd45eb1d1d8dd5c5\windows-amd64\native-platform.dll
0x00007ffdd0000000 - 0x00007ffdd0144000 	C:\Users\AAA\.gradle\native\0d407fdbe67a94daf76414ababcb853783967236a71b16ec16e742cd7a986fd3\windows-amd64\native-platform-file-events.dll
0x00007ffdde6b0000 - 0x00007ffdde6ba000 	C:\Program Files\Android\Android Studio\jre\bin\management.dll
0x00007ffddce10000 - 0x00007ffddce1d000 	C:\Program Files\Android\Android Studio\jre\bin\management_ext.dll
0x00007ffdf3eb0000 - 0x00007ffdf3ec8000 	C:\WINDOWS\SYSTEM32\CRYPTSP.dll
0x00007ffdf3570000 - 0x00007ffdf35a4000 	C:\WINDOWS\system32\rsaenh.dll
0x00007ffdf4920000 - 0x00007ffdf4947000 	C:\WINDOWS\System32\bcrypt.dll
0x00007ffdf4400000 - 0x00007ffdf442e000 	C:\WINDOWS\SYSTEM32\USERENV.dll
0x00007ffdf3ed0000 - 0x00007ffdf3edc000 	C:\WINDOWS\SYSTEM32\CRYPTBASE.dll
0x00007ffdf3960000 - 0x00007ffdf399b000 	C:\WINDOWS\SYSTEM32\IPHLPAPI.DLL
0x00007ffdf5900000 - 0x00007ffdf5908000 	C:\WINDOWS\System32\NSI.dll
0x00007ffdec480000 - 0x00007ffdec497000 	C:\WINDOWS\SYSTEM32\dhcpcsvc6.DLL
0x00007ffdec3c0000 - 0x00007ffdec3dd000 	C:\WINDOWS\SYSTEM32\dhcpcsvc.DLL
0x00007ffdf39a0000 - 0x00007ffdf3a6b000 	C:\WINDOWS\SYSTEM32\DNSAPI.dll

dbghelp: loaded successfully - version: 4.0.5 - missing functions: none
symbol engine: initialized successfully - sym options: 0x614 - pdb path: .;C:\Program Files\Android\Android Studio\jre\bin;C:\WINDOWS\SYSTEM32;C:\WINDOWS\WinSxS\amd64_microsoft.windows.common-controls_6595b64144ccf1df_6.0.19041.1110_none_60b5254171f9507e;C:\Program Files\Android\Android Studio\jre\bin\server;C:\Users\AAA\.gradle\native\e1d6ef7f7dcc3fd88c89a11ec53ec762bb8ba0a96d01ffa2cd45eb1d1d8dd5c5\windows-amd64;C:\Users\AAA\.gradle\native\0d407fdbe67a94daf76414ababcb853783967236a71b16ec16e742cd7a986fd3\windows-amd64

VM Arguments:
jvm_args: --add-opens=java.base/java.util=ALL-UNNAMED --add-opens=java.base/java.lang=ALL-UNNAMED --add-opens=java.base/java.lang.invoke=ALL-UNNAMED --add-opens=java.base/java.util=ALL-UNNAMED --add-opens=java.prefs/java.util.prefs=ALL-UNNAMED --add-opens=java.prefs/java.util.prefs=ALL-UNNAMED --add-opens=java.base/java.nio.charset=ALL-UNNAMED --add-opens=java.base/java.net=ALL-UNNAMED --add-opens=java.base/java.util.concurrent.atomic=ALL-UNNAMED -Xmx2048m -Dfile.encoding=UTF-8 -Duser.country=US -Duser.language=en -Duser.variant 
java_command: org.gradle.launcher.daemon.bootstrap.GradleDaemon 7.4
java_class_path (initial): C:\Users\AAA\.gradle\wrapper\dists\gradle-7.4-bin\c0gwcg53nkjbqw7r0h0umtfvt\gradle-7.4\lib\gradle-launcher-7.4.jar
Launcher Type: SUN_STANDARD

[Global flags]
     intx CICompilerCount                          = 4                                         {product} {ergonomic}
     uint ConcGCThreads                            = 3                                         {product} {ergonomic}
     uint G1ConcRefinementThreads                  = 10                                        {product} {ergonomic}
   size_t G1HeapRegionSize                         = 1048576                                   {product} {ergonomic}
    uintx GCDrainStackTargetSize                   = 64                                        {product} {ergonomic}
   size_t InitialHeapSize                          = 268435456                                 {product} {ergonomic}
   size_t MarkStackSize                            = 4194304                                   {product} {ergonomic}
   size_t MaxHeapSize                              = 2147483648                                {product} {command line}
   size_t MaxNewSize                               = 1287651328                                {product} {ergonomic}
   size_t MinHeapDeltaBytes                        = 1048576                                   {product} {ergonomic}
    uintx NonNMethodCodeHeapSize                   = 5836300                                {pd product} {ergonomic}
    uintx NonProfiledCodeHeapSize                  = 122910970                              {pd product} {ergonomic}
    uintx ProfiledCodeHeapSize                     = 122910970                              {pd product} {ergonomic}
    uintx ReservedCodeCacheSize                    = 251658240                              {pd product} {ergonomic}
     bool SegmentedCodeCache                       = true                                      {product} {ergonomic}
     bool UseCompressedClassPointers               = true                                 {lp64_product} {ergonomic}
     bool UseCompressedOops                        = true                                 {lp64_product} {ergonomic}
     bool UseG1GC                                  = true                                      {product} {ergonomic}
     bool UseLargePagesIndividualAllocation        = false                                  {pd product} {ergonomic}

Logging:
Log output configuration:
 #0: stdout all=warning uptime,level,tags
 #1: stderr all=off uptime,level,tags

Environment Variables:
PATH=C:\Program Files (x86)\Intel\MPI-RT\5.0.2.044\intel64\bin;C:\Program Files (x86)\Intel\Intel(R) Management Engine Components\iCLS\;C:\Program Files\Intel\Intel(R) Management Engine Components\iCLS\;C:\Windows\system32;C:\Windows;C:\Windows\System32\Wbem;C:\Windows\System32\WindowsPowerShell\v1.0\;C:\Program Files (x86)\Intel\Intel(R) Management Engine Components\DAL;C:\Program Files\Intel\Intel(R) Management Engine Components\DAL;C:\Program Files (x86)\Intel\Intel(R) Management Engine Components\IPT;C:\Program Files\Intel\Intel(R) Management Engine Components\IPT;C:\Program Files (x86)\NVIDIA Corporation\PhysX\Common;C:\WINDOWS\system32;C:\WINDOWS;C:\WINDOWS\System32\Wbem;C:\WINDOWS\System32\WindowsPowerShell\v1.0\;C:\WINDOWS\System32\OpenSSH\;C:\Program Files\dotnet\;C:\Program Files\Microsoft SQL Server\130\Tools\Binn\;C:\Program Files\NVIDIA Corporation\NVIDIA NvDLISR;C:\WINDOWS\system32;C:\WINDOWS;C:\WINDOWS\System32\Wbem;C:\WINDOWS\System32\WindowsPowerShell\v1.0\;C:\WINDOWS\System32\OpenSSH\;C:\Program Files\nodejs\;C:\Program Files\Git\bin\;C:\Program Files\Git\cmd\;C:\Users\AAA\anaconda3;C:\Users\AAA\anaconda3\Library\mingw-w64\bin;C:\Users\AAA\anaconda3\Library\usr\bin;C:\Users\AAA\anaconda3\Library\bin;C:\Users\AAA\anaconda3\Scripts;C:\Users\AAA\AppData\Local\Microsoft\WindowsApps;C:\Users\AAA\AppData\Local\Programs\Microsoft VS Code\bin;C:\Users\AAA\AppData\Roaming\npm;C:\Users\AAA\AppData\Local\Android\Sdk\platform-tools
USERNAME=Yaseer
OS=Windows_NT
PROCESSOR_IDENTIFIER=Intel64 Family 6 Model 158 Stepping 10, GenuineIntel



---------------  S Y S T E M  ---------------

OS: Windows 10 , 64 bit Build 19041 (10.0.19041.2546)
OS uptime: 7 days 0:44 hours

CPU:total 12 (initial active 12) (6 cores per cpu, 2 threads per core) family 6 model 158 stepping 10 microcode 0xde, cmov, cx8, fxsr, mmx, sse, sse2, sse3, ssse3, sse4.1, sse4.2, popcnt, avx, avx2, aes, clmul, erms, 3dnowpref, lzcnt, ht, tsc, tscinvbit, bmi1, bmi2, adx, fma

Memory: 4k page, system-wide physical 16257M (2673M free)
TotalPageFile size 16257M (AvailPageFile size 0M)
current process WorkingSet (physical memory assigned to process): 389M, peak: 391M
current process commit charge ("private bytes"): 500M, peak: 502M

vm_info: OpenJDK 64-Bit Server VM (11.0.13+0-b1751.21-8125866) for windows-amd64 JRE (11.0.13+0-b1751.21-8125866), built on Feb  2 2022 03:00:22 by "builder" with MS VC++ 14.0 (VS2015)

END.
