#
# There is insufficient memory for the Java Runtime Environment to continue.
# Native memory allocation (malloc) failed to allocate 1156896 bytes for Chunk::new
# Possible reasons:
#   The system is out of physical RAM or swap space
#   The process is running with CompressedOops enabled, and the Java Heap may be blocking the growth of the native heap
# Possible solutions:
#   Reduce memory load on the system
#   Increase physical memory or swap space
#   Check if swap backing store is full
#   Decrease Java heap size (-Xmx/-Xms)
#   Decrease number of Java threads
#   Decrease Java thread stack sizes (-Xss)
#   Set larger code cache with -XX:ReservedCodeCacheSize=
#   JVM is running with Unscaled Compressed Oops mode in which the Java heap is
#     placed in the first 4GB address space. The Java Heap base address is the
#     maximum limit for the native heap growth. Please use -XX:HeapBaseMinAddress
#     to set the Java Heap base and to place the Java Heap above 4GB virtual address.
# This output file may be truncated or incomplete.
#
#  Out of Memory Error (./src/hotspot/share/memory/arena.cpp:197), pid=15652, tid=19184
#
# JRE version: OpenJDK Runtime Environment (11.0.13) (build 11.0.13+0-b1751.21-8125866)
# Java VM: OpenJDK 64-Bit Server VM (11.0.13+0-b1751.21-8125866, mixed mode, tiered, compressed oops, g1 gc, windows-amd64)
# No core dump will be written. Minidumps are not enabled by default on client versions of Windows
#

---------------  S U M M A R Y ------------

Command Line: --add-opens=java.base/java.util=ALL-UNNAMED --add-opens=java.base/java.lang=ALL-UNNAMED --add-opens=java.base/java.lang.invoke=ALL-UNNAMED --add-opens=java.base/java.util=ALL-UNNAMED --add-opens=java.prefs/java.util.prefs=ALL-UNNAMED --add-opens=java.prefs/java.util.prefs=ALL-UNNAMED --add-opens=java.base/java.nio.charset=ALL-UNNAMED --add-opens=java.base/java.net=ALL-UNNAMED --add-opens=java.base/java.util.concurrent.atomic=ALL-UNNAMED -Xmx2048m -Dfile.encoding=UTF-8 -Duser.country=US -Duser.language=en -Duser.variant org.gradle.launcher.daemon.bootstrap.GradleDaemon 7.4

Host: Intel(R) Core(TM) i7-8750H CPU @ 2.20GHz, 12 cores, 15G,  Windows 10 , 64 bit Build 19041 (10.0.19041.2546)
Time: Fri Mar  3 16:20:35 2023 Russia TZ 2 Standard Time elapsed time: 6.711005 seconds (0d 0h 0m 6s)

---------------  T H R E A D  ---------------

Current thread (0x0000022280ded800):  JavaThread "C2 CompilerThread0" daemon [_thread_in_native, id=19184, stack(0x0000004686800000,0x0000004686900000)]


Current CompileTask:
C2:   6711 6085   !   4       java.net.URLClassLoader$1::run (81 bytes)

Stack: [0x0000004686800000,0x0000004686900000]
Native frames: (J=compiled Java code, j=interpreted, Vv=VM code, C=native code)
V  [jvm.dll+0x6100fa]
V  [jvm.dll+0x747090]
V  [jvm.dll+0x7486ad]
V  [jvm.dll+0x748d83]
V  [jvm.dll+0x24ab48]
V  [jvm.dll+0xc04dc]
V  [jvm.dll+0xc0a0c]
V  [jvm.dll+0x2bfab4]
V  [jvm.dll+0x524238]
V  [jvm.dll+0x20b193]
V  [jvm.dll+0x204ca0]
V  [jvm.dll+0x2023c2]
V  [jvm.dll+0x188e01]
V  [jvm.dll+0x21106b]
V  [jvm.dll+0x20f8c1]
V  [jvm.dll+0x70de0f]
V  [jvm.dll+0x706a75]
V  [jvm.dll+0x60ed66]
C  [ucrtbase.dll+0x21bb2]
C  [KERNEL32.DLL+0x17614]
C  [ntdll.dll+0x526a1]


---------------  P R O C E S S  ---------------

Threads class SMR info:
_java_thread_list=0x0000022287c9df40, length=168, elements={
0x00000222e3be3800, 0x0000022280d80000, 0x0000022280d89800, 0x0000022280da2800,
0x0000022280da5800, 0x0000022280da8800, 0x0000022280ded800, 0x0000022280dee000,
0x0000022280def000, 0x0000022280f72000, 0x00000222828c7800, 0x000002228173a000,
0x0000022283139800, 0x0000022281035000, 0x00000222822d6800, 0x00000222828fe800,
0x000002228364a000, 0x000002228346d800, 0x00000222837d6000, 0x0000022283abc800,
0x0000022283879000, 0x0000022283802800, 0x0000022283802000, 0x0000022283801000,
0x0000022283e46000, 0x0000022283800800, 0x0000022286ac8000, 0x0000022286ac7000,
0x0000022286aca800, 0x0000022286ac9800, 0x0000022286ac6000, 0x0000022286ac8800,
0x0000022286ac5800, 0x0000022286acf000, 0x0000022286ad1800, 0x0000022286acd000,
0x0000022286ad4000, 0x0000022286ace800, 0x0000022286ad0000, 0x0000022286ad1000,
0x0000022286ad3800, 0x00000222884b1000, 0x00000222884ae000, 0x00000222884af000,
0x00000222884af800, 0x00000222884ad000, 0x00000222884b0800, 0x00000222884ab800,
0x00000222884b2000, 0x00000222884ac800, 0x00000222884b8000, 0x00000222884b5800,
0x00000222884b4800, 0x00000222884b3000, 0x00000222884b8800, 0x00000222884b9800,
0x00000222884b6000, 0x00000222884b3800, 0x00000222884b7000, 0x00000222884ba000,
0x0000022282e85800, 0x0000022282e83800, 0x0000022282e87800, 0x0000022282e8a000,
0x0000022282e86800, 0x0000022282e88000, 0x0000022282e89000, 0x0000022282e84000,
0x0000022282e8a800, 0x0000022282e85000, 0x0000022282e91000, 0x0000022282e8e800,
0x0000022282e8f800, 0x0000022282e8e000, 0x0000022282e90800, 0x0000022282e8d000,
0x0000022282e8b800, 0x0000022282e92000, 0x0000022282e8c800, 0x0000022282dac800,
0x0000022282daf000, 0x0000022282db3000, 0x0000022282db0000, 0x0000022282dae000,
0x0000022282db0800, 0x0000022282dad800, 0x0000022282db1800, 0x0000022282db2800,
0x00000222815f1800, 0x00000222815f4000, 0x00000222815f7000, 0x00000222815f4800,
0x00000222815f5800, 0x00000222815f2800, 0x00000222815f6800, 0x00000222815f8000,
0x00000222815f9000, 0x00000222815f3000, 0x00000222815fc000, 0x00000222815fa800,
0x00000222815f9800, 0x00000222815fe800, 0x00000222815fb800, 0x0000022281600000,
0x00000222815fd000, 0x00000222815ff800, 0x00000222815fd800, 0x00000222862af800,
0x00000222862b0000, 0x00000222862b1000, 0x00000222862b2000, 0x00000222862b2800,
0x00000222862ad000, 0x00000222862b3800, 0x00000222862ad800, 0x00000222862b4000,
0x00000222862ae800, 0x00000222862ba000, 0x00000222862ba800, 0x00000222862b6000,
0x00000222862b6800, 0x00000222862b7800, 0x00000222862b5000, 0x00000222862b8800,
0x00000222862b9000, 0x00000222862bb800, 0x000002228132c800, 0x000002228132e000,
0x000002228132d000, 0x000002228132b800, 0x0000022281328000, 0x000002228132f000,
0x0000022281329000, 0x000002228132f800, 0x000002228132a000, 0x0000022281330800,
0x000002228132a800, 0x0000022281337000, 0x0000022281331000, 0x0000022281333000,
0x0000022281335800, 0x0000022281332000, 0x0000022281333800, 0x0000022281336000,
0x0000022281334800, 0x0000022284b28000, 0x0000022284b2a800, 0x0000022284b27000,
0x0000022284b2b800, 0x0000022284b29800, 0x0000022284b2c000, 0x0000022284b2d000,
0x0000022284b2d800, 0x0000022284b2e800, 0x0000022284b29000, 0x0000022284b30000,
0x0000022284b31000, 0x0000022284b32800, 0x0000022284b32000, 0x0000022284b2f800,
0x0000022284b35000, 0x0000022284b34000, 0x0000022284b33800, 0x0000022284b36000,
0x0000022281f41800, 0x0000022281f40000, 0x0000022281f3f000, 0x0000022281f42800
}

Java Threads: ( => current thread )
  0x00000222e3be3800 JavaThread "main" [_thread_blocked, id=16944, stack(0x0000004685c00000,0x0000004685d00000)]
  0x0000022280d80000 JavaThread "Reference Handler" daemon [_thread_blocked, id=7148, stack(0x0000004686300000,0x0000004686400000)]
  0x0000022280d89800 JavaThread "Finalizer" daemon [_thread_blocked, id=17628, stack(0x0000004686400000,0x0000004686500000)]
  0x0000022280da2800 JavaThread "Signal Dispatcher" daemon [_thread_blocked, id=20252, stack(0x0000004686500000,0x0000004686600000)]
  0x0000022280da5800 JavaThread "Attach Listener" daemon [_thread_blocked, id=18084, stack(0x0000004686600000,0x0000004686700000)]
  0x0000022280da8800 JavaThread "Service Thread" daemon [_thread_blocked, id=12652, stack(0x0000004686700000,0x0000004686800000)]
=>0x0000022280ded800 JavaThread "C2 CompilerThread0" daemon [_thread_in_native, id=19184, stack(0x0000004686800000,0x0000004686900000)]
  0x0000022280dee000 JavaThread "C1 CompilerThread0" daemon [_thread_blocked, id=20396, stack(0x0000004686900000,0x0000004686a00000)]
  0x0000022280def000 JavaThread "Sweeper thread" daemon [_thread_blocked, id=17468, stack(0x0000004686a00000,0x0000004686b00000)]
  0x0000022280f72000 JavaThread "Common-Cleaner" daemon [_thread_blocked, id=10988, stack(0x0000004686b00000,0x0000004686c00000)]
  0x00000222828c7800 JavaThread "Daemon health stats" [_thread_blocked, id=4724, stack(0x0000004687400000,0x0000004687500000)]
  0x000002228173a000 JavaThread "C2 CompilerThread1" daemon [_thread_in_native, id=3792, stack(0x0000004686d00000,0x0000004686e00000)]
  0x0000022283139800 JavaThread "Incoming local TCP Connector on port 63484" [_thread_in_native, id=2600, stack(0x0000004686e00000,0x0000004686f00000)]
  0x0000022281035000 JavaThread "Daemon periodic checks" [_thread_blocked, id=8916, stack(0x0000004687500000,0x0000004687600000)]
  0x00000222822d6800 JavaThread "Daemon" [_thread_blocked, id=3184, stack(0x0000004687600000,0x0000004687700000)]
  0x00000222828fe800 JavaThread "Handler for socket connection from /127.0.0.1:63484 to /127.0.0.1:63485" [_thread_in_native, id=12440, stack(0x0000004687700000,0x0000004687800000)]
  0x000002228364a000 JavaThread "Cancel handler" [_thread_blocked, id=3244, stack(0x0000004687800000,0x0000004687900000)]
  0x000002228346d800 JavaThread "Daemon worker" [_thread_in_vm, id=12224, stack(0x0000004687900000,0x0000004687a00000)]
  0x00000222837d6000 JavaThread "Asynchronous log dispatcher for DefaultDaemonConnection: socket connection from /127.0.0.1:63484 to /127.0.0.1:63485" [_thread_blocked, id=7012, stack(0x0000004687a00000,0x0000004687b00000)]
  0x0000022283abc800 JavaThread "Stdin handler" [_thread_blocked, id=19368, stack(0x0000004687b00000,0x0000004687c00000)]
  0x0000022283879000 JavaThread "Daemon client event forwarder" [_thread_blocked, id=18692, stack(0x0000004687c00000,0x0000004687d00000)]
  0x0000022283802800 JavaThread "Cache worker for journal cache (C:\Users\AAA\.gradle\caches\journal-1)" [_thread_blocked, id=4348, stack(0x0000004687d00000,0x0000004687e00000)]
  0x0000022283802000 JavaThread "File lock request listener" [_thread_in_native, id=19464, stack(0x0000004687e00000,0x0000004687f00000)]
  0x0000022283801000 JavaThread "Cache worker for file hash cache (C:\Users\AAA\.gradle\caches\7.4\fileHashes)" [_thread_blocked, id=10516, stack(0x0000004687f00000,0x0000004688000000)]
  0x0000022283e46000 JavaThread "C2 CompilerThread2" daemon [_thread_in_native, id=16168, stack(0x0000004688600000,0x0000004688700000)]
  0x0000022283800800 JavaThread "File watcher server" daemon [_thread_in_native, id=16144, stack(0x0000004688700000,0x0000004688800000)]
  0x0000022286ac8000 JavaThread "File watcher consumer" daemon [_thread_blocked, id=4668, stack(0x0000004688800000,0x0000004688900000)]
  0x0000022286ac7000 JavaThread "Cache worker for checksums cache (C:\Users\AAA\AndroidStudioProjects\ShoppingApp\.gradle\7.4\checksums)" [_thread_blocked, id=1868, stack(0x0000004688900000,0x0000004688a00000)]
  0x0000022286aca800 JavaThread "Cache worker for cache directory md-rule (C:\Users\AAA\.gradle\caches\7.4\md-rule)" [_thread_blocked, id=18608, stack(0x0000004688a00000,0x0000004688b00000)]
  0x0000022286ac9800 JavaThread "Cache worker for file hash cache (C:\Users\AAA\AndroidStudioProjects\ShoppingApp\.gradle\7.4\fileHashes)" [_thread_blocked, id=10344, stack(0x0000004688b00000,0x0000004688c00000)]
  0x0000022286ac6000 JavaThread "Cache worker for cache directory md-supplier (C:\Users\AAA\.gradle\caches\7.4\md-supplier)" [_thread_blocked, id=2572, stack(0x0000004688c00000,0x0000004688d00000)]
  0x0000022286ac8800 JavaThread "Cache worker for execution history cache (C:\Users\AAA\.gradle\caches\7.4\executionHistory)" [_thread_blocked, id=6320, stack(0x0000004688d00000,0x0000004688e00000)]
  0x0000022286ac5800 JavaThread "jar transforms" [_thread_blocked, id=7640, stack(0x0000004688e00000,0x0000004688f00000)]
  0x0000022286acf000 JavaThread "Cache worker for file content cache (C:\Users\AAA\.gradle\caches\7.4\fileContent)" [_thread_blocked, id=3012, stack(0x0000004688f00000,0x0000004689000000)]
  0x0000022286ad1800 JavaThread "jar transforms Thread 2" [_thread_blocked, id=6148, stack(0x0000004689000000,0x0000004689100000)]
  0x0000022286acd000 JavaThread "Cache worker for dependencies-accessors (C:\Users\AAA\AndroidStudioProjects\ShoppingApp\.gradle\7.4\dependencies-accessors)" [_thread_blocked, id=2252, stack(0x0000004689100000,0x0000004689200000)]
  0x0000022286ad4000 JavaThread "jar transforms Thread 3" [_thread_blocked, id=668, stack(0x0000004689200000,0x0000004689300000)]
  0x0000022286ace800 JavaThread "Cache worker for Build Output Cleanup Cache (C:\Users\AAA\AndroidStudioProjects\ShoppingApp\.gradle\buildOutputCleanup)" [_thread_blocked, id=18852, stack(0x0000004689300000,0x0000004689400000)]
  0x0000022286ad0000 JavaThread "Unconstrained build operations" [_thread_blocked, id=8272, stack(0x0000004689400000,0x0000004689500000)]
  0x0000022286ad1000 JavaThread "Unconstrained build operations Thread 2" [_thread_blocked, id=20472, stack(0x0000004689500000,0x0000004689600000)]
  0x0000022286ad3800 JavaThread "Unconstrained build operations Thread 3" [_thread_blocked, id=12516, stack(0x0000004689600000,0x0000004689700000)]
  0x00000222884b1000 JavaThread "Unconstrained build operations Thread 4" [_thread_blocked, id=17536, stack(0x0000004689700000,0x0000004689800000)]
  0x00000222884ae000 JavaThread "Unconstrained build operations Thread 5" [_thread_blocked, id=7396, stack(0x0000004689800000,0x0000004689900000)]
  0x00000222884af000 JavaThread "Unconstrained build operations Thread 6" [_thread_blocked, id=3136, stack(0x0000004689900000,0x0000004689a00000)]
  0x00000222884af800 JavaThread "Unconstrained build operations Thread 7" [_thread_blocked, id=10848, stack(0x0000004689a00000,0x0000004689b00000)]
  0x00000222884ad000 JavaThread "Unconstrained build operations Thread 8" [_thread_blocked, id=3384, stack(0x0000004689b00000,0x0000004689c00000)]
  0x00000222884b0800 JavaThread "Unconstrained build operations Thread 9" [_thread_blocked, id=19716, stack(0x0000004689c00000,0x0000004689d00000)]
  0x00000222884ab800 JavaThread "Unconstrained build operations Thread 10" [_thread_blocked, id=14576, stack(0x0000004689d00000,0x0000004689e00000)]
  0x00000222884b2000 JavaThread "Unconstrained build operations Thread 11" [_thread_blocked, id=10512, stack(0x0000004689e00000,0x0000004689f00000)]
  0x00000222884ac800 JavaThread "Unconstrained build operations Thread 12" [_thread_blocked, id=14108, stack(0x0000004689f00000,0x000000468a000000)]
  0x00000222884b8000 JavaThread "Unconstrained build operations Thread 13" [_thread_blocked, id=3132, stack(0x000000468a000000,0x000000468a100000)]
  0x00000222884b5800 JavaThread "Unconstrained build operations Thread 14" [_thread_blocked, id=12876, stack(0x000000468a100000,0x000000468a200000)]
  0x00000222884b4800 JavaThread "Unconstrained build operations Thread 15" [_thread_blocked, id=7604, stack(0x000000468a200000,0x000000468a300000)]
  0x00000222884b3000 JavaThread "Unconstrained build operations Thread 16" [_thread_blocked, id=19212, stack(0x000000468a300000,0x000000468a400000)]
  0x00000222884b8800 JavaThread "Unconstrained build operations Thread 17" [_thread_blocked, id=14556, stack(0x000000468a400000,0x000000468a500000)]
  0x00000222884b9800 JavaThread "Unconstrained build operations Thread 18" [_thread_blocked, id=10404, stack(0x000000468a500000,0x000000468a600000)]
  0x00000222884b6000 JavaThread "Unconstrained build operations Thread 19" [_thread_blocked, id=6780, stack(0x000000468a600000,0x000000468a700000)]
  0x00000222884b3800 JavaThread "Unconstrained build operations Thread 20" [_thread_blocked, id=5164, stack(0x000000468a700000,0x000000468a800000)]
  0x00000222884b7000 JavaThread "Unconstrained build operations Thread 21" [_thread_blocked, id=6732, stack(0x000000468a800000,0x000000468a900000)]
  0x00000222884ba000 JavaThread "Unconstrained build operations Thread 22" [_thread_blocked, id=3712, stack(0x000000468a900000,0x000000468aa00000)]
  0x0000022282e85800 JavaThread "Unconstrained build operations Thread 23" [_thread_blocked, id=2596, stack(0x000000468aa00000,0x000000468ab00000)]
  0x0000022282e83800 JavaThread "Unconstrained build operations Thread 24" [_thread_blocked, id=4432, stack(0x000000468ab00000,0x000000468ac00000)]
  0x0000022282e87800 JavaThread "Unconstrained build operations Thread 25" [_thread_blocked, id=4012, stack(0x000000468ac00000,0x000000468ad00000)]
  0x0000022282e8a000 JavaThread "Unconstrained build operations Thread 26" [_thread_blocked, id=4364, stack(0x000000468ad00000,0x000000468ae00000)]
  0x0000022282e86800 JavaThread "Unconstrained build operations Thread 27" [_thread_blocked, id=11236, stack(0x000000468ae00000,0x000000468af00000)]
  0x0000022282e88000 JavaThread "Unconstrained build operations Thread 28" [_thread_blocked, id=15700, stack(0x000000468af00000,0x000000468b000000)]
  0x0000022282e89000 JavaThread "Unconstrained build operations Thread 29" [_thread_blocked, id=9444, stack(0x000000468b000000,0x000000468b100000)]
  0x0000022282e84000 JavaThread "Unconstrained build operations Thread 30" [_thread_blocked, id=19076, stack(0x000000468b100000,0x000000468b200000)]
  0x0000022282e8a800 JavaThread "Unconstrained build operations Thread 31" [_thread_blocked, id=15992, stack(0x000000468b200000,0x000000468b300000)]
  0x0000022282e85000 JavaThread "Unconstrained build operations Thread 32" [_thread_blocked, id=19892, stack(0x000000468b300000,0x000000468b400000)]
  0x0000022282e91000 JavaThread "Unconstrained build operations Thread 33" [_thread_blocked, id=18700, stack(0x000000468b400000,0x000000468b500000)]
  0x0000022282e8e800 JavaThread "Unconstrained build operations Thread 34" [_thread_blocked, id=4964, stack(0x000000468b500000,0x000000468b600000)]
  0x0000022282e8f800 JavaThread "Unconstrained build operations Thread 35" [_thread_blocked, id=2568, stack(0x000000468b600000,0x000000468b700000)]
  0x0000022282e8e000 JavaThread "Unconstrained build operations Thread 36" [_thread_blocked, id=5756, stack(0x000000468b700000,0x000000468b800000)]
  0x0000022282e90800 JavaThread "Unconstrained build operations Thread 37" [_thread_blocked, id=4220, stack(0x000000468b800000,0x000000468b900000)]
  0x0000022282e8d000 JavaThread "Unconstrained build operations Thread 38" [_thread_blocked, id=20344, stack(0x000000468b900000,0x000000468ba00000)]
  0x0000022282e8b800 JavaThread "Unconstrained build operations Thread 39" [_thread_blocked, id=19564, stack(0x000000468ba00000,0x000000468bb00000)]
  0x0000022282e92000 JavaThread "Unconstrained build operations Thread 40" [_thread_blocked, id=8260, stack(0x000000468bb00000,0x000000468bc00000)]
  0x0000022282e8c800 JavaThread "Unconstrained build operations Thread 41" [_thread_blocked, id=18656, stack(0x000000468bc00000,0x000000468bd00000)]
  0x0000022282dac800 JavaThread "Unconstrained build operations Thread 42" [_thread_blocked, id=19492, stack(0x000000468bd00000,0x000000468be00000)]
  0x0000022282daf000 JavaThread "Unconstrained build operations Thread 43" [_thread_blocked, id=15332, stack(0x000000468be00000,0x000000468bf00000)]
  0x0000022282db3000 JavaThread "Unconstrained build operations Thread 44" [_thread_blocked, id=19616, stack(0x000000468bf00000,0x000000468c000000)]
  0x0000022282db0000 JavaThread "Unconstrained build operations Thread 45" [_thread_blocked, id=20304, stack(0x000000468c000000,0x000000468c100000)]
  0x0000022282dae000 JavaThread "Unconstrained build operations Thread 46" [_thread_blocked, id=10412, stack(0x000000468c100000,0x000000468c200000)]
  0x0000022282db0800 JavaThread "Unconstrained build operations Thread 47" [_thread_blocked, id=17800, stack(0x000000468c200000,0x000000468c300000)]
  0x0000022282dad800 JavaThread "Unconstrained build operations Thread 48" [_thread_blocked, id=3904, stack(0x000000468c300000,0x000000468c400000)]
  0x0000022282db1800 JavaThread "Unconstrained build operations Thread 49" [_thread_blocked, id=13068, stack(0x000000468c400000,0x000000468c500000)]
  0x0000022282db2800 JavaThread "Unconstrained build operations Thread 50" [_thread_blocked, id=6644, stack(0x000000468c500000,0x000000468c600000)]
  0x00000222815f1800 JavaThread "Unconstrained build operations Thread 51" [_thread_blocked, id=15648, stack(0x000000468c600000,0x000000468c700000)]
  0x00000222815f4000 JavaThread "Unconstrained build operations Thread 52" [_thread_blocked, id=17928, stack(0x000000468c700000,0x000000468c800000)]
  0x00000222815f7000 JavaThread "Unconstrained build operations Thread 53" [_thread_blocked, id=20064, stack(0x000000468c800000,0x000000468c900000)]
  0x00000222815f4800 JavaThread "Unconstrained build operations Thread 54" [_thread_blocked, id=11584, stack(0x000000468c900000,0x000000468ca00000)]
  0x00000222815f5800 JavaThread "Unconstrained build operations Thread 55" [_thread_blocked, id=14844, stack(0x000000468ca00000,0x000000468cb00000)]
  0x00000222815f2800 JavaThread "Unconstrained build operations Thread 56" [_thread_blocked, id=6964, stack(0x000000468cb00000,0x000000468cc00000)]
  0x00000222815f6800 JavaThread "Unconstrained build operations Thread 57" [_thread_blocked, id=7576, stack(0x000000468cc00000,0x000000468cd00000)]
  0x00000222815f8000 JavaThread "Unconstrained build operations Thread 58" [_thread_blocked, id=20048, stack(0x000000468cd00000,0x000000468ce00000)]
  0x00000222815f9000 JavaThread "Unconstrained build operations Thread 59" [_thread_blocked, id=5764, stack(0x000000468ce00000,0x000000468cf00000)]
  0x00000222815f3000 JavaThread "Unconstrained build operations Thread 60" [_thread_blocked, id=7660, stack(0x000000468cf00000,0x000000468d000000)]
  0x00000222815fc000 JavaThread "Unconstrained build operations Thread 61" [_thread_blocked, id=17640, stack(0x000000468d000000,0x000000468d100000)]
  0x00000222815fa800 JavaThread "Unconstrained build operations Thread 62" [_thread_blocked, id=2076, stack(0x000000468d100000,0x000000468d200000)]
  0x00000222815f9800 JavaThread "Unconstrained build operations Thread 63" [_thread_blocked, id=6984, stack(0x000000468d200000,0x000000468d300000)]
  0x00000222815fe800 JavaThread "Unconstrained build operations Thread 64" [_thread_blocked, id=15872, stack(0x000000468d300000,0x000000468d400000)]
  0x00000222815fb800 JavaThread "Unconstrained build operations Thread 65" [_thread_blocked, id=17736, stack(0x000000468d400000,0x000000468d500000)]
  0x0000022281600000 JavaThread "Unconstrained build operations Thread 66" [_thread_blocked, id=11652, stack(0x000000468d500000,0x000000468d600000)]
  0x00000222815fd000 JavaThread "Unconstrained build operations Thread 67" [_thread_blocked, id=7064, stack(0x000000468d600000,0x000000468d700000)]
  0x00000222815ff800 JavaThread "Unconstrained build operations Thread 68" [_thread_blocked, id=11356, stack(0x000000468d700000,0x000000468d800000)]
  0x00000222815fd800 JavaThread "Unconstrained build operations Thread 69" [_thread_blocked, id=14808, stack(0x000000468d800000,0x000000468d900000)]
  0x00000222862af800 JavaThread "Unconstrained build operations Thread 70" [_thread_blocked, id=8236, stack(0x000000468d900000,0x000000468da00000)]
  0x00000222862b0000 JavaThread "Unconstrained build operations Thread 71" [_thread_blocked, id=20444, stack(0x000000468da00000,0x000000468db00000)]
  0x00000222862b1000 JavaThread "Unconstrained build operations Thread 72" [_thread_blocked, id=18328, stack(0x000000468db00000,0x000000468dc00000)]
  0x00000222862b2000 JavaThread "Unconstrained build operations Thread 73" [_thread_blocked, id=17732, stack(0x000000468dc00000,0x000000468dd00000)]
  0x00000222862b2800 JavaThread "Unconstrained build operations Thread 74" [_thread_blocked, id=18232, stack(0x000000468dd00000,0x000000468de00000)]
  0x00000222862ad000 JavaThread "Unconstrained build operations Thread 75" [_thread_blocked, id=1948, stack(0x000000468de00000,0x000000468df00000)]
  0x00000222862b3800 JavaThread "Unconstrained build operations Thread 76" [_thread_blocked, id=10372, stack(0x000000468df00000,0x000000468e000000)]
  0x00000222862ad800 JavaThread "Unconstrained build operations Thread 77" [_thread_blocked, id=4204, stack(0x000000468e000000,0x000000468e100000)]
  0x00000222862b4000 JavaThread "Unconstrained build operations Thread 78" [_thread_blocked, id=9808, stack(0x000000468e100000,0x000000468e200000)]
  0x00000222862ae800 JavaThread "Unconstrained build operations Thread 79" [_thread_blocked, id=15456, stack(0x000000468e200000,0x000000468e300000)]
  0x00000222862ba000 JavaThread "Unconstrained build operations Thread 80" [_thread_blocked, id=10932, stack(0x000000468e300000,0x000000468e400000)]
  0x00000222862ba800 JavaThread "Unconstrained build operations Thread 81" [_thread_blocked, id=2524, stack(0x000000468e400000,0x000000468e500000)]
  0x00000222862b6000 JavaThread "Unconstrained build operations Thread 82" [_thread_blocked, id=13196, stack(0x000000468e500000,0x000000468e600000)]
  0x00000222862b6800 JavaThread "Unconstrained build operations Thread 83" [_thread_blocked, id=2856, stack(0x000000468e600000,0x000000468e700000)]
  0x00000222862b7800 JavaThread "Unconstrained build operations Thread 84" [_thread_blocked, id=1584, stack(0x000000468e700000,0x000000468e800000)]
  0x00000222862b5000 JavaThread "Unconstrained build operations Thread 85" [_thread_blocked, id=12748, stack(0x000000468e800000,0x000000468e900000)]
  0x00000222862b8800 JavaThread "Unconstrained build operations Thread 86" [_thread_blocked, id=19304, stack(0x000000468e900000,0x000000468ea00000)]
  0x00000222862b9000 JavaThread "Unconstrained build operations Thread 87" [_thread_blocked, id=7840, stack(0x000000468ea00000,0x000000468eb00000)]
  0x00000222862bb800 JavaThread "Unconstrained build operations Thread 88" [_thread_blocked, id=10596, stack(0x000000468eb00000,0x000000468ec00000)]
  0x000002228132c800 JavaThread "Unconstrained build operations Thread 89" [_thread_blocked, id=20192, stack(0x000000468ec00000,0x000000468ed00000)]
  0x000002228132e000 JavaThread "Unconstrained build operations Thread 90" [_thread_blocked, id=15524, stack(0x000000468ed00000,0x000000468ee00000)]
  0x000002228132d000 JavaThread "Unconstrained build operations Thread 91" [_thread_blocked, id=19740, stack(0x000000468ee00000,0x000000468ef00000)]
  0x000002228132b800 JavaThread "Unconstrained build operations Thread 92" [_thread_blocked, id=2688, stack(0x000000468ef00000,0x000000468f000000)]
  0x0000022281328000 JavaThread "Unconstrained build operations Thread 93" [_thread_blocked, id=7600, stack(0x000000468f000000,0x000000468f100000)]
  0x000002228132f000 JavaThread "Unconstrained build operations Thread 94" [_thread_blocked, id=19156, stack(0x000000468f100000,0x000000468f200000)]
  0x0000022281329000 JavaThread "Unconstrained build operations Thread 95" [_thread_blocked, id=20452, stack(0x000000468f200000,0x000000468f300000)]
  0x000002228132f800 JavaThread "Unconstrained build operations Thread 96" [_thread_blocked, id=14896, stack(0x000000468f300000,0x000000468f400000)]
  0x000002228132a000 JavaThread "Unconstrained build operations Thread 97" [_thread_blocked, id=13484, stack(0x000000468f400000,0x000000468f500000)]
  0x0000022281330800 JavaThread "Unconstrained build operations Thread 98" [_thread_blocked, id=6348, stack(0x000000468f500000,0x000000468f600000)]
  0x000002228132a800 JavaThread "Unconstrained build operations Thread 99" [_thread_blocked, id=13456, stack(0x000000468f600000,0x000000468f700000)]
  0x0000022281337000 JavaThread "Unconstrained build operations Thread 100" [_thread_blocked, id=7544, stack(0x000000468f700000,0x000000468f800000)]
  0x0000022281331000 JavaThread "Unconstrained build operations Thread 101" [_thread_blocked, id=11444, stack(0x000000468f800000,0x000000468f900000)]
  0x0000022281333000 JavaThread "Unconstrained build operations Thread 102" [_thread_blocked, id=19408, stack(0x000000468f900000,0x000000468fa00000)]
  0x0000022281335800 JavaThread "Unconstrained build operations Thread 103" [_thread_blocked, id=19700, stack(0x000000468fa00000,0x000000468fb00000)]
  0x0000022281332000 JavaThread "Unconstrained build operations Thread 104" [_thread_blocked, id=4080, stack(0x000000468fb00000,0x000000468fc00000)]
  0x0000022281333800 JavaThread "Unconstrained build operations Thread 105" [_thread_blocked, id=18984, stack(0x000000468fc00000,0x000000468fd00000)]
  0x0000022281336000 JavaThread "Unconstrained build operations Thread 106" [_thread_blocked, id=3284, stack(0x000000468fd00000,0x000000468fe00000)]
  0x0000022281334800 JavaThread "Unconstrained build operations Thread 107" [_thread_blocked, id=4272, stack(0x000000468fe00000,0x000000468ff00000)]
  0x0000022284b28000 JavaThread "Unconstrained build operations Thread 108" [_thread_blocked, id=18784, stack(0x000000468ff00000,0x0000004690000000)]
  0x0000022284b2a800 JavaThread "Unconstrained build operations Thread 109" [_thread_blocked, id=18396, stack(0x0000004690000000,0x0000004690100000)]
  0x0000022284b27000 JavaThread "Unconstrained build operations Thread 110" [_thread_blocked, id=19800, stack(0x0000004690100000,0x0000004690200000)]
  0x0000022284b2b800 JavaThread "Unconstrained build operations Thread 111" [_thread_blocked, id=8564, stack(0x0000004690200000,0x0000004690300000)]
  0x0000022284b29800 JavaThread "Unconstrained build operations Thread 112" [_thread_blocked, id=19376, stack(0x0000004690300000,0x0000004690400000)]
  0x0000022284b2c000 JavaThread "Unconstrained build operations Thread 113" [_thread_blocked, id=18808, stack(0x0000004690400000,0x0000004690500000)]
  0x0000022284b2d000 JavaThread "Unconstrained build operations Thread 114" [_thread_blocked, id=9240, stack(0x0000004690500000,0x0000004690600000)]
  0x0000022284b2d800 JavaThread "Unconstrained build operations Thread 115" [_thread_blocked, id=10152, stack(0x0000004690600000,0x0000004690700000)]
  0x0000022284b2e800 JavaThread "Unconstrained build operations Thread 116" [_thread_blocked, id=796, stack(0x0000004690700000,0x0000004690800000)]
  0x0000022284b29000 JavaThread "Unconstrained build operations Thread 117" [_thread_blocked, id=18136, stack(0x0000004690800000,0x0000004690900000)]
  0x0000022284b30000 JavaThread "Unconstrained build operations Thread 118" [_thread_blocked, id=8224, stack(0x0000004690900000,0x0000004690a00000)]
  0x0000022284b31000 JavaThread "Unconstrained build operations Thread 119" [_thread_blocked, id=16820, stack(0x0000004690a00000,0x0000004690b00000)]
  0x0000022284b32800 JavaThread "Unconstrained build operations Thread 120" [_thread_blocked, id=2480, stack(0x0000004690b00000,0x0000004690c00000)]
  0x0000022284b32000 JavaThread "jar transforms Thread 4" [_thread_blocked, id=1872, stack(0x0000004690c00000,0x0000004690d00000)]
  0x0000022284b2f800 JavaThread "jar transforms Thread 5" [_thread_blocked, id=5988, stack(0x0000004690d00000,0x0000004690e00000)]
  0x0000022284b35000 JavaThread "jar transforms Thread 6" [_thread_blocked, id=19832, stack(0x0000004690e00000,0x0000004690f00000)]
  0x0000022284b34000 JavaThread "jar transforms Thread 7" [_thread_blocked, id=19080, stack(0x0000004690f00000,0x0000004691000000)]
  0x0000022284b33800 JavaThread "jar transforms Thread 8" [_thread_blocked, id=19872, stack(0x0000004691000000,0x0000004691100000)]
  0x0000022284b36000 JavaThread "jar transforms Thread 9" [_thread_blocked, id=10044, stack(0x0000004691100000,0x0000004691200000)]
  0x0000022281f41800 JavaThread "jar transforms Thread 10" [_thread_blocked, id=16868, stack(0x0000004691200000,0x0000004691300000)]
  0x0000022281f40000 JavaThread "jar transforms Thread 11" [_thread_blocked, id=7580, stack(0x0000004691300000,0x0000004691400000)]
  0x0000022281f3f000 JavaThread "jar transforms Thread 12" [_thread_blocked, id=16472, stack(0x0000004691400000,0x0000004691500000)]
  0x0000022281f42800 JavaThread "Memory manager" [_thread_blocked, id=7244, stack(0x0000004691500000,0x0000004691600000)]

Other Threads:
  0x0000022280d7b800 VMThread "VM Thread" [stack: 0x0000004686200000,0x0000004686300000] [id=10096]
  0x0000022280f7d800 WatcherThread [stack: 0x0000004686c00000,0x0000004686d00000] [id=14688]
  0x00000222e3bfa000 GCTaskThread "GC Thread#0" [stack: 0x0000004685d00000,0x0000004685e00000] [id=10520]
  0x0000022281dc6800 GCTaskThread "GC Thread#1" [stack: 0x0000004686f00000,0x0000004687000000] [id=14628]
  0x00000222813cb000 GCTaskThread "GC Thread#2" [stack: 0x0000004687000000,0x0000004687100000] [id=19632]
  0x0000022282011800 GCTaskThread "GC Thread#3" [stack: 0x0000004687100000,0x0000004687200000] [id=10272]
  0x000002228213c000 GCTaskThread "GC Thread#4" [stack: 0x0000004687200000,0x0000004687300000] [id=12056]
  0x0000022282077800 GCTaskThread "GC Thread#5" [stack: 0x0000004687300000,0x0000004687400000] [id=1464]
  0x0000022283806800 GCTaskThread "GC Thread#6" [stack: 0x0000004688000000,0x0000004688100000] [id=11616]
  0x000002228318b800 GCTaskThread "GC Thread#7" [stack: 0x0000004688100000,0x0000004688200000] [id=18964]
  0x00000222826cd000 GCTaskThread "GC Thread#8" [stack: 0x0000004688200000,0x0000004688300000] [id=18404]
  0x0000022283273800 GCTaskThread "GC Thread#9" [stack: 0x0000004688300000,0x0000004688400000] [id=15728]
  0x00000222e3c2c800 ConcurrentGCThread "G1 Main Marker" [stack: 0x0000004685e00000,0x0000004685f00000] [id=13988]
  0x00000222e3c33800 ConcurrentGCThread "G1 Conc#0" [stack: 0x0000004685f00000,0x0000004686000000] [id=4616]
  0x0000022283c82800 ConcurrentGCThread "G1 Conc#1" [stack: 0x0000004688400000,0x0000004688500000] [id=1700]
  0x0000022284076000 ConcurrentGCThread "G1 Conc#2" [stack: 0x0000004688500000,0x0000004688600000] [id=12300]
  0x00000222e3c30800 ConcurrentGCThread "G1 Refine#0" [stack: 0x0000004686000000,0x0000004686100000] [id=4860]
  0x00000222803cd000 ConcurrentGCThread "G1 Young RemSet Sampling" [stack: 0x0000004686100000,0x0000004686200000] [id=19256]

Threads with active compile tasks:
C2 CompilerThread0   6734 6085   !   4       java.net.URLClassLoader$1::run (81 bytes)
C2 CompilerThread1   6734 6083       4       java.net.URLClassLoader$1::run (5 bytes)
C2 CompilerThread2   6734 6117       4       org.objectweb.asm.MethodWriter::computeAllFrames (510 bytes)

VM state:not at safepoint (normal execution)

VM Mutex/Monitor currently owned by a thread:  ([mutex/lock_event])
[0x00000222e3bdf450] SymbolTable_lock - owner thread: 0x0000000000000000

Heap address: 0x0000000080000000, size: 2048 MB, Compressed Oops mode: 32-bit
Narrow klass base: 0x0000000000000000, Narrow klass shift: 3
Compressed class space size: 1073741824 Address: 0x0000000100000000

Heap:
 garbage-first heap   total 262144K, used 112942K [0x0000000080000000, 0x0000000100000000)
  region size 1024K, 56 young (57344K), 4 survivors (4096K)
 Metaspace       used 63323K, capacity 64970K, committed 65188K, reserved 1105920K
  class space    used 7963K, capacity 8557K, committed 8576K, reserved 1048576K
Heap Regions: E=young(eden), S=young(survivor), O=old, HS=humongous(starts), HC=humongous(continues), CS=collection set, F=free, A=archive, TAMS=top-at-mark-start (previous, next)
|   0|0x0000000080000000, 0x0000000080100000, 0x0000000080100000|100%| O|  |TAMS 0x0000000080100000, 0x0000000080000000| Untracked 
|   1|0x0000000080100000, 0x0000000080200000, 0x0000000080200000|100%| O|  |TAMS 0x0000000080200000, 0x0000000080100000| Untracked 
|   2|0x0000000080200000, 0x0000000080300000, 0x0000000080300000|100%| O|  |TAMS 0x0000000080300000, 0x0000000080200000| Untracked 
|   3|0x0000000080300000, 0x0000000080400000, 0x0000000080400000|100%|HS|  |TAMS 0x0000000080400000, 0x0000000080300000| Complete 
|   4|0x0000000080400000, 0x0000000080500000, 0x0000000080500000|100%|HC|  |TAMS 0x0000000080500000, 0x0000000080400000| Complete 
|   5|0x0000000080500000, 0x0000000080600000, 0x0000000080600000|100%|HC|  |TAMS 0x0000000080600000, 0x0000000080500000| Complete 
|   6|0x0000000080600000, 0x0000000080700000, 0x0000000080700000|100%| O|  |TAMS 0x0000000080700000, 0x0000000080600000| Untracked 
|   7|0x0000000080700000, 0x0000000080800000, 0x0000000080800000|100%| O|  |TAMS 0x0000000080800000, 0x0000000080700000| Untracked 
|   8|0x0000000080800000, 0x0000000080900000, 0x0000000080900000|100%| O|  |TAMS 0x0000000080900000, 0x0000000080800000| Untracked 
|   9|0x0000000080900000, 0x0000000080a00000, 0x0000000080a00000|100%| O|  |TAMS 0x0000000080a00000, 0x0000000080900000| Untracked 
|  10|0x0000000080a00000, 0x0000000080b00000, 0x0000000080b00000|100%| O|  |TAMS 0x0000000080b00000, 0x0000000080a00000| Untracked 
|  11|0x0000000080b00000, 0x0000000080c00000, 0x0000000080c00000|100%| O|  |TAMS 0x0000000080c00000, 0x0000000080b00000| Untracked 
|  12|0x0000000080c00000, 0x0000000080d00000, 0x0000000080d00000|100%| O|  |TAMS 0x0000000080d00000, 0x0000000080c00000| Untracked 
|  13|0x0000000080d00000, 0x0000000080e00000, 0x0000000080e00000|100%| O|  |TAMS 0x0000000080e00000, 0x0000000080d00000| Untracked 
|  14|0x0000000080e00000, 0x0000000080f00000, 0x0000000080f00000|100%| O|  |TAMS 0x0000000080f00000, 0x0000000080e00000| Untracked 
|  15|0x0000000080f00000, 0x0000000081000000, 0x0000000081000000|100%| O|  |TAMS 0x0000000081000000, 0x0000000080f00000| Untracked 
|  16|0x0000000081000000, 0x0000000081100000, 0x0000000081100000|100%| O|  |TAMS 0x0000000081100000, 0x0000000081000000| Untracked 
|  17|0x0000000081100000, 0x0000000081200000, 0x0000000081200000|100%|HS|  |TAMS 0x0000000081200000, 0x0000000081100000| Complete 
|  18|0x0000000081200000, 0x0000000081300000, 0x0000000081300000|100%|HS|  |TAMS 0x0000000081300000, 0x0000000081200000| Complete 
|  19|0x0000000081300000, 0x0000000081400000, 0x0000000081400000|100%|HS|  |TAMS 0x0000000081400000, 0x0000000081300000| Complete 
|  20|0x0000000081400000, 0x0000000081500000, 0x0000000081500000|100%|HS|  |TAMS 0x0000000081500000, 0x0000000081400000| Complete 
|  21|0x0000000081500000, 0x0000000081600000, 0x0000000081600000|100%|HC|  |TAMS 0x0000000081600000, 0x0000000081500000| Complete 
|  22|0x0000000081600000, 0x0000000081700000, 0x0000000081700000|100%|HC|  |TAMS 0x0000000081700000, 0x0000000081600000| Complete 
|  23|0x0000000081700000, 0x0000000081800000, 0x0000000081800000|100%|HC|  |TAMS 0x0000000081800000, 0x0000000081700000| Complete 
|  24|0x0000000081800000, 0x0000000081900000, 0x0000000081900000|100%| O|  |TAMS 0x0000000081900000, 0x0000000081800000| Untracked 
|  25|0x0000000081900000, 0x0000000081a00000, 0x0000000081a00000|100%|HS|  |TAMS 0x0000000081a00000, 0x0000000081900000| Complete 
|  26|0x0000000081a00000, 0x0000000081b00000, 0x0000000081b00000|100%|HC|  |TAMS 0x0000000081b00000, 0x0000000081a00000| Complete 
|  27|0x0000000081b00000, 0x0000000081c00000, 0x0000000081c00000|100%| O|  |TAMS 0x0000000081c00000, 0x0000000081b00000| Untracked 
|  28|0x0000000081c00000, 0x0000000081d00000, 0x0000000081d00000|100%| O|  |TAMS 0x0000000081d00000, 0x0000000081c00000| Untracked 
|  29|0x0000000081d00000, 0x0000000081e00000, 0x0000000081e00000|100%| O|  |TAMS 0x0000000081e00000, 0x0000000081d00000| Untracked 
|  30|0x0000000081e00000, 0x0000000081f00000, 0x0000000081f00000|100%| O|  |TAMS 0x0000000081f00000, 0x0000000081e00000| Untracked 
|  31|0x0000000081f00000, 0x0000000082000000, 0x0000000082000000|100%| O|  |TAMS 0x0000000082000000, 0x0000000081f00000| Untracked 
|  32|0x0000000082000000, 0x0000000082100000, 0x0000000082100000|100%| O|  |TAMS 0x0000000082100000, 0x0000000082000000| Untracked 
|  33|0x0000000082100000, 0x0000000082200000, 0x0000000082200000|100%| O|  |TAMS 0x0000000082200000, 0x0000000082100000| Untracked 
|  34|0x0000000082200000, 0x0000000082300000, 0x0000000082300000|100%| O|  |TAMS 0x0000000082300000, 0x0000000082200000| Untracked 
|  35|0x0000000082300000, 0x0000000082400000, 0x0000000082400000|100%| O|  |TAMS 0x0000000082400000, 0x0000000082300000| Untracked 
|  36|0x0000000082400000, 0x0000000082500000, 0x0000000082500000|100%| O|  |TAMS 0x0000000082500000, 0x0000000082400000| Untracked 
|  37|0x0000000082500000, 0x0000000082600000, 0x0000000082600000|100%| O|  |TAMS 0x0000000082600000, 0x0000000082500000| Untracked 
|  38|0x0000000082600000, 0x0000000082700000, 0x0000000082700000|100%| O|  |TAMS 0x0000000082700000, 0x0000000082600000| Untracked 
|  39|0x0000000082700000, 0x0000000082800000, 0x0000000082800000|100%| O|  |TAMS 0x0000000082800000, 0x0000000082700000| Untracked 
|  40|0x0000000082800000, 0x0000000082900000, 0x0000000082900000|100%| O|  |TAMS 0x0000000082900000, 0x0000000082800000| Untracked 
|  41|0x0000000082900000, 0x0000000082a00000, 0x0000000082a00000|100%| O|  |TAMS 0x0000000082a00000, 0x0000000082900000| Untracked 
|  42|0x0000000082a00000, 0x0000000082b00000, 0x0000000082b00000|100%| O|  |TAMS 0x0000000082b00000, 0x0000000082a00000| Untracked 
|  43|0x0000000082b00000, 0x0000000082c00000, 0x0000000082c00000|100%| O|  |TAMS 0x0000000082c00000, 0x0000000082b00000| Untracked 
|  44|0x0000000082c00000, 0x0000000082d00000, 0x0000000082d00000|100%| O|  |TAMS 0x0000000082d00000, 0x0000000082c00000| Untracked 
|  45|0x0000000082d00000, 0x0000000082e00000, 0x0000000082e00000|100%| O|  |TAMS 0x0000000082e00000, 0x0000000082d00000| Untracked 
|  46|0x0000000082e00000, 0x0000000082f00000, 0x0000000082f00000|100%| O|  |TAMS 0x0000000082f00000, 0x0000000082e00000| Untracked 
|  47|0x0000000082f00000, 0x0000000083000000, 0x0000000083000000|100%| O|  |TAMS 0x0000000083000000, 0x0000000082f00000| Untracked 
|  48|0x0000000083000000, 0x0000000083100000, 0x0000000083100000|100%| O|  |TAMS 0x0000000083100000, 0x0000000083000000| Untracked 
|  49|0x0000000083100000, 0x00000000831c1000, 0x0000000083200000| 75%| O|  |TAMS 0x00000000831c1000, 0x0000000083100000| Untracked 
|  50|0x0000000083200000, 0x0000000083300000, 0x0000000083300000|100%|HS|  |TAMS 0x0000000083200000, 0x0000000083200000| Complete 
|  51|0x0000000083300000, 0x0000000083400000, 0x0000000083400000|100%|HS|  |TAMS 0x0000000083300000, 0x0000000083300000| Complete 
|  52|0x0000000083400000, 0x0000000083500000, 0x0000000083500000|100%|HS|  |TAMS 0x0000000083400000, 0x0000000083400000| Complete 
|  53|0x0000000083500000, 0x0000000083600000, 0x0000000083600000|100%|HS|  |TAMS 0x0000000083500000, 0x0000000083500000| Complete 
|  54|0x0000000083600000, 0x0000000083700000, 0x0000000083700000|100%|HS|  |TAMS 0x0000000083600000, 0x0000000083600000| Complete 
|  55|0x0000000083700000, 0x0000000083800000, 0x0000000083800000|100%|HS|  |TAMS 0x0000000083700000, 0x0000000083700000| Complete 
|  56|0x0000000083800000, 0x0000000083900000, 0x0000000083900000|100%|HS|  |TAMS 0x0000000083800000, 0x0000000083800000| Complete 
|  57|0x0000000083900000, 0x0000000083900000, 0x0000000083a00000|  0%| F|  |TAMS 0x0000000083900000, 0x0000000083900000| Untracked 
|  58|0x0000000083a00000, 0x0000000083a00000, 0x0000000083b00000|  0%| F|  |TAMS 0x0000000083a00000, 0x0000000083a00000| Untracked 
|  59|0x0000000083b00000, 0x0000000083b00000, 0x0000000083c00000|  0%| F|  |TAMS 0x0000000083b00000, 0x0000000083b00000| Untracked 
|  60|0x0000000083c00000, 0x0000000083c00000, 0x0000000083d00000|  0%| F|  |TAMS 0x0000000083c00000, 0x0000000083c00000| Untracked 
|  61|0x0000000083d00000, 0x0000000083d00000, 0x0000000083e00000|  0%| F|  |TAMS 0x0000000083d00000, 0x0000000083d00000| Untracked 
|  62|0x0000000083e00000, 0x0000000083e00000, 0x0000000083f00000|  0%| F|  |TAMS 0x0000000083e00000, 0x0000000083e00000| Untracked 
|  63|0x0000000083f00000, 0x0000000083f00000, 0x0000000084000000|  0%| F|  |TAMS 0x0000000083f00000, 0x0000000083f00000| Untracked 
|  64|0x0000000084000000, 0x0000000084000000, 0x0000000084100000|  0%| F|  |TAMS 0x0000000084000000, 0x0000000084000000| Untracked 
|  65|0x0000000084100000, 0x0000000084100000, 0x0000000084200000|  0%| F|  |TAMS 0x0000000084100000, 0x0000000084100000| Untracked 
|  66|0x0000000084200000, 0x0000000084200000, 0x0000000084300000|  0%| F|  |TAMS 0x0000000084200000, 0x0000000084200000| Untracked 
|  67|0x0000000084300000, 0x0000000084300000, 0x0000000084400000|  0%| F|  |TAMS 0x0000000084300000, 0x0000000084300000| Untracked 
|  68|0x0000000084400000, 0x0000000084400000, 0x0000000084500000|  0%| F|  |TAMS 0x0000000084400000, 0x0000000084400000| Untracked 
|  69|0x0000000084500000, 0x0000000084500000, 0x0000000084600000|  0%| F|  |TAMS 0x0000000084500000, 0x0000000084500000| Untracked 
|  70|0x0000000084600000, 0x0000000084600000, 0x0000000084700000|  0%| F|  |TAMS 0x0000000084600000, 0x0000000084600000| Untracked 
|  71|0x0000000084700000, 0x0000000084700000, 0x0000000084800000|  0%| F|  |TAMS 0x0000000084700000, 0x0000000084700000| Untracked 
|  72|0x0000000084800000, 0x0000000084800000, 0x0000000084900000|  0%| F|  |TAMS 0x0000000084800000, 0x0000000084800000| Untracked 
|  73|0x0000000084900000, 0x0000000084900000, 0x0000000084a00000|  0%| F|  |TAMS 0x0000000084900000, 0x0000000084900000| Untracked 
|  74|0x0000000084a00000, 0x0000000084a00000, 0x0000000084b00000|  0%| F|  |TAMS 0x0000000084a00000, 0x0000000084a00000| Untracked 
|  75|0x0000000084b00000, 0x0000000084b00000, 0x0000000084c00000|  0%| F|  |TAMS 0x0000000084b00000, 0x0000000084b00000| Untracked 
|  76|0x0000000084c00000, 0x0000000084c00000, 0x0000000084d00000|  0%| F|  |TAMS 0x0000000084c00000, 0x0000000084c00000| Untracked 
|  77|0x0000000084d00000, 0x0000000084d00000, 0x0000000084e00000|  0%| F|  |TAMS 0x0000000084d00000, 0x0000000084d00000| Untracked 
|  78|0x0000000084e00000, 0x0000000084e00000, 0x0000000084f00000|  0%| F|  |TAMS 0x0000000084e00000, 0x0000000084e00000| Untracked 
|  79|0x0000000084f00000, 0x0000000084f00000, 0x0000000085000000|  0%| F|  |TAMS 0x0000000084f00000, 0x0000000084f00000| Untracked 
|  80|0x0000000085000000, 0x0000000085000000, 0x0000000085100000|  0%| F|  |TAMS 0x0000000085000000, 0x0000000085000000| Untracked 
|  81|0x0000000085100000, 0x0000000085100000, 0x0000000085200000|  0%| F|  |TAMS 0x0000000085100000, 0x0000000085100000| Untracked 
|  82|0x0000000085200000, 0x0000000085200000, 0x0000000085300000|  0%| F|  |TAMS 0x0000000085200000, 0x0000000085200000| Untracked 
|  83|0x0000000085300000, 0x0000000085300000, 0x0000000085400000|  0%| F|  |TAMS 0x0000000085300000, 0x0000000085300000| Untracked 
|  84|0x0000000085400000, 0x0000000085400000, 0x0000000085500000|  0%| F|  |TAMS 0x0000000085400000, 0x0000000085400000| Untracked 
|  85|0x0000000085500000, 0x0000000085500000, 0x0000000085600000|  0%| F|  |TAMS 0x0000000085500000, 0x0000000085500000| Untracked 
|  86|0x0000000085600000, 0x0000000085600000, 0x0000000085700000|  0%| F|  |TAMS 0x0000000085600000, 0x0000000085600000| Untracked 
|  87|0x0000000085700000, 0x0000000085700000, 0x0000000085800000|  0%| F|  |TAMS 0x0000000085700000, 0x0000000085700000| Untracked 
|  88|0x0000000085800000, 0x0000000085800000, 0x0000000085900000|  0%| F|  |TAMS 0x0000000085800000, 0x0000000085800000| Untracked 
|  89|0x0000000085900000, 0x0000000085900000, 0x0000000085a00000|  0%| F|  |TAMS 0x0000000085900000, 0x0000000085900000| Untracked 
|  90|0x0000000085a00000, 0x0000000085a00000, 0x0000000085b00000|  0%| F|  |TAMS 0x0000000085a00000, 0x0000000085a00000| Untracked 
|  91|0x0000000085b00000, 0x0000000085b00000, 0x0000000085c00000|  0%| F|  |TAMS 0x0000000085b00000, 0x0000000085b00000| Untracked 
|  92|0x0000000085c00000, 0x0000000085c00000, 0x0000000085d00000|  0%| F|  |TAMS 0x0000000085c00000, 0x0000000085c00000| Untracked 
|  93|0x0000000085d00000, 0x0000000085d00000, 0x0000000085e00000|  0%| F|  |TAMS 0x0000000085d00000, 0x0000000085d00000| Untracked 
|  94|0x0000000085e00000, 0x0000000085e00000, 0x0000000085f00000|  0%| F|  |TAMS 0x0000000085e00000, 0x0000000085e00000| Untracked 
|  95|0x0000000085f00000, 0x0000000085f00000, 0x0000000086000000|  0%| F|  |TAMS 0x0000000085f00000, 0x0000000085f00000| Untracked 
|  96|0x0000000086000000, 0x0000000086000000, 0x0000000086100000|  0%| F|  |TAMS 0x0000000086000000, 0x0000000086000000| Untracked 
|  97|0x0000000086100000, 0x0000000086100000, 0x0000000086200000|  0%| F|  |TAMS 0x0000000086100000, 0x0000000086100000| Untracked 
|  98|0x0000000086200000, 0x0000000086200000, 0x0000000086300000|  0%| F|  |TAMS 0x0000000086200000, 0x0000000086200000| Untracked 
|  99|0x0000000086300000, 0x0000000086300000, 0x0000000086400000|  0%| F|  |TAMS 0x0000000086300000, 0x0000000086300000| Untracked 
| 100|0x0000000086400000, 0x0000000086400000, 0x0000000086500000|  0%| F|  |TAMS 0x0000000086400000, 0x0000000086400000| Untracked 
| 101|0x0000000086500000, 0x0000000086500000, 0x0000000086600000|  0%| F|  |TAMS 0x0000000086500000, 0x0000000086500000| Untracked 
| 102|0x0000000086600000, 0x0000000086600000, 0x0000000086700000|  0%| F|  |TAMS 0x0000000086600000, 0x0000000086600000| Untracked 
| 103|0x0000000086700000, 0x0000000086700000, 0x0000000086800000|  0%| F|  |TAMS 0x0000000086700000, 0x0000000086700000| Untracked 
| 104|0x0000000086800000, 0x0000000086800000, 0x0000000086900000|  0%| F|  |TAMS 0x0000000086800000, 0x0000000086800000| Untracked 
| 105|0x0000000086900000, 0x0000000086900000, 0x0000000086a00000|  0%| F|  |TAMS 0x0000000086900000, 0x0000000086900000| Untracked 
| 106|0x0000000086a00000, 0x0000000086a00000, 0x0000000086b00000|  0%| F|  |TAMS 0x0000000086a00000, 0x0000000086a00000| Untracked 
| 107|0x0000000086b00000, 0x0000000086b00000, 0x0000000086c00000|  0%| F|  |TAMS 0x0000000086b00000, 0x0000000086b00000| Untracked 
| 108|0x0000000086c00000, 0x0000000086c00000, 0x0000000086d00000|  0%| F|  |TAMS 0x0000000086c00000, 0x0000000086c00000| Untracked 
| 109|0x0000000086d00000, 0x0000000086d00000, 0x0000000086e00000|  0%| F|  |TAMS 0x0000000086d00000, 0x0000000086d00000| Untracked 
| 110|0x0000000086e00000, 0x0000000086e00000, 0x0000000086f00000|  0%| F|  |TAMS 0x0000000086e00000, 0x0000000086e00000| Untracked 
| 111|0x0000000086f00000, 0x0000000086f00000, 0x0000000087000000|  0%| F|  |TAMS 0x0000000086f00000, 0x0000000086f00000| Untracked 
| 112|0x0000000087000000, 0x0000000087000000, 0x0000000087100000|  0%| F|  |TAMS 0x0000000087000000, 0x0000000087000000| Untracked 
| 113|0x0000000087100000, 0x0000000087100000, 0x0000000087200000|  0%| F|  |TAMS 0x0000000087100000, 0x0000000087100000| Untracked 
| 114|0x0000000087200000, 0x0000000087200000, 0x0000000087300000|  0%| F|  |TAMS 0x0000000087200000, 0x0000000087200000| Untracked 
| 115|0x0000000087300000, 0x0000000087300000, 0x0000000087400000|  0%| F|  |TAMS 0x0000000087300000, 0x0000000087300000| Untracked 
| 116|0x0000000087400000, 0x0000000087400000, 0x0000000087500000|  0%| F|  |TAMS 0x0000000087400000, 0x0000000087400000| Untracked 
| 117|0x0000000087500000, 0x0000000087500000, 0x0000000087600000|  0%| F|  |TAMS 0x0000000087500000, 0x0000000087500000| Untracked 
| 118|0x0000000087600000, 0x0000000087600000, 0x0000000087700000|  0%| F|  |TAMS 0x0000000087600000, 0x0000000087600000| Untracked 
| 119|0x0000000087700000, 0x0000000087700000, 0x0000000087800000|  0%| F|  |TAMS 0x0000000087700000, 0x0000000087700000| Untracked 
| 120|0x0000000087800000, 0x0000000087800000, 0x0000000087900000|  0%| F|  |TAMS 0x0000000087800000, 0x0000000087800000| Untracked 
| 121|0x0000000087900000, 0x0000000087900000, 0x0000000087a00000|  0%| F|  |TAMS 0x0000000087900000, 0x0000000087900000| Untracked 
| 122|0x0000000087a00000, 0x0000000087a00000, 0x0000000087b00000|  0%| F|  |TAMS 0x0000000087a00000, 0x0000000087a00000| Untracked 
| 123|0x0000000087b00000, 0x0000000087b00000, 0x0000000087c00000|  0%| F|  |TAMS 0x0000000087b00000, 0x0000000087b00000| Untracked 
| 124|0x0000000087c00000, 0x0000000087c00000, 0x0000000087d00000|  0%| F|  |TAMS 0x0000000087c00000, 0x0000000087c00000| Untracked 
| 125|0x0000000087d00000, 0x0000000087d00000, 0x0000000087e00000|  0%| F|  |TAMS 0x0000000087d00000, 0x0000000087d00000| Untracked 
| 126|0x0000000087e00000, 0x0000000087e00000, 0x0000000087f00000|  0%| F|  |TAMS 0x0000000087e00000, 0x0000000087e00000| Untracked 
| 127|0x0000000087f00000, 0x0000000087f00000, 0x0000000088000000|  0%| F|  |TAMS 0x0000000087f00000, 0x0000000087f00000| Untracked 
| 128|0x0000000088000000, 0x0000000088000000, 0x0000000088100000|  0%| F|  |TAMS 0x0000000088000000, 0x0000000088000000| Untracked 
| 129|0x0000000088100000, 0x0000000088100000, 0x0000000088200000|  0%| F|  |TAMS 0x0000000088100000, 0x0000000088100000| Untracked 
| 130|0x0000000088200000, 0x0000000088200000, 0x0000000088300000|  0%| F|  |TAMS 0x0000000088200000, 0x0000000088200000| Untracked 
| 131|0x0000000088300000, 0x0000000088300000, 0x0000000088400000|  0%| F|  |TAMS 0x0000000088300000, 0x0000000088300000| Untracked 
| 132|0x0000000088400000, 0x0000000088400000, 0x0000000088500000|  0%| F|  |TAMS 0x0000000088400000, 0x0000000088400000| Untracked 
| 133|0x0000000088500000, 0x0000000088500000, 0x0000000088600000|  0%| F|  |TAMS 0x0000000088500000, 0x0000000088500000| Untracked 
| 134|0x0000000088600000, 0x0000000088600000, 0x0000000088700000|  0%| F|  |TAMS 0x0000000088600000, 0x0000000088600000| Untracked 
| 135|0x0000000088700000, 0x0000000088700000, 0x0000000088800000|  0%| F|  |TAMS 0x0000000088700000, 0x0000000088700000| Untracked 
| 136|0x0000000088800000, 0x0000000088800000, 0x0000000088900000|  0%| F|  |TAMS 0x0000000088800000, 0x0000000088800000| Untracked 
| 137|0x0000000088900000, 0x0000000088900000, 0x0000000088a00000|  0%| F|  |TAMS 0x0000000088900000, 0x0000000088900000| Untracked 
| 138|0x0000000088a00000, 0x0000000088a00000, 0x0000000088b00000|  0%| F|  |TAMS 0x0000000088a00000, 0x0000000088a00000| Untracked 
| 139|0x0000000088b00000, 0x0000000088b00000, 0x0000000088c00000|  0%| F|  |TAMS 0x0000000088b00000, 0x0000000088b00000| Untracked 
| 140|0x0000000088c00000, 0x0000000088c00000, 0x0000000088d00000|  0%| F|  |TAMS 0x0000000088c00000, 0x0000000088c00000| Untracked 
| 141|0x0000000088d00000, 0x0000000088d00000, 0x0000000088e00000|  0%| F|  |TAMS 0x0000000088d00000, 0x0000000088d00000| Untracked 
| 142|0x0000000088e00000, 0x0000000088e00000, 0x0000000088f00000|  0%| F|  |TAMS 0x0000000088e00000, 0x0000000088e00000| Untracked 
| 143|0x0000000088f00000, 0x0000000088f00000, 0x0000000089000000|  0%| F|  |TAMS 0x0000000088f00000, 0x0000000088f00000| Untracked 
| 144|0x0000000089000000, 0x0000000089000000, 0x0000000089100000|  0%| F|  |TAMS 0x0000000089000000, 0x0000000089000000| Untracked 
| 145|0x0000000089100000, 0x0000000089100000, 0x0000000089200000|  0%| F|  |TAMS 0x0000000089100000, 0x0000000089100000| Untracked 
| 146|0x0000000089200000, 0x0000000089200000, 0x0000000089300000|  0%| F|  |TAMS 0x0000000089200000, 0x0000000089200000| Untracked 
| 147|0x0000000089300000, 0x0000000089300000, 0x0000000089400000|  0%| F|  |TAMS 0x0000000089300000, 0x0000000089300000| Untracked 
| 148|0x0000000089400000, 0x0000000089400000, 0x0000000089500000|  0%| F|  |TAMS 0x0000000089400000, 0x0000000089400000| Untracked 
| 149|0x0000000089500000, 0x0000000089500000, 0x0000000089600000|  0%| F|  |TAMS 0x0000000089500000, 0x0000000089500000| Untracked 
| 150|0x0000000089600000, 0x0000000089600000, 0x0000000089700000|  0%| F|  |TAMS 0x0000000089600000, 0x0000000089600000| Untracked 
| 151|0x0000000089700000, 0x0000000089700000, 0x0000000089800000|  0%| F|  |TAMS 0x0000000089700000, 0x0000000089700000| Untracked 
| 152|0x0000000089800000, 0x0000000089800000, 0x0000000089900000|  0%| F|  |TAMS 0x0000000089800000, 0x0000000089800000| Untracked 
| 153|0x0000000089900000, 0x0000000089900000, 0x0000000089a00000|  0%| F|  |TAMS 0x0000000089900000, 0x0000000089900000| Untracked 
| 154|0x0000000089a00000, 0x0000000089a00000, 0x0000000089b00000|  0%| F|  |TAMS 0x0000000089a00000, 0x0000000089a00000| Untracked 
| 155|0x0000000089b00000, 0x0000000089b00000, 0x0000000089c00000|  0%| F|  |TAMS 0x0000000089b00000, 0x0000000089b00000| Untracked 
| 156|0x0000000089c00000, 0x0000000089c00000, 0x0000000089d00000|  0%| F|  |TAMS 0x0000000089c00000, 0x0000000089c00000| Untracked 
| 157|0x0000000089d00000, 0x0000000089d00000, 0x0000000089e00000|  0%| F|  |TAMS 0x0000000089d00000, 0x0000000089d00000| Untracked 
| 158|0x0000000089e00000, 0x0000000089e00000, 0x0000000089f00000|  0%| F|  |TAMS 0x0000000089e00000, 0x0000000089e00000| Untracked 
| 159|0x0000000089f00000, 0x0000000089f00000, 0x000000008a000000|  0%| F|  |TAMS 0x0000000089f00000, 0x0000000089f00000| Untracked 
| 160|0x000000008a000000, 0x000000008a000000, 0x000000008a100000|  0%| F|  |TAMS 0x000000008a000000, 0x000000008a000000| Untracked 
| 161|0x000000008a100000, 0x000000008a100000, 0x000000008a200000|  0%| F|  |TAMS 0x000000008a100000, 0x000000008a100000| Untracked 
| 162|0x000000008a200000, 0x000000008a200000, 0x000000008a300000|  0%| F|  |TAMS 0x000000008a200000, 0x000000008a200000| Untracked 
| 163|0x000000008a300000, 0x000000008a300000, 0x000000008a400000|  0%| F|  |TAMS 0x000000008a300000, 0x000000008a300000| Untracked 
| 164|0x000000008a400000, 0x000000008a400000, 0x000000008a500000|  0%| F|  |TAMS 0x000000008a400000, 0x000000008a400000| Untracked 
| 165|0x000000008a500000, 0x000000008a500000, 0x000000008a600000|  0%| F|  |TAMS 0x000000008a500000, 0x000000008a500000| Untracked 
| 166|0x000000008a600000, 0x000000008a600000, 0x000000008a700000|  0%| F|  |TAMS 0x000000008a600000, 0x000000008a600000| Untracked 
| 167|0x000000008a700000, 0x000000008a700000, 0x000000008a800000|  0%| F|  |TAMS 0x000000008a700000, 0x000000008a700000| Untracked 
| 168|0x000000008a800000, 0x000000008a800000, 0x000000008a900000|  0%| F|  |TAMS 0x000000008a800000, 0x000000008a800000| Untracked 
| 169|0x000000008a900000, 0x000000008a900000, 0x000000008aa00000|  0%| F|  |TAMS 0x000000008a900000, 0x000000008a900000| Untracked 
| 170|0x000000008aa00000, 0x000000008aa00000, 0x000000008ab00000|  0%| F|  |TAMS 0x000000008aa00000, 0x000000008aa00000| Untracked 
| 171|0x000000008ab00000, 0x000000008ab00000, 0x000000008ac00000|  0%| F|  |TAMS 0x000000008ab00000, 0x000000008ab00000| Untracked 
| 172|0x000000008ac00000, 0x000000008ac00000, 0x000000008ad00000|  0%| F|  |TAMS 0x000000008ac00000, 0x000000008ac00000| Untracked 
| 173|0x000000008ad00000, 0x000000008ad00000, 0x000000008ae00000|  0%| F|  |TAMS 0x000000008ad00000, 0x000000008ad00000| Untracked 
| 174|0x000000008ae00000, 0x000000008ae00000, 0x000000008af00000|  0%| F|  |TAMS 0x000000008ae00000, 0x000000008ae00000| Untracked 
| 175|0x000000008af00000, 0x000000008af00000, 0x000000008b000000|  0%| F|  |TAMS 0x000000008af00000, 0x000000008af00000| Untracked 
| 176|0x000000008b000000, 0x000000008b000000, 0x000000008b100000|  0%| F|  |TAMS 0x000000008b000000, 0x000000008b000000| Untracked 
| 177|0x000000008b100000, 0x000000008b100000, 0x000000008b200000|  0%| F|  |TAMS 0x000000008b100000, 0x000000008b100000| Untracked 
| 178|0x000000008b200000, 0x000000008b200000, 0x000000008b300000|  0%| F|  |TAMS 0x000000008b200000, 0x000000008b200000| Untracked 
| 179|0x000000008b300000, 0x000000008b300000, 0x000000008b400000|  0%| F|  |TAMS 0x000000008b300000, 0x000000008b300000| Untracked 
| 180|0x000000008b400000, 0x000000008b400000, 0x000000008b500000|  0%| F|  |TAMS 0x000000008b400000, 0x000000008b400000| Untracked 
| 181|0x000000008b500000, 0x000000008b500000, 0x000000008b600000|  0%| F|  |TAMS 0x000000008b500000, 0x000000008b500000| Untracked 
| 182|0x000000008b600000, 0x000000008b600000, 0x000000008b700000|  0%| F|  |TAMS 0x000000008b600000, 0x000000008b600000| Untracked 
| 183|0x000000008b700000, 0x000000008b700000, 0x000000008b800000|  0%| F|  |TAMS 0x000000008b700000, 0x000000008b700000| Untracked 
| 184|0x000000008b800000, 0x000000008b800000, 0x000000008b900000|  0%| F|  |TAMS 0x000000008b800000, 0x000000008b800000| Untracked 
| 185|0x000000008b900000, 0x000000008b900000, 0x000000008ba00000|  0%| F|  |TAMS 0x000000008b900000, 0x000000008b900000| Untracked 
| 186|0x000000008ba00000, 0x000000008ba00000, 0x000000008bb00000|  0%| F|  |TAMS 0x000000008ba00000, 0x000000008ba00000| Untracked 
| 187|0x000000008bb00000, 0x000000008bb00000, 0x000000008bc00000|  0%| F|  |TAMS 0x000000008bb00000, 0x000000008bb00000| Untracked 
| 188|0x000000008bc00000, 0x000000008bc00000, 0x000000008bd00000|  0%| F|  |TAMS 0x000000008bc00000, 0x000000008bc00000| Untracked 
| 189|0x000000008bd00000, 0x000000008bd00000, 0x000000008be00000|  0%| F|  |TAMS 0x000000008bd00000, 0x000000008bd00000| Untracked 
| 190|0x000000008be00000, 0x000000008be00000, 0x000000008bf00000|  0%| F|  |TAMS 0x000000008be00000, 0x000000008be00000| Untracked 
| 191|0x000000008bf00000, 0x000000008bf00000, 0x000000008c000000|  0%| F|  |TAMS 0x000000008bf00000, 0x000000008bf00000| Untracked 
| 192|0x000000008c000000, 0x000000008c000000, 0x000000008c100000|  0%| F|  |TAMS 0x000000008c000000, 0x000000008c000000| Untracked 
| 193|0x000000008c100000, 0x000000008c100000, 0x000000008c200000|  0%| F|  |TAMS 0x000000008c100000, 0x000000008c100000| Untracked 
| 194|0x000000008c200000, 0x000000008c200000, 0x000000008c300000|  0%| F|  |TAMS 0x000000008c200000, 0x000000008c200000| Untracked 
| 195|0x000000008c300000, 0x000000008c300000, 0x000000008c400000|  0%| F|  |TAMS 0x000000008c300000, 0x000000008c300000| Untracked 
| 196|0x000000008c400000, 0x000000008c400000, 0x000000008c500000|  0%| F|  |TAMS 0x000000008c400000, 0x000000008c400000| Untracked 
| 197|0x000000008c500000, 0x000000008c500000, 0x000000008c600000|  0%| F|  |TAMS 0x000000008c500000, 0x000000008c500000| Untracked 
| 198|0x000000008c600000, 0x000000008c600000, 0x000000008c700000|  0%| F|  |TAMS 0x000000008c600000, 0x000000008c600000| Untracked 
| 199|0x000000008c700000, 0x000000008c78ab20, 0x000000008c800000| 54%| S|CS|TAMS 0x000000008c700000, 0x000000008c700000| Complete 
| 200|0x000000008c800000, 0x000000008c900000, 0x000000008c900000|100%| S|CS|TAMS 0x000000008c800000, 0x000000008c800000| Complete 
| 201|0x000000008c900000, 0x000000008ca00000, 0x000000008ca00000|100%| S|CS|TAMS 0x000000008c900000, 0x000000008c900000| Complete 
| 202|0x000000008ca00000, 0x000000008cb00000, 0x000000008cb00000|100%| S|CS|TAMS 0x000000008ca00000, 0x000000008ca00000| Complete 
| 203|0x000000008cb00000, 0x000000008cb80760, 0x000000008cc00000| 50%| E|  |TAMS 0x000000008cb00000, 0x000000008cb00000| Complete 
| 204|0x000000008cc00000, 0x000000008cd00000, 0x000000008cd00000|100%| E|CS|TAMS 0x000000008cc00000, 0x000000008cc00000| Complete 
| 205|0x000000008cd00000, 0x000000008ce00000, 0x000000008ce00000|100%| E|CS|TAMS 0x000000008cd00000, 0x000000008cd00000| Complete 
| 206|0x000000008ce00000, 0x000000008cf00000, 0x000000008cf00000|100%| E|CS|TAMS 0x000000008ce00000, 0x000000008ce00000| Complete 
| 207|0x000000008cf00000, 0x000000008d000000, 0x000000008d000000|100%| E|CS|TAMS 0x000000008cf00000, 0x000000008cf00000| Complete 
| 208|0x000000008d000000, 0x000000008d100000, 0x000000008d100000|100%| E|CS|TAMS 0x000000008d000000, 0x000000008d000000| Complete 
| 209|0x000000008d100000, 0x000000008d200000, 0x000000008d200000|100%| E|CS|TAMS 0x000000008d100000, 0x000000008d100000| Complete 
| 210|0x000000008d200000, 0x000000008d300000, 0x000000008d300000|100%| E|CS|TAMS 0x000000008d200000, 0x000000008d200000| Complete 
| 211|0x000000008d300000, 0x000000008d400000, 0x000000008d400000|100%| E|CS|TAMS 0x000000008d300000, 0x000000008d300000| Complete 
| 212|0x000000008d400000, 0x000000008d500000, 0x000000008d500000|100%| E|CS|TAMS 0x000000008d400000, 0x000000008d400000| Complete 
| 213|0x000000008d500000, 0x000000008d600000, 0x000000008d600000|100%| E|CS|TAMS 0x000000008d500000, 0x000000008d500000| Complete 
| 214|0x000000008d600000, 0x000000008d700000, 0x000000008d700000|100%| E|CS|TAMS 0x000000008d600000, 0x000000008d600000| Complete 
| 215|0x000000008d700000, 0x000000008d800000, 0x000000008d800000|100%| E|CS|TAMS 0x000000008d700000, 0x000000008d700000| Complete 
| 216|0x000000008d800000, 0x000000008d900000, 0x000000008d900000|100%| E|CS|TAMS 0x000000008d800000, 0x000000008d800000| Complete 
| 217|0x000000008d900000, 0x000000008da00000, 0x000000008da00000|100%| E|CS|TAMS 0x000000008d900000, 0x000000008d900000| Complete 
| 218|0x000000008da00000, 0x000000008db00000, 0x000000008db00000|100%| E|CS|TAMS 0x000000008da00000, 0x000000008da00000| Complete 
| 219|0x000000008db00000, 0x000000008dc00000, 0x000000008dc00000|100%| E|CS|TAMS 0x000000008db00000, 0x000000008db00000| Complete 
| 220|0x000000008dc00000, 0x000000008dd00000, 0x000000008dd00000|100%| E|CS|TAMS 0x000000008dc00000, 0x000000008dc00000| Complete 
| 221|0x000000008dd00000, 0x000000008de00000, 0x000000008de00000|100%| E|CS|TAMS 0x000000008dd00000, 0x000000008dd00000| Complete 
| 222|0x000000008de00000, 0x000000008df00000, 0x000000008df00000|100%| E|CS|TAMS 0x000000008de00000, 0x000000008de00000| Complete 
| 223|0x000000008df00000, 0x000000008e000000, 0x000000008e000000|100%| E|CS|TAMS 0x000000008df00000, 0x000000008df00000| Complete 
| 224|0x000000008e000000, 0x000000008e100000, 0x000000008e100000|100%| E|CS|TAMS 0x000000008e000000, 0x000000008e000000| Complete 
| 225|0x000000008e100000, 0x000000008e200000, 0x000000008e200000|100%| E|CS|TAMS 0x000000008e100000, 0x000000008e100000| Complete 
| 226|0x000000008e200000, 0x000000008e300000, 0x000000008e300000|100%| E|CS|TAMS 0x000000008e200000, 0x000000008e200000| Complete 
| 227|0x000000008e300000, 0x000000008e400000, 0x000000008e400000|100%| E|CS|TAMS 0x000000008e300000, 0x000000008e300000| Complete 
| 228|0x000000008e400000, 0x000000008e500000, 0x000000008e500000|100%| E|CS|TAMS 0x000000008e400000, 0x000000008e400000| Complete 
| 229|0x000000008e500000, 0x000000008e600000, 0x000000008e600000|100%| E|CS|TAMS 0x000000008e500000, 0x000000008e500000| Complete 
| 230|0x000000008e600000, 0x000000008e700000, 0x000000008e700000|100%| E|CS|TAMS 0x000000008e600000, 0x000000008e600000| Complete 
| 231|0x000000008e700000, 0x000000008e800000, 0x000000008e800000|100%| E|  |TAMS 0x000000008e700000, 0x000000008e700000| Complete 
| 232|0x000000008e800000, 0x000000008e900000, 0x000000008e900000|100%| E|CS|TAMS 0x000000008e800000, 0x000000008e800000| Complete 
| 233|0x000000008e900000, 0x000000008ea00000, 0x000000008ea00000|100%| E|CS|TAMS 0x000000008e900000, 0x000000008e900000| Complete 
| 234|0x000000008ea00000, 0x000000008eb00000, 0x000000008eb00000|100%| E|CS|TAMS 0x000000008ea00000, 0x000000008ea00000| Complete 
| 235|0x000000008eb00000, 0x000000008ec00000, 0x000000008ec00000|100%| E|CS|TAMS 0x000000008eb00000, 0x000000008eb00000| Complete 
| 236|0x000000008ec00000, 0x000000008ed00000, 0x000000008ed00000|100%| E|CS|TAMS 0x000000008ec00000, 0x000000008ec00000| Complete 
| 237|0x000000008ed00000, 0x000000008ee00000, 0x000000008ee00000|100%| E|CS|TAMS 0x000000008ed00000, 0x000000008ed00000| Complete 
| 238|0x000000008ee00000, 0x000000008ef00000, 0x000000008ef00000|100%| E|CS|TAMS 0x000000008ee00000, 0x000000008ee00000| Complete 
| 239|0x000000008ef00000, 0x000000008f000000, 0x000000008f000000|100%| E|CS|TAMS 0x000000008ef00000, 0x000000008ef00000| Complete 
| 240|0x000000008f000000, 0x000000008f100000, 0x000000008f100000|100%| E|CS|TAMS 0x000000008f000000, 0x000000008f000000| Complete 
| 241|0x000000008f100000, 0x000000008f200000, 0x000000008f200000|100%| E|CS|TAMS 0x000000008f100000, 0x000000008f100000| Complete 
| 242|0x000000008f200000, 0x000000008f300000, 0x000000008f300000|100%| E|CS|TAMS 0x000000008f200000, 0x000000008f200000| Complete 
| 243|0x000000008f300000, 0x000000008f400000, 0x000000008f400000|100%| E|CS|TAMS 0x000000008f300000, 0x000000008f300000| Complete 
| 244|0x000000008f400000, 0x000000008f500000, 0x000000008f500000|100%| E|CS|TAMS 0x000000008f400000, 0x000000008f400000| Complete 
| 245|0x000000008f500000, 0x000000008f600000, 0x000000008f600000|100%| E|CS|TAMS 0x000000008f500000, 0x000000008f500000| Complete 
| 246|0x000000008f600000, 0x000000008f700000, 0x000000008f700000|100%| E|CS|TAMS 0x000000008f600000, 0x000000008f600000| Complete 
| 247|0x000000008f700000, 0x000000008f800000, 0x000000008f800000|100%| E|CS|TAMS 0x000000008f700000, 0x000000008f700000| Complete 
| 248|0x000000008f800000, 0x000000008f900000, 0x000000008f900000|100%| E|CS|TAMS 0x000000008f800000, 0x000000008f800000| Complete 
| 249|0x000000008f900000, 0x000000008fa00000, 0x000000008fa00000|100%| E|CS|TAMS 0x000000008f900000, 0x000000008f900000| Complete 
| 250|0x000000008fa00000, 0x000000008fb00000, 0x000000008fb00000|100%| E|CS|TAMS 0x000000008fa00000, 0x000000008fa00000| Complete 
| 251|0x000000008fb00000, 0x000000008fc00000, 0x000000008fc00000|100%| E|CS|TAMS 0x000000008fb00000, 0x000000008fb00000| Complete 
| 252|0x000000008fc00000, 0x000000008fd00000, 0x000000008fd00000|100%| E|CS|TAMS 0x000000008fc00000, 0x000000008fc00000| Complete 
| 253|0x000000008fd00000, 0x000000008fe00000, 0x000000008fe00000|100%| E|CS|TAMS 0x000000008fd00000, 0x000000008fd00000| Complete 
| 254|0x000000008fe00000, 0x000000008ff00000, 0x000000008ff00000|100%| E|CS|TAMS 0x000000008fe00000, 0x000000008fe00000| Complete 
| 255|0x000000008ff00000, 0x0000000090000000, 0x0000000090000000|100%| E|CS|TAMS 0x000000008ff00000, 0x000000008ff00000| Complete 

Card table byte_map: [0x00000222f8fb0000,0x00000222f93b0000] _byte_map_base: 0x00000222f8bb0000

Marking Bits (Prev, Next): (CMBitMap*) 0x00000222e3c220a0, (CMBitMap*) 0x00000222e3c22068
 Prev Bits: [0x00000222fb7b0000, 0x00000222fd7b0000)
 Next Bits: [0x00000222f97b0000, 0x00000222fb7b0000)

Polling page: 0x00000222e3cc0000

Metaspace:

Usage:
  Non-class:     55.09 MB capacity,    54.13 MB ( 98%) used,   814.60 KB (  1%) free+waste,   169.75 KB ( <1%) overhead. 
      Class:      8.39 MB capacity,     7.78 MB ( 93%) used,   537.30 KB (  6%) free+waste,    79.88 KB ( <1%) overhead. 
       Both:     63.48 MB capacity,    61.91 MB ( 98%) used,     1.32 MB (  2%) free+waste,   249.63 KB ( <1%) overhead. 

Virtual space:
  Non-class space:       56.00 MB reserved,      55.29 MB ( 99%) committed 
      Class space:        1.00 GB reserved,       8.50 MB ( <1%) committed 
             Both:        1.05 GB reserved,      63.79 MB (  6%) committed 

Chunk freelists:
   Non-Class:  7.00 KB
       Class:  19.00 KB
        Both:  26.00 KB

MaxMetaspaceSize: 17179869184.00 GB
CompressedClassSpaceSize: 1.00 GB
Initial GC threshold: 20.80 MB
Current GC threshold: 97.98 MB
CDS: off

CodeHeap 'non-profiled nmethods': size=120000Kb used=3955Kb max_used=3955Kb free=116044Kb
 bounds [0x00000222f09f0000, 0x00000222f0dd0000, 0x00000222f7f20000]
CodeHeap 'profiled nmethods': size=120000Kb used=12593Kb max_used=12593Kb free=107406Kb
 bounds [0x00000222e94c0000, 0x00000222ea110000, 0x00000222f09f0000]
CodeHeap 'non-nmethods': size=5760Kb used=2337Kb max_used=2372Kb free=3422Kb
 bounds [0x00000222e8f20000, 0x00000222e9190000, 0x00000222e94c0000]
 total_blobs=6974 nmethods=6128 adapters=757
 compilation: enabled
              stopped_count=0, restarted_count=0
 full_count=0

Compilation events (20 events):
Event: 6.690 Thread 0x0000022280dee000 nmethod 6110 0x00000222ea0e1610 code [0x00000222ea0e18a0, 0x00000222ea0e23c8]
Event: 6.690 Thread 0x0000022280dee000 6111       3       org.objectweb.asm.Type::equals (147 bytes)
Event: 6.691 Thread 0x0000022280dee000 nmethod 6111 0x00000222ea0e2910 code [0x00000222ea0e2bc0, 0x00000222ea0e3c18]
Event: 6.691 Thread 0x0000022280dee000 6113       3       org.objectweb.asm.SymbolTable::addConstantUtf8 (98 bytes)
Event: 6.691 Thread 0x0000022280dee000 nmethod 6113 0x00000222ea0e4210 code [0x00000222ea0e4460, 0x00000222ea0e4af8]
Event: 6.691 Thread 0x0000022280dee000 6112       3       org.objectweb.asm.ByteVector::putByte (39 bytes)
Event: 6.691 Thread 0x0000022280dee000 nmethod 6112 0x00000222ea0e4e90 code [0x00000222ea0e5060, 0x00000222ea0e5248]
Event: 6.691 Thread 0x0000022280dee000 6114       3       org.objectweb.asm.ByteVector::putShort (52 bytes)
Event: 6.692 Thread 0x0000022280dee000 nmethod 6114 0x00000222ea0e5390 code [0x00000222ea0e5560, 0x00000222ea0e5768]
Event: 6.694 Thread 0x0000022280dee000 6115       3       sun.reflect.annotation.AnnotationParser::parseArray (226 bytes)
Event: 6.695 Thread 0x0000022280dee000 nmethod 6115 0x00000222ea0e5890 code [0x00000222ea0e5c80, 0x00000222ea0e75f8]
Event: 6.695 Thread 0x0000022280dee000 6116       3       sun.reflect.annotation.AnnotationParser::parseStringArray (85 bytes)
Event: 6.695 Thread 0x0000022280dee000 nmethod 6116 0x00000222ea0e7e10 code [0x00000222ea0e80a0, 0x00000222ea0e8ba8]
Event: 6.695 Thread 0x0000022280dee000 6118       3       org.gradle.internal.instantiation.generator.AsmBackedClassGenerator$ClassBuilderImpl::addActionMethod (265 bytes)
Event: 6.697 Thread 0x0000022280dee000 nmethod 6118 0x00000222ea0e9010 code [0x00000222ea0e9400, 0x00000222ea0ead78]
Event: 6.697 Thread 0x0000022280dee000 6119       1       org.gradle.internal.instantiation.generator.AbstractClassGenerator$PropertyMetadata::access$1300 (5 bytes)
Event: 6.697 Thread 0x0000022280dee000 nmethod 6119 0x00000222f0dc8710 code [0x00000222f0dc88c0, 0x00000222f0dc8958]
Event: 6.697 Thread 0x0000022280dee000 6120  s    3       org.gradle.internal.classloader.VisitableURLClassLoader::getUserData (48 bytes)
Event: 6.697 Thread 0x0000022280dee000 nmethod 6120 0x00000222ea0eb690 code [0x00000222ea0eb8a0, 0x00000222ea0ebf38]
Event: 6.700 Thread 0x0000022280dee000 6122       3       org.objectweb.asm.ClassWriter::toByteArray (1535 bytes)

GC Heap History (14 events):
Event: 0.544 GC heap before
{Heap before GC invocations=0 (full 0):
 garbage-first heap   total 262144K, used 29696K [0x0000000080000000, 0x0000000100000000)
  region size 1024K, 24 young (24576K), 0 survivors (0K)
 Metaspace       used 9783K, capacity 9968K, committed 10112K, reserved 1058816K
  class space    used 1006K, capacity 1069K, committed 1152K, reserved 1048576K
}
Event: 0.547 GC heap after
{Heap after GC invocations=1 (full 0):
 garbage-first heap   total 262144K, used 8970K [0x0000000080000000, 0x0000000100000000)
  region size 1024K, 3 young (3072K), 3 survivors (3072K)
 Metaspace       used 9783K, capacity 9968K, committed 10112K, reserved 1058816K
  class space    used 1006K, capacity 1069K, committed 1152K, reserved 1048576K
}
Event: 2.544 GC heap before
{Heap before GC invocations=1 (full 0):
 garbage-first heap   total 262144K, used 114442K [0x0000000080000000, 0x0000000100000000)
  region size 1024K, 107 young (109568K), 3 survivors (3072K)
 Metaspace       used 20792K, capacity 21137K, committed 21296K, reserved 1069056K
  class space    used 2533K, capacity 2688K, committed 2688K, reserved 1048576K
}
Event: 2.552 GC heap after
{Heap after GC invocations=2 (full 0):
 garbage-first heap   total 262144K, used 16822K [0x0000000080000000, 0x0000000100000000)
  region size 1024K, 11 young (11264K), 11 survivors (11264K)
 Metaspace       used 20792K, capacity 21137K, committed 21296K, reserved 1069056K
  class space    used 2533K, capacity 2688K, committed 2688K, reserved 1048576K
}
Event: 3.214 GC heap before
{Heap before GC invocations=3 (full 0):
 garbage-first heap   total 262144K, used 85430K [0x0000000080000000, 0x0000000100000000)
  region size 1024K, 78 young (79872K), 11 survivors (11264K)
 Metaspace       used 27442K, capacity 28059K, committed 28336K, reserved 1073152K
  class space    used 3568K, capacity 3812K, committed 3840K, reserved 1048576K
}
Event: 3.221 GC heap after
{Heap after GC invocations=4 (full 0):
 garbage-first heap   total 262144K, used 19598K [0x0000000080000000, 0x0000000100000000)
  region size 1024K, 3 young (3072K), 3 survivors (3072K)
 Metaspace       used 27442K, capacity 28059K, committed 28336K, reserved 1073152K
  class space    used 3568K, capacity 3812K, committed 3840K, reserved 1048576K
}
Event: 3.734 GC heap before
{Heap before GC invocations=4 (full 0):
 garbage-first heap   total 262144K, used 65678K [0x0000000080000000, 0x0000000100000000)
  region size 1024K, 49 young (50176K), 3 survivors (3072K)
 Metaspace       used 34817K, capacity 35565K, committed 35708K, reserved 1081344K
  class space    used 4466K, capacity 4782K, committed 4864K, reserved 1048576K
}
Event: 3.741 GC heap after
{Heap after GC invocations=5 (full 0):
 garbage-first heap   total 262144K, used 22294K [0x0000000080000000, 0x0000000100000000)
  region size 1024K, 6 young (6144K), 6 survivors (6144K)
 Metaspace       used 34817K, capacity 35565K, committed 35708K, reserved 1081344K
  class space    used 4466K, capacity 4782K, committed 4864K, reserved 1048576K
}
Event: 4.689 GC heap before
{Heap before GC invocations=6 (full 0):
 garbage-first heap   total 262144K, used 135958K [0x0000000080000000, 0x0000000100000000)
  region size 1024K, 114 young (116736K), 6 survivors (6144K)
 Metaspace       used 44402K, capacity 45460K, committed 45692K, reserved 1089536K
  class space    used 5607K, capacity 6020K, committed 6144K, reserved 1048576K
}
Event: 4.695 GC heap after
{Heap after GC invocations=7 (full 0):
 garbage-first heap   total 262144K, used 29547K [0x0000000080000000, 0x0000000100000000)
  region size 1024K, 13 young (13312K), 13 survivors (13312K)
 Metaspace       used 44402K, capacity 45460K, committed 45692K, reserved 1089536K
  class space    used 5607K, capacity 6020K, committed 6144K, reserved 1048576K
}
Event: 5.643 GC heap before
{Heap before GC invocations=7 (full 0):
 garbage-first heap   total 262144K, used 180075K [0x0000000080000000, 0x0000000100000000)
  region size 1024K, 151 young (154624K), 13 survivors (13312K)
 Metaspace       used 50830K, capacity 52261K, committed 52476K, reserved 1095680K
  class space    used 6446K, capacity 6997K, committed 7040K, reserved 1048576K
}
Event: 5.653 GC heap after
{Heap after GC invocations=8 (full 0):
 garbage-first heap   total 262144K, used 50790K [0x0000000080000000, 0x0000000100000000)
  region size 1024K, 19 young (19456K), 19 survivors (19456K)
 Metaspace       used 50830K, capacity 52261K, committed 52476K, reserved 1095680K
  class space    used 6446K, capacity 6997K, committed 7040K, reserved 1048576K
}
Event: 6.187 GC heap before
{Heap before GC invocations=8 (full 0):
 garbage-first heap   total 262144K, used 104038K [0x0000000080000000, 0x0000000100000000)
  region size 1024K, 72 young (73728K), 19 survivors (19456K)
 Metaspace       used 58293K, capacity 59791K, committed 59940K, reserved 1101824K
  class space    used 7305K, capacity 7878K, committed 7936K, reserved 1048576K
}
Event: 6.210 GC heap after
{Heap after GC invocations=9 (full 0):
 garbage-first heap   total 262144K, used 54574K [0x0000000080000000, 0x0000000100000000)
  region size 1024K, 4 young (4096K), 4 survivors (4096K)
 Metaspace       used 58293K, capacity 59791K, committed 59940K, reserved 1101824K
  class space    used 7305K, capacity 7878K, committed 7936K, reserved 1048576K
}

Deoptimization events (20 events):
Event: 6.571 Thread 0x000002228346d800 DEOPT PACKING pc=0x00000222ea0999b5 sp=0x00000046879f3020
Event: 6.571 Thread 0x000002228346d800 DEOPT UNPACKING pc=0x00000222e8f6a95e sp=0x00000046879f24a0 mode 0
Event: 6.585 Thread 0x000002228346d800 DEOPT PACKING pc=0x00000222ea0937a2 sp=0x00000046879f3010
Event: 6.585 Thread 0x000002228346d800 DEOPT UNPACKING pc=0x00000222e8f6a95e sp=0x00000046879f2488 mode 0
Event: 6.586 Thread 0x000002228346d800 DEOPT PACKING pc=0x00000222ea0937a2 sp=0x00000046879f3010
Event: 6.586 Thread 0x000002228346d800 DEOPT UNPACKING pc=0x00000222e8f6a95e sp=0x00000046879f2488 mode 0
Event: 6.587 Thread 0x000002228346d800 DEOPT PACKING pc=0x00000222ea0937a2 sp=0x00000046879f3010
Event: 6.587 Thread 0x000002228346d800 DEOPT UNPACKING pc=0x00000222e8f6a95e sp=0x00000046879f2488 mode 0
Event: 6.588 Thread 0x000002228346d800 DEOPT PACKING pc=0x00000222ea0937a2 sp=0x00000046879f3010
Event: 6.588 Thread 0x000002228346d800 DEOPT UNPACKING pc=0x00000222e8f6a95e sp=0x00000046879f2488 mode 0
Event: 6.589 Thread 0x000002228346d800 DEOPT PACKING pc=0x00000222ea0937a2 sp=0x00000046879f3010
Event: 6.589 Thread 0x000002228346d800 DEOPT UNPACKING pc=0x00000222e8f6a95e sp=0x00000046879f2488 mode 0
Event: 6.589 Thread 0x000002228346d800 DEOPT PACKING pc=0x00000222ea0937a2 sp=0x00000046879f3010
Event: 6.589 Thread 0x000002228346d800 DEOPT UNPACKING pc=0x00000222e8f6a95e sp=0x00000046879f2488 mode 0
Event: 6.590 Thread 0x000002228346d800 DEOPT PACKING pc=0x00000222ea0937a2 sp=0x00000046879f3010
Event: 6.590 Thread 0x000002228346d800 DEOPT UNPACKING pc=0x00000222e8f6a95e sp=0x00000046879f2488 mode 0
Event: 6.591 Thread 0x000002228346d800 DEOPT PACKING pc=0x00000222ea0937a2 sp=0x00000046879f3010
Event: 6.591 Thread 0x000002228346d800 DEOPT UNPACKING pc=0x00000222e8f6a95e sp=0x00000046879f2488 mode 0
Event: 6.611 Thread 0x000002228346d800 DEOPT PACKING pc=0x00000222e9eec7f6 sp=0x00000046879f6df0
Event: 6.611 Thread 0x000002228346d800 DEOPT UNPACKING pc=0x00000222e8f6a95e sp=0x00000046879f6310 mode 0

Classes redefined (0 events):
No events

Internal exceptions (20 events):
Event: 5.448 Thread 0x000002228346d800 Exception <a 'java/security/PrivilegedActionException'{0x0000000088f975e0}> (0x0000000088f975e0) thrown at [./src/hotspot/share/prims/jvm.cpp, line 1306]
Event: 5.448 Thread 0x000002228346d800 Exception <a 'java/security/PrivilegedActionException'{0x0000000088f985f8}> (0x0000000088f985f8) thrown at [./src/hotspot/share/prims/jvm.cpp, line 1306]
Event: 5.448 Thread 0x000002228346d800 Exception <a 'java/security/PrivilegedActionException'{0x0000000088f9ace0}> (0x0000000088f9ace0) thrown at [./src/hotspot/share/prims/jvm.cpp, line 1306]
Event: 5.448 Thread 0x000002228346d800 Exception <a 'java/security/PrivilegedActionException'{0x0000000088f9bcf8}> (0x0000000088f9bcf8) thrown at [./src/hotspot/share/prims/jvm.cpp, line 1306]
Event: 5.448 Thread 0x000002228346d800 Exception <a 'java/security/PrivilegedActionException'{0x0000000088f9e450}> (0x0000000088f9e450) thrown at [./src/hotspot/share/prims/jvm.cpp, line 1306]
Event: 5.448 Thread 0x000002228346d800 Exception <a 'java/security/PrivilegedActionException'{0x0000000088f9f468}> (0x0000000088f9f468) thrown at [./src/hotspot/share/prims/jvm.cpp, line 1306]
Event: 5.509 Thread 0x000002228346d800 Exception <a 'java/lang/ClassNotFoundException'{0x0000000087748000}: org/gradle/api/internal/plugins/DefaultObjectConfigurationActionBeanInfo> (0x0000000087748000) thrown at [./src/hotspot/share/classfile/systemDictionary.cpp, line 231]
Event: 5.509 Thread 0x000002228346d800 Exception <a 'java/lang/ClassNotFoundException'{0x000000008777f4a0}: org/gradle/api/internal/plugins/DefaultObjectConfigurationActionCustomizer> (0x000000008777f4a0) thrown at [./src/hotspot/share/classfile/systemDictionary.cpp, line 231]
Event: 5.608 Thread 0x000002228346d800 Exception <a 'java/lang/NoSuchMethodError'{0x0000000086b12868}: 'java.lang.Object java.lang.invoke.DirectMethodHandle$Holder.invokeStatic(java.lang.Object, java.lang.Object, java.lang.Object, java.lang.Object, int)'> (0x0000000086b12868) thrown at [./src/hotspot/share/interpreter/linkResolver.cpp, line 773]
Event: 5.608 Thread 0x000002228346d800 Exception <a 'java/lang/NoSuchMethodError'{0x0000000086b17260}: 'java.lang.Object java.lang.invoke.DirectMethodHandle$Holder.invokeSpecial(java.lang.Object, java.lang.Object, java.lang.Object, java.lang.Object, java.lang.Object, int)'> (0x0000000086b17260) thrown at [./src/hotspot/share/interpreter/linkResolver.cpp, line 773]
Event: 5.608 Thread 0x000002228346d800 Exception <a 'java/lang/NoSuchMethodError'{0x0000000086b1b8a0}: 'java.lang.Object java.lang.invoke.Invokers$Holder.linkToTargetMethod(java.lang.Object, java.lang.Object, java.lang.Object, int, java.lang.Object)'> (0x0000000086b1b8a0) thrown at [./src/hotspot/share/interpreter/linkResolver.cpp, line 773]
Event: 5.794 Thread 0x000002228346d800 Exception <a 'java/lang/NoSuchMethodError'{0x000000008f33ef30}: 'java.lang.Object java.lang.invoke.DirectMethodHandle$Holder.invokeSpecial(java.lang.Object, java.lang.Object, int, int, java.lang.Object, java.lang.Object, java.lang.Object)'> (0x000000008f33ef30) thrown at [./src/hotspot/share/interpreter/linkResolver.cpp, line 773]
Event: 5.795 Thread 0x000002228346d800 Exception <a 'java/lang/NoSuchMethodError'{0x000000008f3434b0}: 'java.lang.Object java.lang.invoke.DelegatingMethodHandle$Holder.reinvoke_L(java.lang.Object, int, int, java.lang.Object, java.lang.Object, java.lang.Object)'> (0x000000008f3434b0) thrown at [./src/hotspot/share/interpreter/linkResolver.cpp, line 773]
Event: 5.953 Thread 0x000002228346d800 Exception <a 'java/lang/NoSuchMethodError'{0x000000008e52d210}: 'int java.lang.invoke.DirectMethodHandle$Holder.invokeInterface(java.lang.Object, java.lang.Object, java.lang.Object, java.lang.Object)'> (0x000000008e52d210) thrown at [./src/hotspot/share/interpreter/linkResolver.cpp, line 773]
Event: 6.336 Thread 0x000002228346d800 Exception <a 'java/lang/IncompatibleClassChangeError'{0x000000008f8f9348}: Found class java.lang.Object, but interface was expected> (0x000000008f8f9348) thrown at [./src/hotspot/share/interpreter/linkResolver.cpp, line 839]
Event: 6.370 Thread 0x000002228346d800 Implicit null exception at 0x00000222f0c255d4 to 0x00000222f0c257b8
Event: 6.370 Thread 0x000002228346d800 Implicit null exception at 0x00000222f0d0e039 to 0x00000222f0d0e11c
Event: 6.441 Thread 0x000002228346d800 Implicit null exception at 0x00000222f0b4998b to 0x00000222f0b49a64
Event: 6.475 Thread 0x000002228346d800 Implicit null exception at 0x00000222f0b94c2c to 0x00000222f0b94dda
Event: 6.623 Thread 0x000002228346d800 Exception <a 'sun/nio/fs/WindowsException'{0x000000008d8c8160}> (0x000000008d8c8160) thrown at [./src/hotspot/share/prims/jni.cpp, line 616]

Events (20 events):
Event: 6.693 loading class com/android/builder/internal/BaseConfigImpl$Companion
Event: 6.693 loading class com/android/builder/internal/BaseConfigImpl$Companion done
Event: 6.697 loading class com/android/utils/HelpfulEnumConverter
Event: 6.697 loading class com/android/utils/HelpfulEnumConverter done
Event: 6.698 loading class com/android/build/gradle/internal/dsl/NdkOptions$DebugSymbolLevel
Event: 6.698 loading class com/android/build/gradle/internal/dsl/NdkOptions$DebugSymbolLevel done
Event: 6.698 loading class org/gradle/api/tasks/Input
Event: 6.698 loading class org/gradle/api/tasks/Input done
Event: 6.698 loading class org/gradle/api/tasks/Optional
Event: 6.698 loading class org/gradle/api/tasks/Optional done
Event: 6.700 loading class com/google/common/base/Converter$IdentityConverter
Event: 6.700 loading class com/google/common/base/Converter$IdentityConverter done
Event: 6.701 loading class com/google/common/base/Converter$FunctionBasedConverter
Event: 6.701 loading class com/google/common/base/Converter$FunctionBasedConverter done
Event: 6.701 loading class com/google/common/base/Converter$ReverseConverter
Event: 6.701 loading class com/google/common/base/Converter$ReverseConverter done
Event: 6.701 loading class com/google/common/base/Converter$ConverterComposition
Event: 6.701 loading class com/google/common/base/Converter$ConverterComposition done
Event: 6.702 loading class com/google/common/base/CaseFormat
Event: 6.702 loading class com/google/common/base/CaseFormat done


Dynamic libraries:
0x00007ff695340000 - 0x00007ff69534a000 	C:\Program Files\Android\Android Studio\jre\bin\java.exe
0x00007ffbccf10000 - 0x00007ffbcd108000 	C:\WINDOWS\SYSTEM32\ntdll.dll
0x00007ffbcc710000 - 0x00007ffbcc7cf000 	C:\WINDOWS\System32\KERNEL32.DLL
0x00007ffbca8d0000 - 0x00007ffbcaba2000 	C:\WINDOWS\System32\KERNELBASE.dll
0x00007ffbca600000 - 0x00007ffbca700000 	C:\WINDOWS\System32\ucrtbase.dll
0x00007ffbb6c10000 - 0x00007ffbb6c29000 	C:\Program Files\Android\Android Studio\jre\bin\jli.dll
0x00007ffbb51d0000 - 0x00007ffbb51e7000 	C:\Program Files\Android\Android Studio\jre\bin\VCRUNTIME140.dll
0x00007ffbcc920000 - 0x00007ffbccac1000 	C:\WINDOWS\System32\USER32.dll
0x00007ffbcacb0000 - 0x00007ffbcacd2000 	C:\WINDOWS\System32\win32u.dll
0x00007ffbaf100000 - 0x00007ffbaf39a000 	C:\WINDOWS\WinSxS\amd64_microsoft.windows.common-controls_6595b64144ccf1df_6.0.19041.1110_none_60b5254171f9507e\COMCTL32.dll
0x00007ffbcb710000 - 0x00007ffbcb73b000 	C:\WINDOWS\System32\GDI32.dll
0x00007ffbcce30000 - 0x00007ffbccece000 	C:\WINDOWS\System32\msvcrt.dll
0x00007ffbcace0000 - 0x00007ffbcadef000 	C:\WINDOWS\System32\gdi32full.dll
0x00007ffbca7c0000 - 0x00007ffbca85d000 	C:\WINDOWS\System32\msvcp_win.dll
0x00007ffbcbf70000 - 0x00007ffbcbfa2000 	C:\WINDOWS\System32\IMM32.DLL
0x00007ffba58e0000 - 0x00007ffba597d000 	C:\Program Files\Android\Android Studio\jre\bin\msvcp140.dll
0x00007ffb43360000 - 0x00007ffb43e62000 	C:\Program Files\Android\Android Studio\jre\bin\server\jvm.dll
0x00007ffbcc850000 - 0x00007ffbcc8fe000 	C:\WINDOWS\System32\ADVAPI32.dll
0x00007ffbcc3f0000 - 0x00007ffbcc48c000 	C:\WINDOWS\System32\sechost.dll
0x00007ffbcc560000 - 0x00007ffbcc685000 	C:\WINDOWS\System32\RPCRT4.dll
0x00007ffbcb6a0000 - 0x00007ffbcb6a8000 	C:\WINDOWS\System32\PSAPI.DLL
0x00007ffbc5b40000 - 0x00007ffbc5b49000 	C:\WINDOWS\SYSTEM32\WSOCK32.dll
0x00007ffbc3390000 - 0x00007ffbc339a000 	C:\WINDOWS\SYSTEM32\VERSION.dll
0x00007ffbaabf0000 - 0x00007ffbaac17000 	C:\WINDOWS\SYSTEM32\WINMM.dll
0x00007ffbcc1c0000 - 0x00007ffbcc22b000 	C:\WINDOWS\System32\WS2_32.dll
0x00007ffbc8e50000 - 0x00007ffbc8e62000 	C:\WINDOWS\SYSTEM32\kernel.appcore.dll
0x00007ffbc5ad0000 - 0x00007ffbc5ae1000 	C:\Program Files\Android\Android Studio\jre\bin\verify.dll
0x00007ffbc8270000 - 0x00007ffbc8454000 	C:\WINDOWS\SYSTEM32\DBGHELP.DLL
0x00007ffbb6610000 - 0x00007ffbb6645000 	C:\WINDOWS\SYSTEM32\dbgcore.DLL
0x00007ffbca730000 - 0x00007ffbca7b2000 	C:\WINDOWS\System32\bcryptPrimitives.dll
0x00007ffbc5aa0000 - 0x00007ffbc5ac9000 	C:\Program Files\Android\Android Studio\jre\bin\java.dll
0x00007ffbc5b30000 - 0x00007ffbc5b3b000 	C:\Program Files\Android\Android Studio\jre\bin\jimage.dll
0x00007ffbc5a20000 - 0x00007ffbc5a38000 	C:\Program Files\Android\Android Studio\jre\bin\zip.dll
0x00007ffbcaf50000 - 0x00007ffbcb695000 	C:\WINDOWS\System32\SHELL32.dll
0x00007ffbc86a0000 - 0x00007ffbc8e32000 	C:\WINDOWS\SYSTEM32\windows.storage.dll
0x00007ffbccad0000 - 0x00007ffbcce25000 	C:\WINDOWS\System32\combase.dll
0x00007ffbca060000 - 0x00007ffbca090000 	C:\WINDOWS\SYSTEM32\Wldp.dll
0x00007ffbcbc10000 - 0x00007ffbcbcbd000 	C:\WINDOWS\System32\SHCORE.dll
0x00007ffbcc160000 - 0x00007ffbcc1b5000 	C:\WINDOWS\System32\shlwapi.dll
0x00007ffbca540000 - 0x00007ffbca55f000 	C:\WINDOWS\SYSTEM32\profapi.dll
0x00007ffbc46a0000 - 0x00007ffbc46ba000 	C:\Program Files\Android\Android Studio\jre\bin\net.dll
0x00007ffbc1220000 - 0x00007ffbc132c000 	C:\WINDOWS\SYSTEM32\WINHTTP.dll
0x00007ffbc9dc0000 - 0x00007ffbc9e2a000 	C:\WINDOWS\system32\mswsock.dll
0x00007ffbc4010000 - 0x00007ffbc4024000 	C:\Program Files\Android\Android Studio\jre\bin\nio.dll
0x00007ffbc5b50000 - 0x00007ffbc5b77000 	C:\Users\AAA\.gradle\native\e1d6ef7f7dcc3fd88c89a11ec53ec762bb8ba0a96d01ffa2cd45eb1d1d8dd5c5\windows-amd64\native-platform.dll
0x00007ffb9cc70000 - 0x00007ffb9cdb4000 	C:\Users\AAA\.gradle\native\0d407fdbe67a94daf76414ababcb853783967236a71b16ec16e742cd7a986fd3\windows-amd64\native-platform-file-events.dll
0x00007ffbc5a90000 - 0x00007ffbc5a9a000 	C:\Program Files\Android\Android Studio\jre\bin\management.dll
0x00007ffbc4690000 - 0x00007ffbc469d000 	C:\Program Files\Android\Android Studio\jre\bin\management_ext.dll
0x00007ffbc9fb0000 - 0x00007ffbc9fc8000 	C:\WINDOWS\SYSTEM32\CRYPTSP.dll
0x00007ffbc9670000 - 0x00007ffbc96a4000 	C:\WINDOWS\system32\rsaenh.dll
0x00007ffbca700000 - 0x00007ffbca727000 	C:\WINDOWS\System32\bcrypt.dll
0x00007ffbca500000 - 0x00007ffbca52e000 	C:\WINDOWS\SYSTEM32\USERENV.dll
0x00007ffbc9fd0000 - 0x00007ffbc9fdc000 	C:\WINDOWS\SYSTEM32\CRYPTBASE.dll
0x00007ffbc9a60000 - 0x00007ffbc9a9b000 	C:\WINDOWS\SYSTEM32\IPHLPAPI.DLL
0x00007ffbcc910000 - 0x00007ffbcc918000 	C:\WINDOWS\System32\NSI.dll
0x00007ffbc2ee0000 - 0x00007ffbc2ef7000 	C:\WINDOWS\SYSTEM32\dhcpcsvc6.DLL
0x00007ffbc2ec0000 - 0x00007ffbc2edd000 	C:\WINDOWS\SYSTEM32\dhcpcsvc.DLL
0x00007ffbc9aa0000 - 0x00007ffbc9b6b000 	C:\WINDOWS\SYSTEM32\DNSAPI.dll

dbghelp: loaded successfully - version: 4.0.5 - missing functions: none
symbol engine: initialized successfully - sym options: 0x614 - pdb path: .;C:\Program Files\Android\Android Studio\jre\bin;C:\WINDOWS\SYSTEM32;C:\WINDOWS\WinSxS\amd64_microsoft.windows.common-controls_6595b64144ccf1df_6.0.19041.1110_none_60b5254171f9507e;C:\Program Files\Android\Android Studio\jre\bin\server;C:\Users\AAA\.gradle\native\e1d6ef7f7dcc3fd88c89a11ec53ec762bb8ba0a96d01ffa2cd45eb1d1d8dd5c5\windows-amd64;C:\Users\AAA\.gradle\native\0d407fdbe67a94daf76414ababcb853783967236a71b16ec16e742cd7a986fd3\windows-amd64

VM Arguments:
jvm_args: --add-opens=java.base/java.util=ALL-UNNAMED --add-opens=java.base/java.lang=ALL-UNNAMED --add-opens=java.base/java.lang.invoke=ALL-UNNAMED --add-opens=java.base/java.util=ALL-UNNAMED --add-opens=java.prefs/java.util.prefs=ALL-UNNAMED --add-opens=java.prefs/java.util.prefs=ALL-UNNAMED --add-opens=java.base/java.nio.charset=ALL-UNNAMED --add-opens=java.base/java.net=ALL-UNNAMED --add-opens=java.base/java.util.concurrent.atomic=ALL-UNNAMED -Xmx2048m -Dfile.encoding=UTF-8 -Duser.country=US -Duser.language=en -Duser.variant 
java_command: org.gradle.launcher.daemon.bootstrap.GradleDaemon 7.4
java_class_path (initial): C:\Users\AAA\.gradle\wrapper\dists\gradle-7.4-bin\c0gwcg53nkjbqw7r0h0umtfvt\gradle-7.4\lib\gradle-launcher-7.4.jar
Launcher Type: SUN_STANDARD

[Global flags]
     intx CICompilerCount                          = 4                                         {product} {ergonomic}
     uint ConcGCThreads                            = 3                                         {product} {ergonomic}
     uint G1ConcRefinementThreads                  = 10                                        {product} {ergonomic}
   size_t G1HeapRegionSize                         = 1048576                                   {product} {ergonomic}
    uintx GCDrainStackTargetSize                   = 64                                        {product} {ergonomic}
   size_t InitialHeapSize                          = 268435456                                 {product} {ergonomic}
   size_t MarkStackSize                            = 4194304                                   {product} {ergonomic}
   size_t MaxHeapSize                              = 2147483648                                {product} {command line}
   size_t MaxNewSize                               = 1287651328                                {product} {ergonomic}
   size_t MinHeapDeltaBytes                        = 1048576                                   {product} {ergonomic}
    uintx NonNMethodCodeHeapSize                   = 5836300                                {pd product} {ergonomic}
    uintx NonProfiledCodeHeapSize                  = 122910970                              {pd product} {ergonomic}
    uintx ProfiledCodeHeapSize                     = 122910970                              {pd product} {ergonomic}
    uintx ReservedCodeCacheSize                    = 251658240                              {pd product} {ergonomic}
     bool SegmentedCodeCache                       = true                                      {product} {ergonomic}
     bool UseCompressedClassPointers               = true                                 {lp64_product} {ergonomic}
     bool UseCompressedOops                        = true                                 {lp64_product} {ergonomic}
     bool UseG1GC                                  = true                                      {product} {ergonomic}
     bool UseLargePagesIndividualAllocation        = false                                  {pd product} {ergonomic}

Logging:
Log output configuration:
 #0: stdout all=warning uptime,level,tags
 #1: stderr all=off uptime,level,tags

Environment Variables:
PATH=C:\Program Files (x86)\Intel\MPI-RT\5.0.2.044\intel64\bin;C:\Program Files (x86)\Intel\Intel(R) Management Engine Components\iCLS\;C:\Program Files\Intel\Intel(R) Management Engine Components\iCLS\;C:\Windows\system32;C:\Windows;C:\Windows\System32\Wbem;C:\Windows\System32\WindowsPowerShell\v1.0\;C:\Program Files (x86)\Intel\Intel(R) Management Engine Components\DAL;C:\Program Files\Intel\Intel(R) Management Engine Components\DAL;C:\Program Files (x86)\Intel\Intel(R) Management Engine Components\IPT;C:\Program Files\Intel\Intel(R) Management Engine Components\IPT;C:\Program Files (x86)\NVIDIA Corporation\PhysX\Common;C:\WINDOWS\system32;C:\WINDOWS;C:\WINDOWS\System32\Wbem;C:\WINDOWS\System32\WindowsPowerShell\v1.0\;C:\WINDOWS\System32\OpenSSH\;C:\Program Files\dotnet\;C:\Program Files\Microsoft SQL Server\130\Tools\Binn\;C:\Program Files\NVIDIA Corporation\NVIDIA NvDLISR;C:\WINDOWS\system32;C:\WINDOWS;C:\WINDOWS\System32\Wbem;C:\WINDOWS\System32\WindowsPowerShell\v1.0\;C:\WINDOWS\System32\OpenSSH\;C:\Program Files\nodejs\;C:\Program Files\Git\bin\;C:\Program Files\Git\cmd\;C:\Users\AAA\anaconda3;C:\Users\AAA\anaconda3\Library\mingw-w64\bin;C:\Users\AAA\anaconda3\Library\usr\bin;C:\Users\AAA\anaconda3\Library\bin;C:\Users\AAA\anaconda3\Scripts;C:\Users\AAA\AppData\Local\Microsoft\WindowsApps;C:\Users\AAA\AppData\Local\Programs\Microsoft VS Code\bin;C:\Users\AAA\AppData\Roaming\npm;C:\Users\AAA\AppData\Local\Android\Sdk\platform-tools
USERNAME=Yaseer
OS=Windows_NT
PROCESSOR_IDENTIFIER=Intel64 Family 6 Model 158 Stepping 10, GenuineIntel



---------------  S Y S T E M  ---------------

OS: Windows 10 , 64 bit Build 19041 (10.0.19041.2546)
OS uptime: 0 days 12:24 hours

CPU:total 12 (initial active 12) (6 cores per cpu, 2 threads per core) family 6 model 158 stepping 10 microcode 0xde, cmov, cx8, fxsr, mmx, sse, sse2, sse3, ssse3, sse4.1, sse4.2, popcnt, avx, avx2, aes, clmul, erms, 3dnowpref, lzcnt, ht, tsc, tscinvbit, bmi1, bmi2, adx, fma

Memory: 4k page, system-wide physical 16257M (2105M free)
TotalPageFile size 16257M (AvailPageFile size 5M)
current process WorkingSet (physical memory assigned to process): 438M, peak: 438M
current process commit charge ("private bytes"): 515M, peak: 516M

vm_info: OpenJDK 64-Bit Server VM (11.0.13+0-b1751.21-8125866) for windows-amd64 JRE (11.0.13+0-b1751.21-8125866), built on Feb  2 2022 03:00:22 by "builder" with MS VC++ 14.0 (VS2015)

END.
