#
# There is insufficient memory for the Java Runtime Environment to continue.
# Native memory allocation (malloc) failed to allocate 1678416 bytes for Chunk::new
# Possible reasons:
#   The system is out of physical RAM or swap space
#   The process is running with CompressedOops enabled, and the Java Heap may be blocking the growth of the native heap
# Possible solutions:
#   Reduce memory load on the system
#   Increase physical memory or swap space
#   Check if swap backing store is full
#   Decrease Java heap size (-Xmx/-Xms)
#   Decrease number of Java threads
#   Decrease Java thread stack sizes (-Xss)
#   Set larger code cache with -XX:ReservedCodeCacheSize=
#   JVM is running with Unscaled Compressed Oops mode in which the Java heap is
#     placed in the first 4GB address space. The Java Heap base address is the
#     maximum limit for the native heap growth. Please use -XX:HeapBaseMinAddress
#     to set the Java Heap base and to place the Java Heap above 4GB virtual address.
# This output file may be truncated or incomplete.
#
#  Out of Memory Error (./src/hotspot/share/memory/arena.cpp:197), pid=2468, tid=14880
#
# JRE version: OpenJDK Runtime Environment (11.0.13) (build 11.0.13+0-b1751.21-8125866)
# Java VM: OpenJDK 64-Bit Server VM (11.0.13+0-b1751.21-8125866, mixed mode, tiered, compressed oops, g1 gc, windows-amd64)
# No core dump will be written. Minidumps are not enabled by default on client versions of Windows
#

---------------  S U M M A R Y ------------

Command Line: --add-opens=java.base/java.util=ALL-UNNAMED --add-opens=java.base/java.lang=ALL-UNNAMED --add-opens=java.base/java.lang.invoke=ALL-UNNAMED --add-opens=java.base/java.util=ALL-UNNAMED --add-opens=java.prefs/java.util.prefs=ALL-UNNAMED --add-opens=java.prefs/java.util.prefs=ALL-UNNAMED --add-opens=java.base/java.nio.charset=ALL-UNNAMED --add-opens=java.base/java.net=ALL-UNNAMED --add-opens=java.base/java.util.concurrent.atomic=ALL-UNNAMED -Xmx2048m -Dfile.encoding=UTF-8 -Duser.country=US -Duser.language=en -Duser.variant org.gradle.launcher.daemon.bootstrap.GradleDaemon 7.4

Host: Intel(R) Core(TM) i7-8750H CPU @ 2.20GHz, 12 cores, 15G,  Windows 10 , 64 bit Build 19041 (10.0.19041.2546)
Time: Fri Mar  3 16:19:57 2023 Russia TZ 2 Standard Time elapsed time: 7.306280 seconds (0d 0h 0m 7s)

---------------  T H R E A D  ---------------

Current thread (0x0000024f02240000):  JavaThread "C2 CompilerThread1" daemon [_thread_in_native, id=14880, stack(0x00000050f5700000,0x00000050f5800000)]


Current CompileTask:
C2:   7306 6413   !   4       java.net.URLClassLoader$1::run (81 bytes)

Stack: [0x00000050f5700000,0x00000050f5800000]
Native frames: (J=compiled Java code, j=interpreted, Vv=VM code, C=native code)
V  [jvm.dll+0x6100fa]
V  [jvm.dll+0x747090]
V  [jvm.dll+0x7486ad]
V  [jvm.dll+0x748d83]
V  [jvm.dll+0x24ab48]
V  [jvm.dll+0xc04dc]
V  [jvm.dll+0xc0a0c]
V  [jvm.dll+0x35eb9d]
V  [jvm.dll+0x32b833]
V  [jvm.dll+0x32ad2a]
V  [jvm.dll+0x2032b2]
V  [jvm.dll+0x202437]
V  [jvm.dll+0x188e01]
V  [jvm.dll+0x21106b]
V  [jvm.dll+0x20f8c1]
V  [jvm.dll+0x70de0f]
V  [jvm.dll+0x706a75]
V  [jvm.dll+0x60ed66]
C  [ucrtbase.dll+0x21bb2]
C  [KERNEL32.DLL+0x17614]
C  [ntdll.dll+0x526a1]


---------------  P R O C E S S  ---------------

Threads class SMR info:
_java_thread_list=0x0000024f015de930, length=168, elements={
0x0000024f643a3000, 0x0000024f7f54e800, 0x0000024f7f559800, 0x0000024f7f56e800,
0x0000024f7f56f800, 0x0000024f7f570800, 0x0000024f7f5b9800, 0x0000024f7f5ba000,
0x0000024f7f5bb000, 0x0000024f7f738800, 0x0000024f01964800, 0x0000024f7f754000,
0x0000024f01ab7800, 0x0000024f01e81800, 0x0000024f008a2800, 0x0000024f00c3a800,
0x0000024f00c1a800, 0x0000024f01ea7000, 0x0000024f02a2e800, 0x0000024f01cc2800,
0x0000024f01cc3800, 0x0000024f01cc4800, 0x0000024f01cc5000, 0x0000024f02240000,
0x0000024f023ba800, 0x0000024f01cc6000, 0x0000024f01cc6800, 0x0000024f01cc1000,
0x0000024f01cc7800, 0x0000024f01cc2000, 0x0000024f02313000, 0x0000024f02312000,
0x0000024f02313800, 0x0000024f02316000, 0x0000024f02318000, 0x0000024f02314800,
0x0000024f0231c800, 0x0000024f02318800, 0x0000024f0231d800, 0x0000024f0231b000,
0x0000024f0231c000, 0x0000024f0231e800, 0x0000024f0231f000, 0x0000024f02321000,
0x0000024f02320000, 0x0000024f05620000, 0x0000024f05621000, 0x0000024f05621800,
0x0000024f05622800, 0x0000024f05626000, 0x0000024f05623800, 0x0000024f05629000,
0x0000024f05625000, 0x0000024f0562a000, 0x0000024f05624000, 0x0000024f0562c800,
0x0000024f0562b800, 0x0000024f05627800, 0x0000024f0562a800, 0x0000024f05628000,
0x0000024f05626800, 0x0000024f0562e800, 0x0000024f0562d000, 0x0000024f0562e000,
0x0000024f062b3800, 0x0000024f062b6000, 0x0000024f062b6800, 0x0000024f062b7800,
0x0000024f062b4000, 0x0000024f062b2800, 0x0000024f062b8800, 0x0000024f062b5000,
0x0000024f062b9000, 0x0000024f0296e000, 0x0000024f0296d000, 0x0000024f0296f800,
0x0000024f02970800, 0x0000024f0296f000, 0x0000024f02971000, 0x0000024f02972000,
0x0000024f0296c800, 0x0000024f02975800, 0x0000024f02978000, 0x0000024f02978800,
0x0000024f02973800, 0x0000024f02977000, 0x0000024f02973000, 0x0000024f02979800,
0x0000024f0297a000, 0x0000024f02976000, 0x0000024f02974800, 0x0000024f0297b000,
0x0000024f054f8000, 0x0000024f054fd800, 0x0000024f054fe800, 0x0000024f054fc800,
0x0000024f054fc000, 0x0000024f054fa800, 0x0000024f054f8800, 0x0000024f054ff000,
0x0000024f054f9800, 0x0000024f05501000, 0x0000024f054fb000, 0x0000024f05505800,
0x0000024f05500000, 0x0000024f05501800, 0x0000024f05505000, 0x0000024f05502800,
0x0000024f05504000, 0x0000024f05503800, 0x0000024f05506800, 0x0000024f02c12000,
0x0000024f02c0d800, 0x0000024f02c0e800, 0x0000024f02c0f800, 0x0000024f02c0c000,
0x0000024f02c12800, 0x0000024f02c0d000, 0x0000024f02c11000, 0x0000024f02c16000,
0x0000024f02c14000, 0x0000024f02c15000, 0x0000024f02c13800, 0x0000024f02c10000,
0x0000024f02c17800, 0x0000024f02c1a000, 0x0000024f02c19000, 0x0000024f02c16800,
0x0000024f02c1b000, 0x0000024f02c18800, 0x0000024f006e5000, 0x0000024f006e5800,
0x0000024f006e6800, 0x0000024f006e7800, 0x0000024f006e1800, 0x0000024f006e8000,
0x0000024f006e4000, 0x0000024f006e2800, 0x0000024f006e9000, 0x0000024f006e3000,
0x0000024f006ef800, 0x0000024f006ec000, 0x0000024f006ed000, 0x0000024f006e9800,
0x0000024f006ee800, 0x0000024f006ee000, 0x0000024f006f0800, 0x0000024f006ea800,
0x0000024f006eb800, 0x0000024f02aed000, 0x0000024f02aea800, 0x0000024f02aeb800,
0x0000024f02ae9800, 0x0000024f02aed800, 0x0000024f02aec000, 0x0000024f02aee800,
0x0000024f02ae9000, 0x0000024f02af4000, 0x0000024f02af2000, 0x0000024f02af1000,
0x0000024f02af0000, 0x0000024f02af2800, 0x0000024f02af5000, 0x0000024f02af3800,
0x0000024f02aef800, 0x0000024f02af6800, 0x0000024f02af6000, 0x0000024f014fa000
}

Java Threads: ( => current thread )
  0x0000024f643a3000 JavaThread "main" [_thread_blocked, id=4556, stack(0x00000050f2e00000,0x00000050f2f00000)]
  0x0000024f7f54e800 JavaThread "Reference Handler" daemon [_thread_blocked, id=9048, stack(0x00000050f3500000,0x00000050f3600000)]
  0x0000024f7f559800 JavaThread "Finalizer" daemon [_thread_blocked, id=9212, stack(0x00000050f3600000,0x00000050f3700000)]
  0x0000024f7f56e800 JavaThread "Signal Dispatcher" daemon [_thread_blocked, id=6208, stack(0x00000050f3700000,0x00000050f3800000)]
  0x0000024f7f56f800 JavaThread "Attach Listener" daemon [_thread_blocked, id=18312, stack(0x00000050f3800000,0x00000050f3900000)]
  0x0000024f7f570800 JavaThread "Service Thread" daemon [_thread_blocked, id=19168, stack(0x00000050f3900000,0x00000050f3a00000)]
  0x0000024f7f5b9800 JavaThread "C2 CompilerThread0" daemon [_thread_in_native, id=15152, stack(0x00000050f3a00000,0x00000050f3b00000)]
  0x0000024f7f5ba000 JavaThread "C1 CompilerThread0" daemon [_thread_blocked, id=10188, stack(0x00000050f3b00000,0x00000050f3c00000)]
  0x0000024f7f5bb000 JavaThread "Sweeper thread" daemon [_thread_blocked, id=8408, stack(0x00000050f3c00000,0x00000050f3d00000)]
  0x0000024f7f738800 JavaThread "Common-Cleaner" daemon [_thread_blocked, id=14876, stack(0x00000050f3d00000,0x00000050f3e00000)]
  0x0000024f01964800 JavaThread "Daemon health stats" [_thread_blocked, id=19856, stack(0x00000050f4600000,0x00000050f4700000)]
  0x0000024f7f754000 JavaThread "Incoming local TCP Connector on port 63462" [_thread_in_native, id=19952, stack(0x00000050f3f00000,0x00000050f4000000)]
  0x0000024f01ab7800 JavaThread "Daemon periodic checks" [_thread_blocked, id=12232, stack(0x00000050f4000000,0x00000050f4100000)]
  0x0000024f01e81800 JavaThread "Daemon" [_thread_blocked, id=3152, stack(0x00000050f4700000,0x00000050f4800000)]
  0x0000024f008a2800 JavaThread "Handler for socket connection from /127.0.0.1:63462 to /127.0.0.1:63463" [_thread_in_native, id=2032, stack(0x00000050f4800000,0x00000050f4900000)]
  0x0000024f00c3a800 JavaThread "Cancel handler" [_thread_blocked, id=17532, stack(0x00000050f4900000,0x00000050f4a00000)]
  0x0000024f00c1a800 JavaThread "Daemon worker" [_thread_in_Java, id=19412, stack(0x00000050f4a00000,0x00000050f4b00000)]
  0x0000024f01ea7000 JavaThread "Asynchronous log dispatcher for DefaultDaemonConnection: socket connection from /127.0.0.1:63462 to /127.0.0.1:63463" [_thread_blocked, id=15280, stack(0x00000050f4b00000,0x00000050f4c00000)]
  0x0000024f02a2e800 JavaThread "Stdin handler" [_thread_blocked, id=4428, stack(0x00000050f4c00000,0x00000050f4d00000)]
  0x0000024f01cc2800 JavaThread "Daemon client event forwarder" [_thread_blocked, id=4160, stack(0x00000050f4d00000,0x00000050f4e00000)]
  0x0000024f01cc3800 JavaThread "Cache worker for journal cache (C:\Users\AAA\.gradle\caches\journal-1)" [_thread_blocked, id=17748, stack(0x00000050f4e00000,0x00000050f4f00000)]
  0x0000024f01cc4800 JavaThread "File lock request listener" [_thread_in_native, id=13260, stack(0x00000050f4f00000,0x00000050f5000000)]
  0x0000024f01cc5000 JavaThread "Cache worker for file hash cache (C:\Users\AAA\.gradle\caches\7.4\fileHashes)" [_thread_blocked, id=14764, stack(0x00000050f5000000,0x00000050f5100000)]
=>0x0000024f02240000 JavaThread "C2 CompilerThread1" daemon [_thread_in_native, id=14880, stack(0x00000050f5700000,0x00000050f5800000)]
  0x0000024f023ba800 JavaThread "C2 CompilerThread2" daemon [_thread_in_native, id=5796, stack(0x00000050f5800000,0x00000050f5900000)]
  0x0000024f01cc6000 JavaThread "File watcher server" daemon [_thread_in_native, id=18392, stack(0x00000050f5900000,0x00000050f5a00000)]
  0x0000024f01cc6800 JavaThread "File watcher consumer" daemon [_thread_blocked, id=3104, stack(0x00000050f5a00000,0x00000050f5b00000)]
  0x0000024f01cc1000 JavaThread "Cache worker for checksums cache (C:\Users\AAA\AndroidStudioProjects\ShoppingApp\.gradle\7.4\checksums)" [_thread_blocked, id=18568, stack(0x00000050f5b00000,0x00000050f5c00000)]
  0x0000024f01cc7800 JavaThread "Cache worker for cache directory md-rule (C:\Users\AAA\.gradle\caches\7.4\md-rule)" [_thread_blocked, id=19176, stack(0x00000050f5c00000,0x00000050f5d00000)]
  0x0000024f01cc2000 JavaThread "Cache worker for file hash cache (C:\Users\AAA\AndroidStudioProjects\ShoppingApp\.gradle\7.4\fileHashes)" [_thread_blocked, id=8512, stack(0x00000050f5d00000,0x00000050f5e00000)]
  0x0000024f02313000 JavaThread "Cache worker for cache directory md-supplier (C:\Users\AAA\.gradle\caches\7.4\md-supplier)" [_thread_blocked, id=10924, stack(0x00000050f5e00000,0x00000050f5f00000)]
  0x0000024f02312000 JavaThread "Cache worker for execution history cache (C:\Users\AAA\.gradle\caches\7.4\executionHistory)" [_thread_blocked, id=1308, stack(0x00000050f5f00000,0x00000050f6000000)]
  0x0000024f02313800 JavaThread "jar transforms" [_thread_blocked, id=10860, stack(0x00000050f6000000,0x00000050f6100000)]
  0x0000024f02316000 JavaThread "Cache worker for file content cache (C:\Users\AAA\.gradle\caches\7.4\fileContent)" [_thread_blocked, id=9968, stack(0x00000050f6100000,0x00000050f6200000)]
  0x0000024f02318000 JavaThread "jar transforms Thread 2" [_thread_blocked, id=18040, stack(0x00000050f6200000,0x00000050f6300000)]
  0x0000024f02314800 JavaThread "Cache worker for dependencies-accessors (C:\Users\AAA\AndroidStudioProjects\ShoppingApp\.gradle\7.4\dependencies-accessors)" [_thread_blocked, id=19772, stack(0x00000050f6300000,0x00000050f6400000)]
  0x0000024f0231c800 JavaThread "jar transforms Thread 3" [_thread_blocked, id=19652, stack(0x00000050f6400000,0x00000050f6500000)]
  0x0000024f02318800 JavaThread "Cache worker for Build Output Cleanup Cache (C:\Users\AAA\AndroidStudioProjects\ShoppingApp\.gradle\buildOutputCleanup)" [_thread_blocked, id=11104, stack(0x00000050f6500000,0x00000050f6600000)]
  0x0000024f0231d800 JavaThread "Unconstrained build operations" [_thread_blocked, id=3512, stack(0x00000050f6600000,0x00000050f6700000)]
  0x0000024f0231b000 JavaThread "Unconstrained build operations Thread 2" [_thread_blocked, id=3456, stack(0x00000050f6700000,0x00000050f6800000)]
  0x0000024f0231c000 JavaThread "Unconstrained build operations Thread 3" [_thread_blocked, id=4520, stack(0x00000050f6800000,0x00000050f6900000)]
  0x0000024f0231e800 JavaThread "Unconstrained build operations Thread 4" [_thread_blocked, id=18068, stack(0x00000050f6900000,0x00000050f6a00000)]
  0x0000024f0231f000 JavaThread "Unconstrained build operations Thread 5" [_thread_blocked, id=1392, stack(0x00000050f6a00000,0x00000050f6b00000)]
  0x0000024f02321000 JavaThread "Unconstrained build operations Thread 6" [_thread_blocked, id=8780, stack(0x00000050f6b00000,0x00000050f6c00000)]
  0x0000024f02320000 JavaThread "Unconstrained build operations Thread 7" [_thread_blocked, id=9192, stack(0x00000050f6c00000,0x00000050f6d00000)]
  0x0000024f05620000 JavaThread "Unconstrained build operations Thread 8" [_thread_blocked, id=8392, stack(0x00000050f6d00000,0x00000050f6e00000)]
  0x0000024f05621000 JavaThread "Unconstrained build operations Thread 9" [_thread_blocked, id=7288, stack(0x00000050f6e00000,0x00000050f6f00000)]
  0x0000024f05621800 JavaThread "Unconstrained build operations Thread 10" [_thread_blocked, id=772, stack(0x00000050f6f00000,0x00000050f7000000)]
  0x0000024f05622800 JavaThread "Unconstrained build operations Thread 11" [_thread_blocked, id=7540, stack(0x00000050f7000000,0x00000050f7100000)]
  0x0000024f05626000 JavaThread "Unconstrained build operations Thread 12" [_thread_blocked, id=19416, stack(0x00000050f7100000,0x00000050f7200000)]
  0x0000024f05623800 JavaThread "Unconstrained build operations Thread 13" [_thread_blocked, id=5728, stack(0x00000050f7200000,0x00000050f7300000)]
  0x0000024f05629000 JavaThread "Unconstrained build operations Thread 14" [_thread_blocked, id=13800, stack(0x00000050f7300000,0x00000050f7400000)]
  0x0000024f05625000 JavaThread "Unconstrained build operations Thread 15" [_thread_blocked, id=9320, stack(0x00000050f7400000,0x00000050f7500000)]
  0x0000024f0562a000 JavaThread "Unconstrained build operations Thread 16" [_thread_blocked, id=360, stack(0x00000050f7500000,0x00000050f7600000)]
  0x0000024f05624000 JavaThread "Unconstrained build operations Thread 17" [_thread_blocked, id=3536, stack(0x00000050f7600000,0x00000050f7700000)]
  0x0000024f0562c800 JavaThread "Unconstrained build operations Thread 18" [_thread_blocked, id=16828, stack(0x00000050f7700000,0x00000050f7800000)]
  0x0000024f0562b800 JavaThread "Unconstrained build operations Thread 19" [_thread_blocked, id=7144, stack(0x00000050f7800000,0x00000050f7900000)]
  0x0000024f05627800 JavaThread "Unconstrained build operations Thread 20" [_thread_blocked, id=15748, stack(0x00000050f7900000,0x00000050f7a00000)]
  0x0000024f0562a800 JavaThread "Unconstrained build operations Thread 21" [_thread_blocked, id=11256, stack(0x00000050f7a00000,0x00000050f7b00000)]
  0x0000024f05628000 JavaThread "Unconstrained build operations Thread 22" [_thread_blocked, id=16768, stack(0x00000050f7b00000,0x00000050f7c00000)]
  0x0000024f05626800 JavaThread "Unconstrained build operations Thread 23" [_thread_blocked, id=3048, stack(0x00000050f7c00000,0x00000050f7d00000)]
  0x0000024f0562e800 JavaThread "Unconstrained build operations Thread 24" [_thread_blocked, id=10176, stack(0x00000050f7d00000,0x00000050f7e00000)]
  0x0000024f0562d000 JavaThread "Unconstrained build operations Thread 25" [_thread_blocked, id=13036, stack(0x00000050f7e00000,0x00000050f7f00000)]
  0x0000024f0562e000 JavaThread "Unconstrained build operations Thread 26" [_thread_blocked, id=19672, stack(0x00000050f7f00000,0x00000050f8000000)]
  0x0000024f062b3800 JavaThread "Unconstrained build operations Thread 27" [_thread_blocked, id=17476, stack(0x00000050f8000000,0x00000050f8100000)]
  0x0000024f062b6000 JavaThread "Unconstrained build operations Thread 28" [_thread_blocked, id=1544, stack(0x00000050f8100000,0x00000050f8200000)]
  0x0000024f062b6800 JavaThread "Unconstrained build operations Thread 29" [_thread_blocked, id=20296, stack(0x00000050f8200000,0x00000050f8300000)]
  0x0000024f062b7800 JavaThread "Unconstrained build operations Thread 30" [_thread_blocked, id=10984, stack(0x00000050f8300000,0x00000050f8400000)]
  0x0000024f062b4000 JavaThread "Unconstrained build operations Thread 31" [_thread_blocked, id=1060, stack(0x00000050f8400000,0x00000050f8500000)]
  0x0000024f062b2800 JavaThread "Unconstrained build operations Thread 32" [_thread_blocked, id=17452, stack(0x00000050f8500000,0x00000050f8600000)]
  0x0000024f062b8800 JavaThread "Unconstrained build operations Thread 33" [_thread_blocked, id=12216, stack(0x00000050f8600000,0x00000050f8700000)]
  0x0000024f062b5000 JavaThread "Unconstrained build operations Thread 34" [_thread_blocked, id=8200, stack(0x00000050f8700000,0x00000050f8800000)]
  0x0000024f062b9000 JavaThread "Unconstrained build operations Thread 35" [_thread_blocked, id=11456, stack(0x00000050f8800000,0x00000050f8900000)]
  0x0000024f0296e000 JavaThread "Unconstrained build operations Thread 36" [_thread_blocked, id=6560, stack(0x00000050f8900000,0x00000050f8a00000)]
  0x0000024f0296d000 JavaThread "Unconstrained build operations Thread 37" [_thread_blocked, id=19756, stack(0x00000050f8a00000,0x00000050f8b00000)]
  0x0000024f0296f800 JavaThread "Unconstrained build operations Thread 38" [_thread_blocked, id=9680, stack(0x00000050f8b00000,0x00000050f8c00000)]
  0x0000024f02970800 JavaThread "Unconstrained build operations Thread 39" [_thread_blocked, id=15672, stack(0x00000050f8c00000,0x00000050f8d00000)]
  0x0000024f0296f000 JavaThread "Unconstrained build operations Thread 40" [_thread_blocked, id=18448, stack(0x00000050f8d00000,0x00000050f8e00000)]
  0x0000024f02971000 JavaThread "Unconstrained build operations Thread 41" [_thread_blocked, id=9700, stack(0x00000050f8e00000,0x00000050f8f00000)]
  0x0000024f02972000 JavaThread "Unconstrained build operations Thread 42" [_thread_blocked, id=15104, stack(0x00000050f8f00000,0x00000050f9000000)]
  0x0000024f0296c800 JavaThread "Unconstrained build operations Thread 43" [_thread_blocked, id=3692, stack(0x00000050f9000000,0x00000050f9100000)]
  0x0000024f02975800 JavaThread "Unconstrained build operations Thread 44" [_thread_blocked, id=13948, stack(0x00000050f9100000,0x00000050f9200000)]
  0x0000024f02978000 JavaThread "Unconstrained build operations Thread 45" [_thread_blocked, id=13192, stack(0x00000050f9200000,0x00000050f9300000)]
  0x0000024f02978800 JavaThread "Unconstrained build operations Thread 46" [_thread_blocked, id=8308, stack(0x00000050f9300000,0x00000050f9400000)]
  0x0000024f02973800 JavaThread "Unconstrained build operations Thread 47" [_thread_blocked, id=14160, stack(0x00000050f9400000,0x00000050f9500000)]
  0x0000024f02977000 JavaThread "Unconstrained build operations Thread 48" [_thread_blocked, id=17596, stack(0x00000050f9500000,0x00000050f9600000)]
  0x0000024f02973000 JavaThread "Unconstrained build operations Thread 49" [_thread_blocked, id=16776, stack(0x00000050f9600000,0x00000050f9700000)]
  0x0000024f02979800 JavaThread "Unconstrained build operations Thread 50" [_thread_blocked, id=11636, stack(0x00000050f9700000,0x00000050f9800000)]
  0x0000024f0297a000 JavaThread "Unconstrained build operations Thread 51" [_thread_blocked, id=8340, stack(0x00000050f9800000,0x00000050f9900000)]
  0x0000024f02976000 JavaThread "Unconstrained build operations Thread 52" [_thread_blocked, id=19228, stack(0x00000050f9900000,0x00000050f9a00000)]
  0x0000024f02974800 JavaThread "Unconstrained build operations Thread 53" [_thread_blocked, id=18524, stack(0x00000050f9a00000,0x00000050f9b00000)]
  0x0000024f0297b000 JavaThread "Unconstrained build operations Thread 54" [_thread_blocked, id=18208, stack(0x00000050f9b00000,0x00000050f9c00000)]
  0x0000024f054f8000 JavaThread "Unconstrained build operations Thread 55" [_thread_blocked, id=7584, stack(0x00000050f9c00000,0x00000050f9d00000)]
  0x0000024f054fd800 JavaThread "Unconstrained build operations Thread 56" [_thread_blocked, id=18004, stack(0x00000050f9d00000,0x00000050f9e00000)]
  0x0000024f054fe800 JavaThread "Unconstrained build operations Thread 57" [_thread_blocked, id=12380, stack(0x00000050f9e00000,0x00000050f9f00000)]
  0x0000024f054fc800 JavaThread "Unconstrained build operations Thread 58" [_thread_blocked, id=16160, stack(0x00000050f9f00000,0x00000050fa000000)]
  0x0000024f054fc000 JavaThread "Unconstrained build operations Thread 59" [_thread_blocked, id=15208, stack(0x00000050fa000000,0x00000050fa100000)]
  0x0000024f054fa800 JavaThread "Unconstrained build operations Thread 60" [_thread_blocked, id=17100, stack(0x00000050fa100000,0x00000050fa200000)]
  0x0000024f054f8800 JavaThread "Unconstrained build operations Thread 61" [_thread_blocked, id=11048, stack(0x00000050fa200000,0x00000050fa300000)]
  0x0000024f054ff000 JavaThread "Unconstrained build operations Thread 62" [_thread_blocked, id=7248, stack(0x00000050fa300000,0x00000050fa400000)]
  0x0000024f054f9800 JavaThread "Unconstrained build operations Thread 63" [_thread_blocked, id=5416, stack(0x00000050fa400000,0x00000050fa500000)]
  0x0000024f05501000 JavaThread "Unconstrained build operations Thread 64" [_thread_blocked, id=1500, stack(0x00000050fa500000,0x00000050fa600000)]
  0x0000024f054fb000 JavaThread "Unconstrained build operations Thread 65" [_thread_blocked, id=10812, stack(0x00000050fa600000,0x00000050fa700000)]
  0x0000024f05505800 JavaThread "Unconstrained build operations Thread 66" [_thread_blocked, id=20056, stack(0x00000050fa700000,0x00000050fa800000)]
  0x0000024f05500000 JavaThread "Unconstrained build operations Thread 67" [_thread_blocked, id=19948, stack(0x00000050fa800000,0x00000050fa900000)]
  0x0000024f05501800 JavaThread "Unconstrained build operations Thread 68" [_thread_blocked, id=15656, stack(0x00000050fa900000,0x00000050faa00000)]
  0x0000024f05505000 JavaThread "Unconstrained build operations Thread 69" [_thread_blocked, id=1304, stack(0x00000050faa00000,0x00000050fab00000)]
  0x0000024f05502800 JavaThread "Unconstrained build operations Thread 70" [_thread_blocked, id=19428, stack(0x00000050fab00000,0x00000050fac00000)]
  0x0000024f05504000 JavaThread "Unconstrained build operations Thread 71" [_thread_blocked, id=7412, stack(0x00000050fac00000,0x00000050fad00000)]
  0x0000024f05503800 JavaThread "Unconstrained build operations Thread 72" [_thread_blocked, id=10888, stack(0x00000050fad00000,0x00000050fae00000)]
  0x0000024f05506800 JavaThread "Unconstrained build operations Thread 73" [_thread_blocked, id=4172, stack(0x00000050fae00000,0x00000050faf00000)]
  0x0000024f02c12000 JavaThread "Unconstrained build operations Thread 74" [_thread_blocked, id=16924, stack(0x00000050faf00000,0x00000050fb000000)]
  0x0000024f02c0d800 JavaThread "Unconstrained build operations Thread 75" [_thread_blocked, id=19500, stack(0x00000050fb000000,0x00000050fb100000)]
  0x0000024f02c0e800 JavaThread "Unconstrained build operations Thread 76" [_thread_blocked, id=12580, stack(0x00000050fb100000,0x00000050fb200000)]
  0x0000024f02c0f800 JavaThread "Unconstrained build operations Thread 77" [_thread_blocked, id=15216, stack(0x00000050fb200000,0x00000050fb300000)]
  0x0000024f02c0c000 JavaThread "Unconstrained build operations Thread 78" [_thread_blocked, id=20152, stack(0x00000050fb300000,0x00000050fb400000)]
  0x0000024f02c12800 JavaThread "Unconstrained build operations Thread 79" [_thread_blocked, id=9928, stack(0x00000050fb400000,0x00000050fb500000)]
  0x0000024f02c0d000 JavaThread "Unconstrained build operations Thread 80" [_thread_blocked, id=19936, stack(0x00000050fb500000,0x00000050fb600000)]
  0x0000024f02c11000 JavaThread "Unconstrained build operations Thread 81" [_thread_blocked, id=16592, stack(0x00000050fb600000,0x00000050fb700000)]
  0x0000024f02c16000 JavaThread "Unconstrained build operations Thread 82" [_thread_blocked, id=5672, stack(0x00000050fb700000,0x00000050fb800000)]
  0x0000024f02c14000 JavaThread "Unconstrained build operations Thread 83" [_thread_blocked, id=4344, stack(0x00000050fb800000,0x00000050fb900000)]
  0x0000024f02c15000 JavaThread "Unconstrained build operations Thread 84" [_thread_blocked, id=3960, stack(0x00000050fb900000,0x00000050fba00000)]
  0x0000024f02c13800 JavaThread "Unconstrained build operations Thread 85" [_thread_blocked, id=6992, stack(0x00000050fba00000,0x00000050fbb00000)]
  0x0000024f02c10000 JavaThread "Unconstrained build operations Thread 86" [_thread_blocked, id=12688, stack(0x00000050fbb00000,0x00000050fbc00000)]
  0x0000024f02c17800 JavaThread "Unconstrained build operations Thread 87" [_thread_blocked, id=16612, stack(0x00000050fbc00000,0x00000050fbd00000)]
  0x0000024f02c1a000 JavaThread "Unconstrained build operations Thread 88" [_thread_blocked, id=16996, stack(0x00000050fbd00000,0x00000050fbe00000)]
  0x0000024f02c19000 JavaThread "Unconstrained build operations Thread 89" [_thread_blocked, id=32, stack(0x00000050fbe00000,0x00000050fbf00000)]
  0x0000024f02c16800 JavaThread "Unconstrained build operations Thread 90" [_thread_blocked, id=15284, stack(0x00000050fbf00000,0x00000050fc000000)]
  0x0000024f02c1b000 JavaThread "Unconstrained build operations Thread 91" [_thread_blocked, id=13728, stack(0x00000050fc000000,0x00000050fc100000)]
  0x0000024f02c18800 JavaThread "Unconstrained build operations Thread 92" [_thread_blocked, id=11084, stack(0x00000050fc100000,0x00000050fc200000)]
  0x0000024f006e5000 JavaThread "Unconstrained build operations Thread 93" [_thread_blocked, id=11972, stack(0x00000050fc200000,0x00000050fc300000)]
  0x0000024f006e5800 JavaThread "Unconstrained build operations Thread 94" [_thread_blocked, id=19624, stack(0x00000050fc300000,0x00000050fc400000)]
  0x0000024f006e6800 JavaThread "Unconstrained build operations Thread 95" [_thread_blocked, id=2140, stack(0x00000050fc400000,0x00000050fc500000)]
  0x0000024f006e7800 JavaThread "Unconstrained build operations Thread 96" [_thread_blocked, id=14472, stack(0x00000050fc500000,0x00000050fc600000)]
  0x0000024f006e1800 JavaThread "Unconstrained build operations Thread 97" [_thread_blocked, id=13092, stack(0x00000050fc600000,0x00000050fc700000)]
  0x0000024f006e8000 JavaThread "Unconstrained build operations Thread 98" [_thread_blocked, id=18980, stack(0x00000050fc700000,0x00000050fc800000)]
  0x0000024f006e4000 JavaThread "Unconstrained build operations Thread 99" [_thread_blocked, id=11892, stack(0x00000050fc800000,0x00000050fc900000)]
  0x0000024f006e2800 JavaThread "Unconstrained build operations Thread 100" [_thread_blocked, id=15708, stack(0x00000050fc900000,0x00000050fca00000)]
  0x0000024f006e9000 JavaThread "Unconstrained build operations Thread 101" [_thread_blocked, id=7256, stack(0x00000050fca00000,0x00000050fcb00000)]
  0x0000024f006e3000 JavaThread "Unconstrained build operations Thread 102" [_thread_blocked, id=17792, stack(0x00000050fcb00000,0x00000050fcc00000)]
  0x0000024f006ef800 JavaThread "Unconstrained build operations Thread 103" [_thread_blocked, id=7756, stack(0x00000050fcc00000,0x00000050fcd00000)]
  0x0000024f006ec000 JavaThread "Unconstrained build operations Thread 104" [_thread_blocked, id=8044, stack(0x00000050fcd00000,0x00000050fce00000)]
  0x0000024f006ed000 JavaThread "Unconstrained build operations Thread 105" [_thread_blocked, id=2528, stack(0x00000050fce00000,0x00000050fcf00000)]
  0x0000024f006e9800 JavaThread "Unconstrained build operations Thread 106" [_thread_blocked, id=8804, stack(0x00000050fcf00000,0x00000050fd000000)]
  0x0000024f006ee800 JavaThread "Unconstrained build operations Thread 107" [_thread_blocked, id=7516, stack(0x00000050fd000000,0x00000050fd100000)]
  0x0000024f006ee000 JavaThread "Unconstrained build operations Thread 108" [_thread_blocked, id=2740, stack(0x00000050fd100000,0x00000050fd200000)]
  0x0000024f006f0800 JavaThread "Unconstrained build operations Thread 109" [_thread_blocked, id=9404, stack(0x00000050fd200000,0x00000050fd300000)]
  0x0000024f006ea800 JavaThread "Unconstrained build operations Thread 110" [_thread_blocked, id=17524, stack(0x00000050fd300000,0x00000050fd400000)]
  0x0000024f006eb800 JavaThread "Unconstrained build operations Thread 111" [_thread_blocked, id=17160, stack(0x00000050fd400000,0x00000050fd500000)]
  0x0000024f02aed000 JavaThread "Unconstrained build operations Thread 112" [_thread_blocked, id=13764, stack(0x00000050fd500000,0x00000050fd600000)]
  0x0000024f02aea800 JavaThread "Unconstrained build operations Thread 113" [_thread_blocked, id=16988, stack(0x00000050fd600000,0x00000050fd700000)]
  0x0000024f02aeb800 JavaThread "Unconstrained build operations Thread 114" [_thread_blocked, id=14176, stack(0x00000050fd700000,0x00000050fd800000)]
  0x0000024f02ae9800 JavaThread "Unconstrained build operations Thread 115" [_thread_blocked, id=7468, stack(0x00000050fd800000,0x00000050fd900000)]
  0x0000024f02aed800 JavaThread "Unconstrained build operations Thread 116" [_thread_blocked, id=18952, stack(0x00000050fd900000,0x00000050fda00000)]
  0x0000024f02aec000 JavaThread "Unconstrained build operations Thread 117" [_thread_blocked, id=11628, stack(0x00000050fda00000,0x00000050fdb00000)]
  0x0000024f02aee800 JavaThread "Unconstrained build operations Thread 118" [_thread_blocked, id=18584, stack(0x00000050fdb00000,0x00000050fdc00000)]
  0x0000024f02ae9000 JavaThread "Unconstrained build operations Thread 119" [_thread_blocked, id=17140, stack(0x00000050fdc00000,0x00000050fdd00000)]
  0x0000024f02af4000 JavaThread "Unconstrained build operations Thread 120" [_thread_blocked, id=18076, stack(0x00000050fdd00000,0x00000050fde00000)]
  0x0000024f02af2000 JavaThread "jar transforms Thread 4" [_thread_blocked, id=15676, stack(0x00000050fde00000,0x00000050fdf00000)]
  0x0000024f02af1000 JavaThread "jar transforms Thread 5" [_thread_blocked, id=19988, stack(0x00000050fdf00000,0x00000050fe000000)]
  0x0000024f02af0000 JavaThread "jar transforms Thread 6" [_thread_blocked, id=20112, stack(0x00000050fe000000,0x00000050fe100000)]
  0x0000024f02af2800 JavaThread "jar transforms Thread 7" [_thread_blocked, id=8264, stack(0x00000050fe100000,0x00000050fe200000)]
  0x0000024f02af5000 JavaThread "jar transforms Thread 8" [_thread_blocked, id=3604, stack(0x00000050fe200000,0x00000050fe300000)]
  0x0000024f02af3800 JavaThread "jar transforms Thread 9" [_thread_blocked, id=19940, stack(0x00000050fe300000,0x00000050fe400000)]
  0x0000024f02aef800 JavaThread "jar transforms Thread 10" [_thread_blocked, id=9068, stack(0x00000050fe400000,0x00000050fe500000)]
  0x0000024f02af6800 JavaThread "jar transforms Thread 11" [_thread_blocked, id=8336, stack(0x00000050fe500000,0x00000050fe600000)]
  0x0000024f02af6000 JavaThread "jar transforms Thread 12" [_thread_blocked, id=6228, stack(0x00000050fe600000,0x00000050fe700000)]
  0x0000024f014fa000 JavaThread "Memory manager" [_thread_blocked, id=4840, stack(0x00000050fe700000,0x00000050fe800000)]

Other Threads:
  0x0000024f7f54a800 VMThread "VM Thread" [stack: 0x00000050f3400000,0x00000050f3500000] [id=4844]
  0x0000024f7f751000 WatcherThread [stack: 0x00000050f3e00000,0x00000050f3f00000] [id=20256]
  0x0000024f643bc000 GCTaskThread "GC Thread#0" [stack: 0x00000050f2f00000,0x00000050f3000000] [id=19348]
  0x0000024f006a9000 GCTaskThread "GC Thread#1" [stack: 0x00000050f4100000,0x00000050f4200000] [id=11252]
  0x0000024f0109c800 GCTaskThread "GC Thread#2" [stack: 0x00000050f4200000,0x00000050f4300000] [id=12504]
  0x0000024f011d7800 GCTaskThread "GC Thread#3" [stack: 0x00000050f4300000,0x00000050f4400000] [id=18216]
  0x0000024f00bb0800 GCTaskThread "GC Thread#4" [stack: 0x00000050f4400000,0x00000050f4500000] [id=16552]
  0x0000024f00a98000 GCTaskThread "GC Thread#5" [stack: 0x00000050f4500000,0x00000050f4600000] [id=2144]
  0x0000024f01c16800 GCTaskThread "GC Thread#6" [stack: 0x00000050f5100000,0x00000050f5200000] [id=16032]
  0x0000024f02380800 GCTaskThread "GC Thread#7" [stack: 0x00000050f5200000,0x00000050f5300000] [id=20440]
  0x0000024f022ca800 GCTaskThread "GC Thread#8" [stack: 0x00000050f5300000,0x00000050f5400000] [id=4764]
  0x0000024f02102000 GCTaskThread "GC Thread#9" [stack: 0x00000050f5400000,0x00000050f5500000] [id=17680]
  0x0000024f643ee000 ConcurrentGCThread "G1 Main Marker" [stack: 0x00000050f3000000,0x00000050f3100000] [id=6236]
  0x0000024f643ef800 ConcurrentGCThread "G1 Conc#0" [stack: 0x00000050f3100000,0x00000050f3200000] [id=17588]
  0x0000024f02526800 ConcurrentGCThread "G1 Conc#1" [stack: 0x00000050f5500000,0x00000050f5600000] [id=9916]
  0x0000024f0267c800 ConcurrentGCThread "G1 Conc#2" [stack: 0x00000050f5600000,0x00000050f5700000] [id=12464]
  0x0000024f6447e000 ConcurrentGCThread "G1 Refine#0" [stack: 0x00000050f3200000,0x00000050f3300000] [id=9500]
  0x0000024f7eb94800 ConcurrentGCThread "G1 Young RemSet Sampling" [stack: 0x00000050f3300000,0x00000050f3400000] [id=16800]

Threads with active compile tasks:
C2 CompilerThread0   7334 6457       4       sun.reflect.generics.parser.SignatureParser::parsePackageNameAndSimpleClassTypeSignature (119 bytes)
C2 CompilerThread1   7334 6413   !   4       java.net.URLClassLoader$1::run (81 bytes)
C2 CompilerThread2   7334 6411       4       java.net.URLClassLoader$1::run (5 bytes)

VM state:not at safepoint (normal execution)

VM Mutex/Monitor currently owned by a thread: None

Heap address: 0x0000000080000000, size: 2048 MB, Compressed Oops mode: 32-bit
Narrow klass base: 0x0000000000000000, Narrow klass shift: 3
Compressed class space size: 1073741824 Address: 0x0000000100000000

Heap:
 garbage-first heap   total 262144K, used 149341K [0x0000000080000000, 0x0000000100000000)
  region size 1024K, 90 young (92160K), 4 survivors (4096K)
 Metaspace       used 65679K, capacity 67325K, committed 67620K, reserved 1107968K
  class space    used 8242K, capacity 8866K, committed 8960K, reserved 1048576K
Heap Regions: E=young(eden), S=young(survivor), O=old, HS=humongous(starts), HC=humongous(continues), CS=collection set, F=free, A=archive, TAMS=top-at-mark-start (previous, next)
|   0|0x0000000080000000, 0x0000000080100000, 0x0000000080100000|100%| O|  |TAMS 0x0000000080100000, 0x0000000080000000| Untracked 
|   1|0x0000000080100000, 0x0000000080200000, 0x0000000080200000|100%| O|  |TAMS 0x0000000080200000, 0x0000000080100000| Untracked 
|   2|0x0000000080200000, 0x0000000080300000, 0x0000000080300000|100%| O|  |TAMS 0x0000000080300000, 0x0000000080200000| Untracked 
|   3|0x0000000080300000, 0x0000000080400000, 0x0000000080400000|100%|HS|  |TAMS 0x0000000080400000, 0x0000000080300000| Complete 
|   4|0x0000000080400000, 0x0000000080500000, 0x0000000080500000|100%|HC|  |TAMS 0x0000000080500000, 0x0000000080400000| Complete 
|   5|0x0000000080500000, 0x0000000080600000, 0x0000000080600000|100%|HC|  |TAMS 0x0000000080600000, 0x0000000080500000| Complete 
|   6|0x0000000080600000, 0x0000000080700000, 0x0000000080700000|100%| O|  |TAMS 0x0000000080700000, 0x0000000080600000| Untracked 
|   7|0x0000000080700000, 0x0000000080800000, 0x0000000080800000|100%| O|  |TAMS 0x0000000080800000, 0x0000000080700000| Untracked 
|   8|0x0000000080800000, 0x0000000080900000, 0x0000000080900000|100%| O|  |TAMS 0x0000000080900000, 0x0000000080800000| Untracked 
|   9|0x0000000080900000, 0x0000000080a00000, 0x0000000080a00000|100%| O|  |TAMS 0x0000000080a00000, 0x0000000080900000| Untracked 
|  10|0x0000000080a00000, 0x0000000080b00000, 0x0000000080b00000|100%| O|  |TAMS 0x0000000080b00000, 0x0000000080a00000| Untracked 
|  11|0x0000000080b00000, 0x0000000080c00000, 0x0000000080c00000|100%| O|  |TAMS 0x0000000080c00000, 0x0000000080b00000| Untracked 
|  12|0x0000000080c00000, 0x0000000080d00000, 0x0000000080d00000|100%| O|  |TAMS 0x0000000080d00000, 0x0000000080c00000| Untracked 
|  13|0x0000000080d00000, 0x0000000080e00000, 0x0000000080e00000|100%| O|  |TAMS 0x0000000080e00000, 0x0000000080d00000| Untracked 
|  14|0x0000000080e00000, 0x0000000080f00000, 0x0000000080f00000|100%| O|  |TAMS 0x0000000080f00000, 0x0000000080e00000| Untracked 
|  15|0x0000000080f00000, 0x0000000081000000, 0x0000000081000000|100%| O|  |TAMS 0x0000000081000000, 0x0000000080f00000| Untracked 
|  16|0x0000000081000000, 0x0000000081100000, 0x0000000081100000|100%| O|  |TAMS 0x0000000081100000, 0x0000000081000000| Untracked 
|  17|0x0000000081100000, 0x0000000081200000, 0x0000000081200000|100%|HS|  |TAMS 0x0000000081200000, 0x0000000081100000| Complete 
|  18|0x0000000081200000, 0x0000000081300000, 0x0000000081300000|100%|HS|  |TAMS 0x0000000081300000, 0x0000000081200000| Complete 
|  19|0x0000000081300000, 0x0000000081400000, 0x0000000081400000|100%|HS|  |TAMS 0x0000000081400000, 0x0000000081300000| Complete 
|  20|0x0000000081400000, 0x0000000081500000, 0x0000000081500000|100%|HS|  |TAMS 0x0000000081500000, 0x0000000081400000| Complete 
|  21|0x0000000081500000, 0x0000000081600000, 0x0000000081600000|100%|HC|  |TAMS 0x0000000081600000, 0x0000000081500000| Complete 
|  22|0x0000000081600000, 0x0000000081700000, 0x0000000081700000|100%|HC|  |TAMS 0x0000000081700000, 0x0000000081600000| Complete 
|  23|0x0000000081700000, 0x0000000081800000, 0x0000000081800000|100%|HC|  |TAMS 0x0000000081800000, 0x0000000081700000| Complete 
|  24|0x0000000081800000, 0x0000000081900000, 0x0000000081900000|100%| O|  |TAMS 0x0000000081900000, 0x0000000081800000| Untracked 
|  25|0x0000000081900000, 0x0000000081a00000, 0x0000000081a00000|100%|HS|  |TAMS 0x0000000081a00000, 0x0000000081900000| Complete 
|  26|0x0000000081a00000, 0x0000000081b00000, 0x0000000081b00000|100%|HC|  |TAMS 0x0000000081b00000, 0x0000000081a00000| Complete 
|  27|0x0000000081b00000, 0x0000000081c00000, 0x0000000081c00000|100%| O|  |TAMS 0x0000000081c00000, 0x0000000081b00000| Untracked 
|  28|0x0000000081c00000, 0x0000000081d00000, 0x0000000081d00000|100%| O|  |TAMS 0x0000000081d00000, 0x0000000081c00000| Untracked 
|  29|0x0000000081d00000, 0x0000000081e00000, 0x0000000081e00000|100%| O|  |TAMS 0x0000000081e00000, 0x0000000081d00000| Untracked 
|  30|0x0000000081e00000, 0x0000000081f00000, 0x0000000081f00000|100%| O|  |TAMS 0x0000000081f00000, 0x0000000081e00000| Untracked 
|  31|0x0000000081f00000, 0x0000000082000000, 0x0000000082000000|100%| O|  |TAMS 0x0000000082000000, 0x0000000081f00000| Untracked 
|  32|0x0000000082000000, 0x0000000082100000, 0x0000000082100000|100%| O|  |TAMS 0x0000000082100000, 0x0000000082000000| Untracked 
|  33|0x0000000082100000, 0x0000000082200000, 0x0000000082200000|100%| O|  |TAMS 0x0000000082200000, 0x0000000082100000| Untracked 
|  34|0x0000000082200000, 0x0000000082300000, 0x0000000082300000|100%| O|  |TAMS 0x0000000082300000, 0x0000000082200000| Untracked 
|  35|0x0000000082300000, 0x0000000082400000, 0x0000000082400000|100%| O|  |TAMS 0x0000000082400000, 0x0000000082300000| Untracked 
|  36|0x0000000082400000, 0x0000000082500000, 0x0000000082500000|100%| O|  |TAMS 0x0000000082500000, 0x0000000082400000| Untracked 
|  37|0x0000000082500000, 0x0000000082600000, 0x0000000082600000|100%| O|  |TAMS 0x0000000082600000, 0x0000000082500000| Untracked 
|  38|0x0000000082600000, 0x0000000082700000, 0x0000000082700000|100%| O|  |TAMS 0x0000000082700000, 0x0000000082600000| Untracked 
|  39|0x0000000082700000, 0x0000000082800000, 0x0000000082800000|100%| O|  |TAMS 0x0000000082800000, 0x0000000082700000| Untracked 
|  40|0x0000000082800000, 0x0000000082900000, 0x0000000082900000|100%| O|  |TAMS 0x0000000082900000, 0x0000000082800000| Untracked 
|  41|0x0000000082900000, 0x0000000082a00000, 0x0000000082a00000|100%| O|  |TAMS 0x0000000082a00000, 0x0000000082900000| Untracked 
|  42|0x0000000082a00000, 0x0000000082b00000, 0x0000000082b00000|100%| O|  |TAMS 0x0000000082b00000, 0x0000000082a00000| Untracked 
|  43|0x0000000082b00000, 0x0000000082c00000, 0x0000000082c00000|100%| O|  |TAMS 0x0000000082c00000, 0x0000000082b00000| Untracked 
|  44|0x0000000082c00000, 0x0000000082d00000, 0x0000000082d00000|100%| O|  |TAMS 0x0000000082d00000, 0x0000000082c00000| Untracked 
|  45|0x0000000082d00000, 0x0000000082e00000, 0x0000000082e00000|100%| O|  |TAMS 0x0000000082e00000, 0x0000000082d00000| Untracked 
|  46|0x0000000082e00000, 0x0000000082f00000, 0x0000000082f00000|100%| O|  |TAMS 0x0000000082f00000, 0x0000000082e00000| Untracked 
|  47|0x0000000082f00000, 0x0000000083000000, 0x0000000083000000|100%| O|  |TAMS 0x0000000083000000, 0x0000000082f00000| Untracked 
|  48|0x0000000083000000, 0x0000000083100000, 0x0000000083100000|100%| O|  |TAMS 0x0000000083100000, 0x0000000083000000| Untracked 
|  49|0x0000000083100000, 0x00000000831f9400, 0x0000000083200000| 97%| O|  |TAMS 0x00000000831f9400, 0x0000000083100000| Untracked 
|  50|0x0000000083200000, 0x0000000083300000, 0x0000000083300000|100%|HS|  |TAMS 0x0000000083200000, 0x0000000083200000| Complete 
|  51|0x0000000083300000, 0x0000000083400000, 0x0000000083400000|100%|HS|  |TAMS 0x0000000083300000, 0x0000000083300000| Complete 
|  52|0x0000000083400000, 0x0000000083500000, 0x0000000083500000|100%|HS|  |TAMS 0x0000000083400000, 0x0000000083400000| Complete 
|  53|0x0000000083500000, 0x0000000083600000, 0x0000000083600000|100%|HS|  |TAMS 0x0000000083500000, 0x0000000083500000| Complete 
|  54|0x0000000083600000, 0x0000000083700000, 0x0000000083700000|100%|HS|  |TAMS 0x0000000083600000, 0x0000000083600000| Complete 
|  55|0x0000000083700000, 0x0000000083800000, 0x0000000083800000|100%|HS|  |TAMS 0x0000000083700000, 0x0000000083700000| Complete 
|  56|0x0000000083800000, 0x0000000083900000, 0x0000000083900000|100%|HS|  |TAMS 0x0000000083800000, 0x0000000083800000| Complete 
|  57|0x0000000083900000, 0x0000000083a00000, 0x0000000083a00000|100%|HS|  |TAMS 0x0000000083900000, 0x0000000083900000| Complete 
|  58|0x0000000083a00000, 0x0000000083a00000, 0x0000000083b00000|  0%| F|  |TAMS 0x0000000083a00000, 0x0000000083a00000| Untracked 
|  59|0x0000000083b00000, 0x0000000083b00000, 0x0000000083c00000|  0%| F|  |TAMS 0x0000000083b00000, 0x0000000083b00000| Untracked 
|  60|0x0000000083c00000, 0x0000000083c00000, 0x0000000083d00000|  0%| F|  |TAMS 0x0000000083c00000, 0x0000000083c00000| Untracked 
|  61|0x0000000083d00000, 0x0000000083d00000, 0x0000000083e00000|  0%| F|  |TAMS 0x0000000083d00000, 0x0000000083d00000| Untracked 
|  62|0x0000000083e00000, 0x0000000083e00000, 0x0000000083f00000|  0%| F|  |TAMS 0x0000000083e00000, 0x0000000083e00000| Untracked 
|  63|0x0000000083f00000, 0x0000000083f00000, 0x0000000084000000|  0%| F|  |TAMS 0x0000000083f00000, 0x0000000083f00000| Untracked 
|  64|0x0000000084000000, 0x0000000084000000, 0x0000000084100000|  0%| F|  |TAMS 0x0000000084000000, 0x0000000084000000| Untracked 
|  65|0x0000000084100000, 0x0000000084100000, 0x0000000084200000|  0%| F|  |TAMS 0x0000000084100000, 0x0000000084100000| Untracked 
|  66|0x0000000084200000, 0x0000000084200000, 0x0000000084300000|  0%| F|  |TAMS 0x0000000084200000, 0x0000000084200000| Untracked 
|  67|0x0000000084300000, 0x0000000084300000, 0x0000000084400000|  0%| F|  |TAMS 0x0000000084300000, 0x0000000084300000| Untracked 
|  68|0x0000000084400000, 0x0000000084400000, 0x0000000084500000|  0%| F|  |TAMS 0x0000000084400000, 0x0000000084400000| Untracked 
|  69|0x0000000084500000, 0x0000000084500000, 0x0000000084600000|  0%| F|  |TAMS 0x0000000084500000, 0x0000000084500000| Untracked 
|  70|0x0000000084600000, 0x0000000084600000, 0x0000000084700000|  0%| F|  |TAMS 0x0000000084600000, 0x0000000084600000| Untracked 
|  71|0x0000000084700000, 0x0000000084700000, 0x0000000084800000|  0%| F|  |TAMS 0x0000000084700000, 0x0000000084700000| Untracked 
|  72|0x0000000084800000, 0x0000000084800000, 0x0000000084900000|  0%| F|  |TAMS 0x0000000084800000, 0x0000000084800000| Untracked 
|  73|0x0000000084900000, 0x0000000084900000, 0x0000000084a00000|  0%| F|  |TAMS 0x0000000084900000, 0x0000000084900000| Untracked 
|  74|0x0000000084a00000, 0x0000000084a00000, 0x0000000084b00000|  0%| F|  |TAMS 0x0000000084a00000, 0x0000000084a00000| Untracked 
|  75|0x0000000084b00000, 0x0000000084b00000, 0x0000000084c00000|  0%| F|  |TAMS 0x0000000084b00000, 0x0000000084b00000| Untracked 
|  76|0x0000000084c00000, 0x0000000084c00000, 0x0000000084d00000|  0%| F|  |TAMS 0x0000000084c00000, 0x0000000084c00000| Untracked 
|  77|0x0000000084d00000, 0x0000000084d00000, 0x0000000084e00000|  0%| F|  |TAMS 0x0000000084d00000, 0x0000000084d00000| Untracked 
|  78|0x0000000084e00000, 0x0000000084e00000, 0x0000000084f00000|  0%| F|  |TAMS 0x0000000084e00000, 0x0000000084e00000| Untracked 
|  79|0x0000000084f00000, 0x0000000084f00000, 0x0000000085000000|  0%| F|  |TAMS 0x0000000084f00000, 0x0000000084f00000| Untracked 
|  80|0x0000000085000000, 0x0000000085000000, 0x0000000085100000|  0%| F|  |TAMS 0x0000000085000000, 0x0000000085000000| Untracked 
|  81|0x0000000085100000, 0x0000000085100000, 0x0000000085200000|  0%| F|  |TAMS 0x0000000085100000, 0x0000000085100000| Untracked 
|  82|0x0000000085200000, 0x0000000085200000, 0x0000000085300000|  0%| F|  |TAMS 0x0000000085200000, 0x0000000085200000| Untracked 
|  83|0x0000000085300000, 0x0000000085300000, 0x0000000085400000|  0%| F|  |TAMS 0x0000000085300000, 0x0000000085300000| Untracked 
|  84|0x0000000085400000, 0x0000000085400000, 0x0000000085500000|  0%| F|  |TAMS 0x0000000085400000, 0x0000000085400000| Untracked 
|  85|0x0000000085500000, 0x0000000085500000, 0x0000000085600000|  0%| F|  |TAMS 0x0000000085500000, 0x0000000085500000| Untracked 
|  86|0x0000000085600000, 0x0000000085600000, 0x0000000085700000|  0%| F|  |TAMS 0x0000000085600000, 0x0000000085600000| Untracked 
|  87|0x0000000085700000, 0x0000000085700000, 0x0000000085800000|  0%| F|  |TAMS 0x0000000085700000, 0x0000000085700000| Untracked 
|  88|0x0000000085800000, 0x0000000085800000, 0x0000000085900000|  0%| F|  |TAMS 0x0000000085800000, 0x0000000085800000| Untracked 
|  89|0x0000000085900000, 0x0000000085900000, 0x0000000085a00000|  0%| F|  |TAMS 0x0000000085900000, 0x0000000085900000| Untracked 
|  90|0x0000000085a00000, 0x0000000085a00000, 0x0000000085b00000|  0%| F|  |TAMS 0x0000000085a00000, 0x0000000085a00000| Untracked 
|  91|0x0000000085b00000, 0x0000000085b00000, 0x0000000085c00000|  0%| F|  |TAMS 0x0000000085b00000, 0x0000000085b00000| Untracked 
|  92|0x0000000085c00000, 0x0000000085c00000, 0x0000000085d00000|  0%| F|  |TAMS 0x0000000085c00000, 0x0000000085c00000| Untracked 
|  93|0x0000000085d00000, 0x0000000085d00000, 0x0000000085e00000|  0%| F|  |TAMS 0x0000000085d00000, 0x0000000085d00000| Untracked 
|  94|0x0000000085e00000, 0x0000000085e00000, 0x0000000085f00000|  0%| F|  |TAMS 0x0000000085e00000, 0x0000000085e00000| Untracked 
|  95|0x0000000085f00000, 0x0000000085f00000, 0x0000000086000000|  0%| F|  |TAMS 0x0000000085f00000, 0x0000000085f00000| Untracked 
|  96|0x0000000086000000, 0x0000000086000000, 0x0000000086100000|  0%| F|  |TAMS 0x0000000086000000, 0x0000000086000000| Untracked 
|  97|0x0000000086100000, 0x0000000086100000, 0x0000000086200000|  0%| F|  |TAMS 0x0000000086100000, 0x0000000086100000| Untracked 
|  98|0x0000000086200000, 0x0000000086200000, 0x0000000086300000|  0%| F|  |TAMS 0x0000000086200000, 0x0000000086200000| Untracked 
|  99|0x0000000086300000, 0x0000000086300000, 0x0000000086400000|  0%| F|  |TAMS 0x0000000086300000, 0x0000000086300000| Untracked 
| 100|0x0000000086400000, 0x0000000086400000, 0x0000000086500000|  0%| F|  |TAMS 0x0000000086400000, 0x0000000086400000| Untracked 
| 101|0x0000000086500000, 0x0000000086500000, 0x0000000086600000|  0%| F|  |TAMS 0x0000000086500000, 0x0000000086500000| Untracked 
| 102|0x0000000086600000, 0x0000000086600000, 0x0000000086700000|  0%| F|  |TAMS 0x0000000086600000, 0x0000000086600000| Untracked 
| 103|0x0000000086700000, 0x0000000086700000, 0x0000000086800000|  0%| F|  |TAMS 0x0000000086700000, 0x0000000086700000| Untracked 
| 104|0x0000000086800000, 0x0000000086800000, 0x0000000086900000|  0%| F|  |TAMS 0x0000000086800000, 0x0000000086800000| Untracked 
| 105|0x0000000086900000, 0x0000000086900000, 0x0000000086a00000|  0%| F|  |TAMS 0x0000000086900000, 0x0000000086900000| Untracked 
| 106|0x0000000086a00000, 0x0000000086a00000, 0x0000000086b00000|  0%| F|  |TAMS 0x0000000086a00000, 0x0000000086a00000| Untracked 
| 107|0x0000000086b00000, 0x0000000086b00000, 0x0000000086c00000|  0%| F|  |TAMS 0x0000000086b00000, 0x0000000086b00000| Untracked 
| 108|0x0000000086c00000, 0x0000000086c00000, 0x0000000086d00000|  0%| F|  |TAMS 0x0000000086c00000, 0x0000000086c00000| Untracked 
| 109|0x0000000086d00000, 0x0000000086d00000, 0x0000000086e00000|  0%| F|  |TAMS 0x0000000086d00000, 0x0000000086d00000| Untracked 
| 110|0x0000000086e00000, 0x0000000086e00000, 0x0000000086f00000|  0%| F|  |TAMS 0x0000000086e00000, 0x0000000086e00000| Untracked 
| 111|0x0000000086f00000, 0x0000000086f00000, 0x0000000087000000|  0%| F|  |TAMS 0x0000000086f00000, 0x0000000086f00000| Untracked 
| 112|0x0000000087000000, 0x0000000087000000, 0x0000000087100000|  0%| F|  |TAMS 0x0000000087000000, 0x0000000087000000| Untracked 
| 113|0x0000000087100000, 0x0000000087100000, 0x0000000087200000|  0%| F|  |TAMS 0x0000000087100000, 0x0000000087100000| Untracked 
| 114|0x0000000087200000, 0x0000000087200000, 0x0000000087300000|  0%| F|  |TAMS 0x0000000087200000, 0x0000000087200000| Untracked 
| 115|0x0000000087300000, 0x0000000087300000, 0x0000000087400000|  0%| F|  |TAMS 0x0000000087300000, 0x0000000087300000| Untracked 
| 116|0x0000000087400000, 0x0000000087400000, 0x0000000087500000|  0%| F|  |TAMS 0x0000000087400000, 0x0000000087400000| Untracked 
| 117|0x0000000087500000, 0x0000000087500000, 0x0000000087600000|  0%| F|  |TAMS 0x0000000087500000, 0x0000000087500000| Untracked 
| 118|0x0000000087600000, 0x0000000087600000, 0x0000000087700000|  0%| F|  |TAMS 0x0000000087600000, 0x0000000087600000| Untracked 
| 119|0x0000000087700000, 0x0000000087700000, 0x0000000087800000|  0%| F|  |TAMS 0x0000000087700000, 0x0000000087700000| Untracked 
| 120|0x0000000087800000, 0x0000000087800000, 0x0000000087900000|  0%| F|  |TAMS 0x0000000087800000, 0x0000000087800000| Untracked 
| 121|0x0000000087900000, 0x0000000087900000, 0x0000000087a00000|  0%| F|  |TAMS 0x0000000087900000, 0x0000000087900000| Untracked 
| 122|0x0000000087a00000, 0x0000000087a00000, 0x0000000087b00000|  0%| F|  |TAMS 0x0000000087a00000, 0x0000000087a00000| Untracked 
| 123|0x0000000087b00000, 0x0000000087b00000, 0x0000000087c00000|  0%| F|  |TAMS 0x0000000087b00000, 0x0000000087b00000| Untracked 
| 124|0x0000000087c00000, 0x0000000087c00000, 0x0000000087d00000|  0%| F|  |TAMS 0x0000000087c00000, 0x0000000087c00000| Untracked 
| 125|0x0000000087d00000, 0x0000000087d00000, 0x0000000087e00000|  0%| F|  |TAMS 0x0000000087d00000, 0x0000000087d00000| Untracked 
| 126|0x0000000087e00000, 0x0000000087e00000, 0x0000000087f00000|  0%| F|  |TAMS 0x0000000087e00000, 0x0000000087e00000| Untracked 
| 127|0x0000000087f00000, 0x0000000087f00000, 0x0000000088000000|  0%| F|  |TAMS 0x0000000087f00000, 0x0000000087f00000| Untracked 
| 128|0x0000000088000000, 0x0000000088000000, 0x0000000088100000|  0%| F|  |TAMS 0x0000000088000000, 0x0000000088000000| Untracked 
| 129|0x0000000088100000, 0x0000000088100000, 0x0000000088200000|  0%| F|  |TAMS 0x0000000088100000, 0x0000000088100000| Untracked 
| 130|0x0000000088200000, 0x0000000088200000, 0x0000000088300000|  0%| F|  |TAMS 0x0000000088200000, 0x0000000088200000| Untracked 
| 131|0x0000000088300000, 0x0000000088300000, 0x0000000088400000|  0%| F|  |TAMS 0x0000000088300000, 0x0000000088300000| Untracked 
| 132|0x0000000088400000, 0x0000000088400000, 0x0000000088500000|  0%| F|  |TAMS 0x0000000088400000, 0x0000000088400000| Untracked 
| 133|0x0000000088500000, 0x0000000088500000, 0x0000000088600000|  0%| F|  |TAMS 0x0000000088500000, 0x0000000088500000| Untracked 
| 134|0x0000000088600000, 0x0000000088600000, 0x0000000088700000|  0%| F|  |TAMS 0x0000000088600000, 0x0000000088600000| Untracked 
| 135|0x0000000088700000, 0x0000000088700000, 0x0000000088800000|  0%| F|  |TAMS 0x0000000088700000, 0x0000000088700000| Untracked 
| 136|0x0000000088800000, 0x0000000088800000, 0x0000000088900000|  0%| F|  |TAMS 0x0000000088800000, 0x0000000088800000| Untracked 
| 137|0x0000000088900000, 0x0000000088900000, 0x0000000088a00000|  0%| F|  |TAMS 0x0000000088900000, 0x0000000088900000| Untracked 
| 138|0x0000000088a00000, 0x0000000088a00000, 0x0000000088b00000|  0%| F|  |TAMS 0x0000000088a00000, 0x0000000088a00000| Untracked 
| 139|0x0000000088b00000, 0x0000000088b00000, 0x0000000088c00000|  0%| F|  |TAMS 0x0000000088b00000, 0x0000000088b00000| Untracked 
| 140|0x0000000088c00000, 0x0000000088c00000, 0x0000000088d00000|  0%| F|  |TAMS 0x0000000088c00000, 0x0000000088c00000| Untracked 
| 141|0x0000000088d00000, 0x0000000088d00000, 0x0000000088e00000|  0%| F|  |TAMS 0x0000000088d00000, 0x0000000088d00000| Untracked 
| 142|0x0000000088e00000, 0x0000000088e00000, 0x0000000088f00000|  0%| F|  |TAMS 0x0000000088e00000, 0x0000000088e00000| Untracked 
| 143|0x0000000088f00000, 0x0000000088f00000, 0x0000000089000000|  0%| F|  |TAMS 0x0000000088f00000, 0x0000000088f00000| Untracked 
| 144|0x0000000089000000, 0x0000000089000000, 0x0000000089100000|  0%| F|  |TAMS 0x0000000089000000, 0x0000000089000000| Untracked 
| 145|0x0000000089100000, 0x0000000089100000, 0x0000000089200000|  0%| F|  |TAMS 0x0000000089100000, 0x0000000089100000| Untracked 
| 146|0x0000000089200000, 0x0000000089200000, 0x0000000089300000|  0%| F|  |TAMS 0x0000000089200000, 0x0000000089200000| Untracked 
| 147|0x0000000089300000, 0x0000000089300000, 0x0000000089400000|  0%| F|  |TAMS 0x0000000089300000, 0x0000000089300000| Untracked 
| 148|0x0000000089400000, 0x0000000089400000, 0x0000000089500000|  0%| F|  |TAMS 0x0000000089400000, 0x0000000089400000| Untracked 
| 149|0x0000000089500000, 0x0000000089500000, 0x0000000089600000|  0%| F|  |TAMS 0x0000000089500000, 0x0000000089500000| Untracked 
| 150|0x0000000089600000, 0x0000000089600000, 0x0000000089700000|  0%| F|  |TAMS 0x0000000089600000, 0x0000000089600000| Untracked 
| 151|0x0000000089700000, 0x0000000089700000, 0x0000000089800000|  0%| F|  |TAMS 0x0000000089700000, 0x0000000089700000| Untracked 
| 152|0x0000000089800000, 0x0000000089800000, 0x0000000089900000|  0%| F|  |TAMS 0x0000000089800000, 0x0000000089800000| Untracked 
| 153|0x0000000089900000, 0x0000000089900000, 0x0000000089a00000|  0%| F|  |TAMS 0x0000000089900000, 0x0000000089900000| Untracked 
| 154|0x0000000089a00000, 0x0000000089a00000, 0x0000000089b00000|  0%| F|  |TAMS 0x0000000089a00000, 0x0000000089a00000| Untracked 
| 155|0x0000000089b00000, 0x0000000089b00000, 0x0000000089c00000|  0%| F|  |TAMS 0x0000000089b00000, 0x0000000089b00000| Untracked 
| 156|0x0000000089c00000, 0x0000000089c00000, 0x0000000089d00000|  0%| F|  |TAMS 0x0000000089c00000, 0x0000000089c00000| Untracked 
| 157|0x0000000089d00000, 0x0000000089d00000, 0x0000000089e00000|  0%| F|  |TAMS 0x0000000089d00000, 0x0000000089d00000| Untracked 
| 158|0x0000000089e00000, 0x0000000089e00000, 0x0000000089f00000|  0%| F|  |TAMS 0x0000000089e00000, 0x0000000089e00000| Untracked 
| 159|0x0000000089f00000, 0x0000000089f00000, 0x000000008a000000|  0%| F|  |TAMS 0x0000000089f00000, 0x0000000089f00000| Untracked 
| 160|0x000000008a000000, 0x000000008a000000, 0x000000008a100000|  0%| F|  |TAMS 0x000000008a000000, 0x000000008a000000| Untracked 
| 161|0x000000008a100000, 0x000000008a100000, 0x000000008a200000|  0%| F|  |TAMS 0x000000008a100000, 0x000000008a100000| Untracked 
| 162|0x000000008a200000, 0x000000008a200000, 0x000000008a300000|  0%| F|  |TAMS 0x000000008a200000, 0x000000008a200000| Untracked 
| 163|0x000000008a300000, 0x000000008a300000, 0x000000008a400000|  0%| F|  |TAMS 0x000000008a300000, 0x000000008a300000| Untracked 
| 164|0x000000008a400000, 0x000000008a400000, 0x000000008a500000|  0%| F|  |TAMS 0x000000008a400000, 0x000000008a400000| Untracked 
| 165|0x000000008a500000, 0x000000008a500000, 0x000000008a600000|  0%| F|  |TAMS 0x000000008a500000, 0x000000008a500000| Untracked 
| 166|0x000000008a600000, 0x000000008a680800, 0x000000008a700000| 50%| E|  |TAMS 0x000000008a600000, 0x000000008a600000| Complete 
| 167|0x000000008a700000, 0x000000008a800000, 0x000000008a800000|100%| E|CS|TAMS 0x000000008a700000, 0x000000008a700000| Complete 
| 168|0x000000008a800000, 0x000000008a900000, 0x000000008a900000|100%| E|CS|TAMS 0x000000008a800000, 0x000000008a800000| Complete 
| 169|0x000000008a900000, 0x000000008aa00000, 0x000000008aa00000|100%| E|CS|TAMS 0x000000008a900000, 0x000000008a900000| Complete 
| 170|0x000000008aa00000, 0x000000008ab00000, 0x000000008ab00000|100%| E|CS|TAMS 0x000000008aa00000, 0x000000008aa00000| Complete 
| 171|0x000000008ab00000, 0x000000008ac00000, 0x000000008ac00000|100%| E|CS|TAMS 0x000000008ab00000, 0x000000008ab00000| Complete 
| 172|0x000000008ac00000, 0x000000008ad00000, 0x000000008ad00000|100%| E|CS|TAMS 0x000000008ac00000, 0x000000008ac00000| Complete 
| 173|0x000000008ad00000, 0x000000008ae00000, 0x000000008ae00000|100%| E|CS|TAMS 0x000000008ad00000, 0x000000008ad00000| Complete 
| 174|0x000000008ae00000, 0x000000008af00000, 0x000000008af00000|100%| E|CS|TAMS 0x000000008ae00000, 0x000000008ae00000| Complete 
| 175|0x000000008af00000, 0x000000008b000000, 0x000000008b000000|100%| E|CS|TAMS 0x000000008af00000, 0x000000008af00000| Complete 
| 176|0x000000008b000000, 0x000000008b100000, 0x000000008b100000|100%| E|CS|TAMS 0x000000008b000000, 0x000000008b000000| Complete 
| 177|0x000000008b100000, 0x000000008b200000, 0x000000008b200000|100%| E|CS|TAMS 0x000000008b100000, 0x000000008b100000| Complete 
| 178|0x000000008b200000, 0x000000008b300000, 0x000000008b300000|100%| E|CS|TAMS 0x000000008b200000, 0x000000008b200000| Complete 
| 179|0x000000008b300000, 0x000000008b400000, 0x000000008b400000|100%| E|CS|TAMS 0x000000008b300000, 0x000000008b300000| Complete 
| 180|0x000000008b400000, 0x000000008b500000, 0x000000008b500000|100%| E|CS|TAMS 0x000000008b400000, 0x000000008b400000| Complete 
| 181|0x000000008b500000, 0x000000008b600000, 0x000000008b600000|100%| E|CS|TAMS 0x000000008b500000, 0x000000008b500000| Complete 
| 182|0x000000008b600000, 0x000000008b700000, 0x000000008b700000|100%| E|CS|TAMS 0x000000008b600000, 0x000000008b600000| Complete 
| 183|0x000000008b700000, 0x000000008b800000, 0x000000008b800000|100%| E|CS|TAMS 0x000000008b700000, 0x000000008b700000| Complete 
| 184|0x000000008b800000, 0x000000008b900000, 0x000000008b900000|100%| E|CS|TAMS 0x000000008b800000, 0x000000008b800000| Complete 
| 185|0x000000008b900000, 0x000000008ba00000, 0x000000008ba00000|100%| E|CS|TAMS 0x000000008b900000, 0x000000008b900000| Complete 
| 186|0x000000008ba00000, 0x000000008bb00000, 0x000000008bb00000|100%| E|CS|TAMS 0x000000008ba00000, 0x000000008ba00000| Complete 
| 187|0x000000008bb00000, 0x000000008bc00000, 0x000000008bc00000|100%| E|CS|TAMS 0x000000008bb00000, 0x000000008bb00000| Complete 
| 188|0x000000008bc00000, 0x000000008bd00000, 0x000000008bd00000|100%| E|CS|TAMS 0x000000008bc00000, 0x000000008bc00000| Complete 
| 189|0x000000008bd00000, 0x000000008be00000, 0x000000008be00000|100%| E|CS|TAMS 0x000000008bd00000, 0x000000008bd00000| Complete 
| 190|0x000000008be00000, 0x000000008bf00000, 0x000000008bf00000|100%| E|CS|TAMS 0x000000008be00000, 0x000000008be00000| Complete 
| 191|0x000000008bf00000, 0x000000008c000000, 0x000000008c000000|100%| E|CS|TAMS 0x000000008bf00000, 0x000000008bf00000| Complete 
| 192|0x000000008c000000, 0x000000008c100000, 0x000000008c100000|100%| E|CS|TAMS 0x000000008c000000, 0x000000008c000000| Complete 
| 193|0x000000008c100000, 0x000000008c200000, 0x000000008c200000|100%| E|CS|TAMS 0x000000008c100000, 0x000000008c100000| Complete 
| 194|0x000000008c200000, 0x000000008c300000, 0x000000008c300000|100%| E|CS|TAMS 0x000000008c200000, 0x000000008c200000| Complete 
| 195|0x000000008c300000, 0x000000008c400000, 0x000000008c400000|100%| E|CS|TAMS 0x000000008c300000, 0x000000008c300000| Complete 
| 196|0x000000008c400000, 0x000000008c500000, 0x000000008c500000|100%| E|CS|TAMS 0x000000008c400000, 0x000000008c400000| Complete 
| 197|0x000000008c500000, 0x000000008c600000, 0x000000008c600000|100%| E|CS|TAMS 0x000000008c500000, 0x000000008c500000| Complete 
| 198|0x000000008c600000, 0x000000008c700000, 0x000000008c700000|100%| E|CS|TAMS 0x000000008c600000, 0x000000008c600000| Complete 
| 199|0x000000008c700000, 0x000000008c800000, 0x000000008c800000|100%| E|CS|TAMS 0x000000008c700000, 0x000000008c700000| Complete 
| 200|0x000000008c800000, 0x000000008c900000, 0x000000008c900000|100%| E|CS|TAMS 0x000000008c800000, 0x000000008c800000| Complete 
| 201|0x000000008c900000, 0x000000008ca00000, 0x000000008ca00000|100%| E|CS|TAMS 0x000000008c900000, 0x000000008c900000| Complete 
| 202|0x000000008ca00000, 0x000000008cb00000, 0x000000008cb00000|100%| E|CS|TAMS 0x000000008ca00000, 0x000000008ca00000| Complete 
| 203|0x000000008cb00000, 0x000000008cc00000, 0x000000008cc00000|100%| E|CS|TAMS 0x000000008cb00000, 0x000000008cb00000| Complete 
| 204|0x000000008cc00000, 0x000000008cd00000, 0x000000008cd00000|100%| E|CS|TAMS 0x000000008cc00000, 0x000000008cc00000| Complete 
| 205|0x000000008cd00000, 0x000000008ce00000, 0x000000008ce00000|100%| E|CS|TAMS 0x000000008cd00000, 0x000000008cd00000| Complete 
| 206|0x000000008ce00000, 0x000000008cede2d0, 0x000000008cf00000| 86%| S|CS|TAMS 0x000000008ce00000, 0x000000008ce00000| Complete 
| 207|0x000000008cf00000, 0x000000008d000000, 0x000000008d000000|100%| S|CS|TAMS 0x000000008cf00000, 0x000000008cf00000| Complete 
| 208|0x000000008d000000, 0x000000008d100000, 0x000000008d100000|100%| S|CS|TAMS 0x000000008d000000, 0x000000008d000000| Complete 
| 209|0x000000008d100000, 0x000000008d200000, 0x000000008d200000|100%| S|CS|TAMS 0x000000008d100000, 0x000000008d100000| Complete 
| 210|0x000000008d200000, 0x000000008d300000, 0x000000008d300000|100%| E|CS|TAMS 0x000000008d200000, 0x000000008d200000| Complete 
| 211|0x000000008d300000, 0x000000008d400000, 0x000000008d400000|100%| E|CS|TAMS 0x000000008d300000, 0x000000008d300000| Complete 
| 212|0x000000008d400000, 0x000000008d500000, 0x000000008d500000|100%| E|CS|TAMS 0x000000008d400000, 0x000000008d400000| Complete 
| 213|0x000000008d500000, 0x000000008d600000, 0x000000008d600000|100%| E|CS|TAMS 0x000000008d500000, 0x000000008d500000| Complete 
| 214|0x000000008d600000, 0x000000008d700000, 0x000000008d700000|100%| E|CS|TAMS 0x000000008d600000, 0x000000008d600000| Complete 
| 215|0x000000008d700000, 0x000000008d800000, 0x000000008d800000|100%| E|CS|TAMS 0x000000008d700000, 0x000000008d700000| Complete 
| 216|0x000000008d800000, 0x000000008d900000, 0x000000008d900000|100%| E|CS|TAMS 0x000000008d800000, 0x000000008d800000| Complete 
| 217|0x000000008d900000, 0x000000008da00000, 0x000000008da00000|100%| E|CS|TAMS 0x000000008d900000, 0x000000008d900000| Complete 
| 218|0x000000008da00000, 0x000000008db00000, 0x000000008db00000|100%| E|CS|TAMS 0x000000008da00000, 0x000000008da00000| Complete 
| 219|0x000000008db00000, 0x000000008dc00000, 0x000000008dc00000|100%| E|CS|TAMS 0x000000008db00000, 0x000000008db00000| Complete 
| 220|0x000000008dc00000, 0x000000008dd00000, 0x000000008dd00000|100%| E|CS|TAMS 0x000000008dc00000, 0x000000008dc00000| Complete 
| 221|0x000000008dd00000, 0x000000008de00000, 0x000000008de00000|100%| E|CS|TAMS 0x000000008dd00000, 0x000000008dd00000| Complete 
| 222|0x000000008de00000, 0x000000008df00000, 0x000000008df00000|100%| E|CS|TAMS 0x000000008de00000, 0x000000008de00000| Complete 
| 223|0x000000008df00000, 0x000000008e000000, 0x000000008e000000|100%| E|CS|TAMS 0x000000008df00000, 0x000000008df00000| Complete 
| 224|0x000000008e000000, 0x000000008e100000, 0x000000008e100000|100%| E|CS|TAMS 0x000000008e000000, 0x000000008e000000| Complete 
| 225|0x000000008e100000, 0x000000008e200000, 0x000000008e200000|100%| E|CS|TAMS 0x000000008e100000, 0x000000008e100000| Complete 
| 226|0x000000008e200000, 0x000000008e300000, 0x000000008e300000|100%| E|CS|TAMS 0x000000008e200000, 0x000000008e200000| Complete 
| 227|0x000000008e300000, 0x000000008e400000, 0x000000008e400000|100%| E|CS|TAMS 0x000000008e300000, 0x000000008e300000| Complete 
| 228|0x000000008e400000, 0x000000008e500000, 0x000000008e500000|100%| E|CS|TAMS 0x000000008e400000, 0x000000008e400000| Complete 
| 229|0x000000008e500000, 0x000000008e600000, 0x000000008e600000|100%| E|CS|TAMS 0x000000008e500000, 0x000000008e500000| Complete 
| 230|0x000000008e600000, 0x000000008e700000, 0x000000008e700000|100%| E|CS|TAMS 0x000000008e600000, 0x000000008e600000| Complete 
| 231|0x000000008e700000, 0x000000008e800000, 0x000000008e800000|100%| E|  |TAMS 0x000000008e700000, 0x000000008e700000| Complete 
| 232|0x000000008e800000, 0x000000008e900000, 0x000000008e900000|100%| E|CS|TAMS 0x000000008e800000, 0x000000008e800000| Complete 
| 233|0x000000008e900000, 0x000000008ea00000, 0x000000008ea00000|100%| E|CS|TAMS 0x000000008e900000, 0x000000008e900000| Complete 
| 234|0x000000008ea00000, 0x000000008eb00000, 0x000000008eb00000|100%| E|CS|TAMS 0x000000008ea00000, 0x000000008ea00000| Complete 
| 235|0x000000008eb00000, 0x000000008ec00000, 0x000000008ec00000|100%| E|CS|TAMS 0x000000008eb00000, 0x000000008eb00000| Complete 
| 236|0x000000008ec00000, 0x000000008ed00000, 0x000000008ed00000|100%| E|CS|TAMS 0x000000008ec00000, 0x000000008ec00000| Complete 
| 237|0x000000008ed00000, 0x000000008ee00000, 0x000000008ee00000|100%| E|CS|TAMS 0x000000008ed00000, 0x000000008ed00000| Complete 
| 238|0x000000008ee00000, 0x000000008ef00000, 0x000000008ef00000|100%| E|CS|TAMS 0x000000008ee00000, 0x000000008ee00000| Complete 
| 239|0x000000008ef00000, 0x000000008f000000, 0x000000008f000000|100%| E|CS|TAMS 0x000000008ef00000, 0x000000008ef00000| Complete 
| 240|0x000000008f000000, 0x000000008f100000, 0x000000008f100000|100%| E|CS|TAMS 0x000000008f000000, 0x000000008f000000| Complete 
| 241|0x000000008f100000, 0x000000008f200000, 0x000000008f200000|100%| E|CS|TAMS 0x000000008f100000, 0x000000008f100000| Complete 
| 242|0x000000008f200000, 0x000000008f300000, 0x000000008f300000|100%| E|CS|TAMS 0x000000008f200000, 0x000000008f200000| Complete 
| 243|0x000000008f300000, 0x000000008f400000, 0x000000008f400000|100%| E|CS|TAMS 0x000000008f300000, 0x000000008f300000| Complete 
| 244|0x000000008f400000, 0x000000008f500000, 0x000000008f500000|100%| E|CS|TAMS 0x000000008f400000, 0x000000008f400000| Complete 
| 245|0x000000008f500000, 0x000000008f600000, 0x000000008f600000|100%| E|CS|TAMS 0x000000008f500000, 0x000000008f500000| Complete 
| 246|0x000000008f600000, 0x000000008f700000, 0x000000008f700000|100%| E|CS|TAMS 0x000000008f600000, 0x000000008f600000| Complete 
| 247|0x000000008f700000, 0x000000008f800000, 0x000000008f800000|100%| E|CS|TAMS 0x000000008f700000, 0x000000008f700000| Complete 
| 248|0x000000008f800000, 0x000000008f900000, 0x000000008f900000|100%| E|CS|TAMS 0x000000008f800000, 0x000000008f800000| Complete 
| 249|0x000000008f900000, 0x000000008fa00000, 0x000000008fa00000|100%| E|CS|TAMS 0x000000008f900000, 0x000000008f900000| Complete 
| 250|0x000000008fa00000, 0x000000008fb00000, 0x000000008fb00000|100%| E|CS|TAMS 0x000000008fa00000, 0x000000008fa00000| Complete 
| 251|0x000000008fb00000, 0x000000008fc00000, 0x000000008fc00000|100%| E|CS|TAMS 0x000000008fb00000, 0x000000008fb00000| Complete 
| 252|0x000000008fc00000, 0x000000008fd00000, 0x000000008fd00000|100%| E|CS|TAMS 0x000000008fc00000, 0x000000008fc00000| Complete 
| 253|0x000000008fd00000, 0x000000008fe00000, 0x000000008fe00000|100%| E|CS|TAMS 0x000000008fd00000, 0x000000008fd00000| Complete 
| 254|0x000000008fe00000, 0x000000008ff00000, 0x000000008ff00000|100%| E|CS|TAMS 0x000000008fe00000, 0x000000008fe00000| Complete 
| 255|0x000000008ff00000, 0x0000000090000000, 0x0000000090000000|100%| E|CS|TAMS 0x000000008ff00000, 0x000000008ff00000| Complete 

Card table byte_map: [0x0000024f77840000,0x0000024f77c40000] _byte_map_base: 0x0000024f77440000

Marking Bits (Prev, Next): (CMBitMap*) 0x0000024f643e53c0, (CMBitMap*) 0x0000024f643e5388
 Prev Bits: [0x0000024f7a040000, 0x0000024f7c040000)
 Next Bits: [0x0000024f78040000, 0x0000024f7a040000)

Polling page: 0x0000024f63b80000

Metaspace:

Usage:
  Non-class:     57.15 MB capacity,    56.13 MB ( 98%) used,   873.10 KB (  1%) free+waste,   170.81 KB ( <1%) overhead. 
      Class:      8.66 MB capacity,     8.05 MB ( 93%) used,   543.08 KB (  6%) free+waste,    79.75 KB ( <1%) overhead. 
       Both:     65.81 MB capacity,    64.18 MB ( 98%) used,     1.38 MB (  2%) free+waste,   250.56 KB ( <1%) overhead. 

Virtual space:
  Non-class space:       58.00 MB reserved,      57.29 MB ( 99%) committed 
      Class space:        1.00 GB reserved,       8.75 MB ( <1%) committed 
             Both:        1.06 GB reserved,      66.04 MB (  6%) committed 

Chunk freelists:
   Non-Class:  8.00 KB
       Class:  0 bytes
        Both:  8.00 KB

MaxMetaspaceSize: 17179869184.00 GB
CompressedClassSpaceSize: 1.00 GB
Initial GC threshold: 20.80 MB
Current GC threshold: 97.98 MB
CDS: off

CodeHeap 'non-profiled nmethods': size=120000Kb used=4045Kb max_used=4045Kb free=115954Kb
 bounds [0x0000024f6f990000, 0x0000024f6fd90000, 0x0000024f76ec0000]
CodeHeap 'profiled nmethods': size=120000Kb used=13472Kb max_used=13472Kb free=106527Kb
 bounds [0x0000024f68460000, 0x0000024f69190000, 0x0000024f6f990000]
CodeHeap 'non-nmethods': size=5760Kb used=2343Kb max_used=2380Kb free=3416Kb
 bounds [0x0000024f67ec0000, 0x0000024f68130000, 0x0000024f68460000]
 total_blobs=7380 nmethods=6525 adapters=767
 compilation: enabled
              stopped_count=0, restarted_count=0
 full_count=0

Compilation events (20 events):
Event: 7.272 Thread 0x0000024f7f5ba000 nmethod 6467 0x0000024f69158e10 code [0x0000024f69158fe0, 0x0000024f69159348]
Event: 7.272 Thread 0x0000024f7f5ba000 6466       3       org.objectweb.asm.commons.GeneratorAdapter::checkCast (19 bytes)
Event: 7.272 Thread 0x0000024f7f5ba000 nmethod 6466 0x0000024f69159410 code [0x0000024f69159600, 0x0000024f69159988]
Event: 7.272 Thread 0x0000024f7f5ba000 6468       1       kotlin.reflect.jvm.internal.pcollections.ConsPStack::size (5 bytes)
Event: 7.272 Thread 0x0000024f7f5ba000 nmethod 6468 0x0000024f6fd80110 code [0x0000024f6fd802c0, 0x0000024f6fd80378]
Event: 7.272 Thread 0x0000024f7f5ba000 6469       3       org.objectweb.asm.Attribute::putAttributes (78 bytes)
Event: 7.272 Thread 0x0000024f7f5ba000 nmethod 6469 0x0000024f69159b90 code [0x0000024f69159e00, 0x0000024f6915a2f8]
Event: 7.273 Thread 0x0000024f7f5ba000 6470       3       org.gradle.internal.reflect.PropertyAccessorType::of (95 bytes)
Event: 7.274 Thread 0x0000024f7f5ba000 nmethod 6470 0x0000024f6915a610 code [0x0000024f6915a940, 0x0000024f6915be58]
Event: 7.274 Thread 0x0000024f7f5ba000 6471       3       sun.reflect.annotation.AnnotationParser::parseIntArray (84 bytes)
Event: 7.274 Thread 0x0000024f7f5ba000 nmethod 6471 0x0000024f6915c490 code [0x0000024f6915c720, 0x0000024f6915d0a8]
Event: 7.275 Thread 0x0000024f7f5ba000 6472       3       org.gradle.internal.instantiation.generator.AsmBackedClassGenerator$ClassBuilderImpl::addSetter (50 bytes)
Event: 7.275 Thread 0x0000024f7f5ba000 nmethod 6472 0x0000024f6915d510 code [0x0000024f6915d720, 0x0000024f6915dc58]
Event: 7.275 Thread 0x0000024f7f5ba000 6473       3       org.gradle.internal.instantiation.generator.AsmBackedClassGenerator$ClassBuilderImpl::addSetMethod (146 bytes)
Event: 7.276 Thread 0x0000024f7f5ba000 nmethod 6473 0x0000024f6915de10 code [0x0000024f6915e100, 0x0000024f6915f0c8]
Event: 7.303 Thread 0x0000024f7f5ba000 6474       3       org.gradle.api.internal.provider.Providers$FixedValueProvider::<init> (10 bytes)
Event: 7.303 Thread 0x0000024f7f5ba000 nmethod 6474 0x0000024f6915f610 code [0x0000024f6915f7e0, 0x0000024f6915fa58]
Event: 7.303 Thread 0x0000024f7f5ba000 6475       1       com.google.common.cache.LocalCache$StrongEntry::getHash (5 bytes)
Event: 7.303 Thread 0x0000024f7f5ba000 nmethod 6475 0x0000024f6fd80410 code [0x0000024f6fd805c0, 0x0000024f6fd80678]
Event: 7.305 Thread 0x0000024f7f5ba000 6476       3       java.io.FilterInputStream::read (11 bytes)

GC Heap History (14 events):
Event: 0.581 GC heap before
{Heap before GC invocations=0 (full 0):
 garbage-first heap   total 262144K, used 29696K [0x0000000080000000, 0x0000000100000000)
  region size 1024K, 24 young (24576K), 0 survivors (0K)
 Metaspace       used 9824K, capacity 10062K, committed 10112K, reserved 1058816K
  class space    used 1011K, capacity 1102K, committed 1152K, reserved 1048576K
}
Event: 0.585 GC heap after
{Heap after GC invocations=1 (full 0):
 garbage-first heap   total 262144K, used 9421K [0x0000000080000000, 0x0000000100000000)
  region size 1024K, 3 young (3072K), 3 survivors (3072K)
 Metaspace       used 9824K, capacity 10062K, committed 10112K, reserved 1058816K
  class space    used 1011K, capacity 1102K, committed 1152K, reserved 1048576K
}
Event: 2.754 GC heap before
{Heap before GC invocations=1 (full 0):
 garbage-first heap   total 262144K, used 114893K [0x0000000080000000, 0x0000000100000000)
  region size 1024K, 107 young (109568K), 3 survivors (3072K)
 Metaspace       used 20802K, capacity 21197K, committed 21296K, reserved 1069056K
  class space    used 2530K, capacity 2688K, committed 2688K, reserved 1048576K
}
Event: 2.761 GC heap after
{Heap after GC invocations=2 (full 0):
 garbage-first heap   total 262144K, used 17257K [0x0000000080000000, 0x0000000100000000)
  region size 1024K, 11 young (11264K), 11 survivors (11264K)
 Metaspace       used 20802K, capacity 21197K, committed 21296K, reserved 1069056K
  class space    used 2530K, capacity 2688K, committed 2688K, reserved 1048576K
}
Event: 3.318 GC heap before
{Heap before GC invocations=3 (full 0):
 garbage-first heap   total 262144K, used 80745K [0x0000000080000000, 0x0000000100000000)
  region size 1024K, 73 young (74752K), 11 survivors (11264K)
 Metaspace       used 27066K, capacity 27645K, committed 27824K, reserved 1073152K
  class space    used 3509K, capacity 3738K, committed 3840K, reserved 1048576K
}
Event: 3.324 GC heap after
{Heap after GC invocations=4 (full 0):
 garbage-first heap   total 262144K, used 19696K [0x0000000080000000, 0x0000000100000000)
  region size 1024K, 3 young (3072K), 3 survivors (3072K)
 Metaspace       used 27066K, capacity 27645K, committed 27824K, reserved 1073152K
  class space    used 3509K, capacity 3738K, committed 3840K, reserved 1048576K
}
Event: 3.875 GC heap before
{Heap before GC invocations=4 (full 0):
 garbage-first heap   total 262144K, used 70896K [0x0000000080000000, 0x0000000100000000)
  region size 1024K, 54 young (55296K), 3 survivors (3072K)
 Metaspace       used 34802K, capacity 35529K, committed 35708K, reserved 1081344K
  class space    used 4461K, capacity 4750K, committed 4864K, reserved 1048576K
}
Event: 3.881 GC heap after
{Heap after GC invocations=5 (full 0):
 garbage-first heap   total 262144K, used 22304K [0x0000000080000000, 0x0000000100000000)
  region size 1024K, 6 young (6144K), 6 survivors (6144K)
 Metaspace       used 34802K, capacity 35529K, committed 35708K, reserved 1081344K
  class space    used 4461K, capacity 4750K, committed 4864K, reserved 1048576K
}
Event: 4.928 GC heap before
{Heap before GC invocations=6 (full 0):
 garbage-first heap   total 262144K, used 141088K [0x0000000080000000, 0x0000000100000000)
  region size 1024K, 119 young (121856K), 6 survivors (6144K)
 Metaspace       used 44683K, capacity 45769K, committed 45948K, reserved 1089536K
  class space    used 5640K, capacity 6037K, committed 6144K, reserved 1048576K
}
Event: 4.934 GC heap after
{Heap after GC invocations=7 (full 0):
 garbage-first heap   total 262144K, used 29800K [0x0000000080000000, 0x0000000100000000)
  region size 1024K, 13 young (13312K), 13 survivors (13312K)
 Metaspace       used 44683K, capacity 45769K, committed 45948K, reserved 1089536K
  class space    used 5640K, capacity 6037K, committed 6144K, reserved 1048576K
}
Event: 6.100 GC heap before
{Heap before GC invocations=7 (full 0):
 garbage-first heap   total 262144K, used 182376K [0x0000000080000000, 0x0000000100000000)
  region size 1024K, 153 young (156672K), 13 survivors (13312K)
 Metaspace       used 51810K, capacity 53263K, committed 53372K, reserved 1095680K
  class space    used 6545K, capacity 7074K, committed 7168K, reserved 1048576K
}
Event: 6.110 GC heap after
{Heap after GC invocations=8 (full 0):
 garbage-first heap   total 262144K, used 51567K [0x0000000080000000, 0x0000000100000000)
  region size 1024K, 20 young (20480K), 20 survivors (20480K)
 Metaspace       used 51810K, capacity 53263K, committed 53372K, reserved 1095680K
  class space    used 6545K, capacity 7074K, committed 7168K, reserved 1048576K
}
Event: 6.572 GC heap before
{Heap before GC invocations=8 (full 0):
 garbage-first heap   total 262144K, used 97647K [0x0000000080000000, 0x0000000100000000)
  region size 1024K, 66 young (67584K), 20 survivors (20480K)
 Metaspace       used 58267K, capacity 59756K, committed 59940K, reserved 1101824K
  class space    used 7276K, capacity 7824K, committed 7936K, reserved 1048576K
}
Event: 6.587 GC heap after
{Heap after GC invocations=9 (full 0):
 garbage-first heap   total 262144K, used 55133K [0x0000000080000000, 0x0000000100000000)
  region size 1024K, 4 young (4096K), 4 survivors (4096K)
 Metaspace       used 58267K, capacity 59756K, committed 59940K, reserved 1101824K
  class space    used 7276K, capacity 7824K, committed 7936K, reserved 1048576K
}

Deoptimization events (20 events):
Event: 6.936 Thread 0x0000024f00c1a800 DEOPT PACKING pc=0x0000024f69064634 sp=0x00000050f4af2fe0
Event: 6.936 Thread 0x0000024f00c1a800 DEOPT UNPACKING pc=0x0000024f67f0a95e sp=0x00000050f4af24a0 mode 0
Event: 6.937 Thread 0x0000024f00c1a800 DEOPT PACKING pc=0x0000024f69064634 sp=0x00000050f4af2fe0
Event: 6.937 Thread 0x0000024f00c1a800 DEOPT UNPACKING pc=0x0000024f67f0a95e sp=0x00000050f4af24a0 mode 0
Event: 6.938 Thread 0x0000024f00c1a800 DEOPT PACKING pc=0x0000024f69064634 sp=0x00000050f4af2fe0
Event: 6.938 Thread 0x0000024f00c1a800 DEOPT UNPACKING pc=0x0000024f67f0a95e sp=0x00000050f4af24a0 mode 0
Event: 6.939 Thread 0x0000024f00c1a800 DEOPT PACKING pc=0x0000024f69064634 sp=0x00000050f4af2fe0
Event: 6.939 Thread 0x0000024f00c1a800 DEOPT UNPACKING pc=0x0000024f67f0a95e sp=0x00000050f4af24a0 mode 0
Event: 6.939 Thread 0x0000024f00c1a800 DEOPT PACKING pc=0x0000024f69064634 sp=0x00000050f4af2fe0
Event: 6.939 Thread 0x0000024f00c1a800 DEOPT UNPACKING pc=0x0000024f67f0a95e sp=0x00000050f4af24a0 mode 0
Event: 6.940 Thread 0x0000024f00c1a800 DEOPT PACKING pc=0x0000024f69064634 sp=0x00000050f4af2fe0
Event: 6.940 Thread 0x0000024f00c1a800 DEOPT UNPACKING pc=0x0000024f67f0a95e sp=0x00000050f4af24a0 mode 0
Event: 7.191 Thread 0x0000024f00c1a800 Uncommon trap: trap_request=0xffffffdc fr.pc=0x0000024f6fd79aec relative=0x00000000000002ac
Event: 7.191 Thread 0x0000024f00c1a800 Uncommon trap: reason=class_check action=make_not_entrant pc=0x0000024f6fd79aec method=java.util.ArrayList.toArray([Ljava/lang/Object;)[Ljava/lang/Object; @ 21 c2
Event: 7.191 Thread 0x0000024f00c1a800 DEOPT PACKING pc=0x0000024f6fd79aec sp=0x00000050f4af6770
Event: 7.191 Thread 0x0000024f00c1a800 DEOPT UNPACKING pc=0x0000024f67f0a1af sp=0x00000050f4af6740 mode 2
Event: 7.273 Thread 0x0000024f00c1a800 Uncommon trap: trap_request=0xffffff4d fr.pc=0x0000024f6fbcd81c relative=0x000000000000033c
Event: 7.273 Thread 0x0000024f00c1a800 Uncommon trap: reason=unstable_if action=reinterpret pc=0x0000024f6fbcd81c method=org.gradle.internal.reflect.PropertyAccessorType.of(Ljava/lang/reflect/Method;)Lorg/gradle/internal/reflect/PropertyAccessorType; @ 56 c2
Event: 7.273 Thread 0x0000024f00c1a800 DEOPT PACKING pc=0x0000024f6fbcd81c sp=0x00000050f4af72c0
Event: 7.273 Thread 0x0000024f00c1a800 DEOPT UNPACKING pc=0x0000024f67f0a1af sp=0x00000050f4af7280 mode 2

Classes redefined (0 events):
No events

Internal exceptions (20 events):
Event: 6.172 Thread 0x0000024f00c1a800 Exception <a 'java/lang/NoSuchMethodError'{0x000000008fa295d0}: 'java.lang.Object java.lang.invoke.DelegatingMethodHandle$Holder.reinvoke_L(java.lang.Object, int, int, java.lang.Object, java.lang.Object, java.lang.Object)'> (0x000000008fa295d0) thrown at [./src/hotspot/share/interpreter/linkResolver.cpp, line 773]
Event: 6.326 Thread 0x0000024f00c1a800 Exception <a 'java/lang/NoSuchMethodError'{0x000000008ec21b30}: 'int java.lang.invoke.DirectMethodHandle$Holder.invokeInterface(java.lang.Object, java.lang.Object, java.lang.Object, java.lang.Object)'> (0x000000008ec21b30) thrown at [./src/hotspot/share/interpreter/linkResolver.cpp, line 773]
Event: 6.693 Thread 0x0000024f00c1a800 Exception <a 'java/lang/IncompatibleClassChangeError'{0x000000008f746b70}: Found class java.lang.Object, but interface was expected> (0x000000008f746b70) thrown at [./src/hotspot/share/interpreter/linkResolver.cpp, line 839]
Event: 6.733 Thread 0x0000024f00c1a800 Implicit null exception at 0x0000024f6fbbdb54 to 0x0000024f6fbbdd38
Event: 6.733 Thread 0x0000024f00c1a800 Implicit null exception at 0x0000024f6fcb875a to 0x0000024f6fcb90f4
Event: 6.806 Thread 0x0000024f00c1a800 Implicit null exception at 0x0000024f6fae0e0b to 0x0000024f6fae0ee4
Event: 6.837 Thread 0x0000024f00c1a800 Implicit null exception at 0x0000024f6fb2d2ac to 0x0000024f6fb2d45a
Event: 6.972 Thread 0x0000024f00c1a800 Exception <a 'sun/nio/fs/WindowsException'{0x000000008d702d08}> (0x000000008d702d08) thrown at [./src/hotspot/share/prims/jni.cpp, line 616]
Event: 7.196 Thread 0x0000024f00c1a800 Exception <a 'java/lang/ClassNotFoundException'{0x000000008b99c3e8}: org/gradle/api/internal/project/DefaultProject_DecoratedBeanInfo> (0x000000008b99c3e8) thrown at [./src/hotspot/share/classfile/systemDictionary.cpp, line 231]
Event: 7.197 Thread 0x0000024f00c1a800 Exception <a 'java/lang/ClassNotFoundException'{0x000000008b9d2fc0}: org/gradle/api/internal/project/DefaultProjectBeanInfo> (0x000000008b9d2fc0) thrown at [./src/hotspot/share/classfile/systemDictionary.cpp, line 231]
Event: 7.197 Thread 0x0000024f00c1a800 Exception <a 'java/lang/ClassNotFoundException'{0x000000008b80a290}: org/gradle/api/internal/project/DefaultProjectCustomizer> (0x000000008b80a290) thrown at [./src/hotspot/share/classfile/systemDictionary.cpp, line 231]
Event: 7.201 Thread 0x0000024f00c1a800 Exception <a 'java/lang/ClassNotFoundException'{0x000000008b8d7918}: org/gradle/api/internal/project/DefaultProject_DecoratedCustomizer> (0x000000008b8d7918) thrown at [./src/hotspot/share/classfile/systemDictionary.cpp, line 231]
Event: 7.208 Thread 0x0000024f00c1a800 Exception <a 'java/lang/ClassNotFoundException'{0x000000008b7db700}: org/gradle/api/plugins/internal/DefaultBasePluginConventionBeanInfo> (0x000000008b7db700) thrown at [./src/hotspot/share/classfile/systemDictionary.cpp, line 231]
Event: 7.209 Thread 0x0000024f00c1a800 Exception <a 'java/lang/ClassNotFoundException'{0x000000008b61f0a8}: org/gradle/api/plugins/BasePluginConventionBeanInfo> (0x000000008b61f0a8) thrown at [./src/hotspot/share/classfile/systemDictionary.cpp, line 231]
Event: 7.209 Thread 0x0000024f00c1a800 Exception <a 'java/lang/ClassNotFoundException'{0x000000008b662278}: org/gradle/api/plugins/BasePluginConventionCustomizer> (0x000000008b662278) thrown at [./src/hotspot/share/classfile/systemDictionary.cpp, line 231]
Event: 7.210 Thread 0x0000024f00c1a800 Exception <a 'java/lang/ClassNotFoundException'{0x000000008b6b7730}: org/gradle/api/plugins/internal/DefaultBasePluginConventionCustomizer> (0x000000008b6b7730) thrown at [./src/hotspot/share/classfile/systemDictionary.cpp, line 231]
Event: 7.213 Thread 0x0000024f00c1a800 Exception <a 'java/lang/ClassNotFoundException'{0x000000008b540748}: org/gradle/api/plugins/internal/DefaultJavaPluginConventionBeanInfo> (0x000000008b540748) thrown at [./src/hotspot/share/classfile/systemDictionary.cpp, line 231]
Event: 7.214 Thread 0x0000024f00c1a800 Exception <a 'java/lang/ClassNotFoundException'{0x000000008b583ec8}: org/gradle/api/plugins/JavaPluginConventionBeanInfo> (0x000000008b583ec8) thrown at [./src/hotspot/share/classfile/systemDictionary.cpp, line 231]
Event: 7.214 Thread 0x0000024f00c1a800 Exception <a 'java/lang/ClassNotFoundException'{0x000000008b5c7098}: org/gradle/api/plugins/JavaPluginConventionCustomizer> (0x000000008b5c7098) thrown at [./src/hotspot/share/classfile/systemDictionary.cpp, line 231]
Event: 7.215 Thread 0x0000024f00c1a800 Exception <a 'java/lang/ClassNotFoundException'{0x000000008b426438}: org/gradle/api/plugins/internal/DefaultJavaPluginConventionCustomizer> (0x000000008b426438) thrown at [./src/hotspot/share/classfile/systemDictionary.cpp, line 231]

Events (20 events):
Event: 7.299 loading class com/android/build/gradle/internal/scope/InternalArtifactType$CONSUMER_PROGUARD_DIR
Event: 7.299 loading class com/android/build/gradle/internal/scope/InternalArtifactType$CONSUMER_PROGUARD_DIR done
Event: 7.300 loading class com/android/build/gradle/internal/scope/InternalArtifactType$AAPT_PROGUARD_FILE
Event: 7.300 loading class com/android/build/gradle/internal/scope/InternalArtifactType$AAPT_PROGUARD_FILE done
Event: 7.300 loading class com/android/build/gradle/internal/scope/InternalArtifactType$MERGED_AAPT_PROGUARD_FILE
Event: 7.300 loading class com/android/build/gradle/internal/scope/InternalArtifactType$MERGED_AAPT_PROGUARD_FILE done
Event: 7.300 loading class com/android/build/gradle/internal/scope/InternalArtifactType$COMPILE_MANIFEST_JAR
Event: 7.300 loading class com/android/build/gradle/internal/scope/InternalArtifactType$COMPILE_MANIFEST_JAR done
Event: 7.300 loading class com/android/utils/FileUtils
Event: 7.300 loading class com/android/utils/FileUtils done
Event: 7.301 loading class com/google/common/base/Joiner
Event: 7.301 loading class com/google/common/base/Joiner done
Event: 7.302 loading class com/google/common/base/Joiner$2
Event: 7.302 loading class com/google/common/base/Joiner$2 done
Event: 7.302 loading class com/google/common/base/Joiner$1
Event: 7.302 loading class com/google/common/base/Joiner$1 done
Event: 7.303 loading class org/gradle/api/internal/plugins/PluginManagerInternal$PluginWithId
Event: 7.303 loading class org/gradle/api/internal/plugins/PluginManagerInternal$PluginWithId done
Event: 7.304 loading class org/gradle/testing/jacoco/plugins/JacocoPlugin
Event: 7.304 loading class org/gradle/testing/jacoco/plugins/JacocoPlugin done


Dynamic libraries:
0x00007ff695340000 - 0x00007ff69534a000 	C:\Program Files\Android\Android Studio\jre\bin\java.exe
0x00007ffbccf10000 - 0x00007ffbcd108000 	C:\WINDOWS\SYSTEM32\ntdll.dll
0x00007ffbcc710000 - 0x00007ffbcc7cf000 	C:\WINDOWS\System32\KERNEL32.DLL
0x00007ffbca8d0000 - 0x00007ffbcaba2000 	C:\WINDOWS\System32\KERNELBASE.dll
0x00007ffbca600000 - 0x00007ffbca700000 	C:\WINDOWS\System32\ucrtbase.dll
0x00007ffbc3870000 - 0x00007ffbc3889000 	C:\Program Files\Android\Android Studio\jre\bin\jli.dll
0x00007ffbc3850000 - 0x00007ffbc3867000 	C:\Program Files\Android\Android Studio\jre\bin\VCRUNTIME140.dll
0x00007ffbcc920000 - 0x00007ffbccac1000 	C:\WINDOWS\System32\USER32.dll
0x00007ffbcacb0000 - 0x00007ffbcacd2000 	C:\WINDOWS\System32\win32u.dll
0x00007ffbaf100000 - 0x00007ffbaf39a000 	C:\WINDOWS\WinSxS\amd64_microsoft.windows.common-controls_6595b64144ccf1df_6.0.19041.1110_none_60b5254171f9507e\COMCTL32.dll
0x00007ffbcb710000 - 0x00007ffbcb73b000 	C:\WINDOWS\System32\GDI32.dll
0x00007ffbcce30000 - 0x00007ffbccece000 	C:\WINDOWS\System32\msvcrt.dll
0x00007ffbcace0000 - 0x00007ffbcadef000 	C:\WINDOWS\System32\gdi32full.dll
0x00007ffbca7c0000 - 0x00007ffbca85d000 	C:\WINDOWS\System32\msvcp_win.dll
0x00007ffbcbf70000 - 0x00007ffbcbfa2000 	C:\WINDOWS\System32\IMM32.DLL
0x00007ffbb1580000 - 0x00007ffbb161d000 	C:\Program Files\Android\Android Studio\jre\bin\msvcp140.dll
0x00007ffb43360000 - 0x00007ffb43e62000 	C:\Program Files\Android\Android Studio\jre\bin\server\jvm.dll
0x00007ffbcc850000 - 0x00007ffbcc8fe000 	C:\WINDOWS\System32\ADVAPI32.dll
0x00007ffbcc3f0000 - 0x00007ffbcc48c000 	C:\WINDOWS\System32\sechost.dll
0x00007ffbcc560000 - 0x00007ffbcc685000 	C:\WINDOWS\System32\RPCRT4.dll
0x00007ffbcb6a0000 - 0x00007ffbcb6a8000 	C:\WINDOWS\System32\PSAPI.DLL
0x00007ffbc5b40000 - 0x00007ffbc5b49000 	C:\WINDOWS\SYSTEM32\WSOCK32.dll
0x00007ffbaabf0000 - 0x00007ffbaac17000 	C:\WINDOWS\SYSTEM32\WINMM.dll
0x00007ffbc3390000 - 0x00007ffbc339a000 	C:\WINDOWS\SYSTEM32\VERSION.dll
0x00007ffbcc1c0000 - 0x00007ffbcc22b000 	C:\WINDOWS\System32\WS2_32.dll
0x00007ffbc8e50000 - 0x00007ffbc8e62000 	C:\WINDOWS\SYSTEM32\kernel.appcore.dll
0x00007ffbc5ad0000 - 0x00007ffbc5ae1000 	C:\Program Files\Android\Android Studio\jre\bin\verify.dll
0x00007ffbc8270000 - 0x00007ffbc8454000 	C:\WINDOWS\SYSTEM32\DBGHELP.DLL
0x00007ffbb6610000 - 0x00007ffbb6645000 	C:\WINDOWS\SYSTEM32\dbgcore.DLL
0x00007ffbca730000 - 0x00007ffbca7b2000 	C:\WINDOWS\System32\bcryptPrimitives.dll
0x00007ffbc5aa0000 - 0x00007ffbc5ac9000 	C:\Program Files\Android\Android Studio\jre\bin\java.dll
0x00007ffbc5b30000 - 0x00007ffbc5b3b000 	C:\Program Files\Android\Android Studio\jre\bin\jimage.dll
0x00007ffbc5a20000 - 0x00007ffbc5a38000 	C:\Program Files\Android\Android Studio\jre\bin\zip.dll
0x00007ffbcaf50000 - 0x00007ffbcb695000 	C:\WINDOWS\System32\SHELL32.dll
0x00007ffbc86a0000 - 0x00007ffbc8e32000 	C:\WINDOWS\SYSTEM32\windows.storage.dll
0x00007ffbccad0000 - 0x00007ffbcce25000 	C:\WINDOWS\System32\combase.dll
0x00007ffbca060000 - 0x00007ffbca090000 	C:\WINDOWS\SYSTEM32\Wldp.dll
0x00007ffbcbc10000 - 0x00007ffbcbcbd000 	C:\WINDOWS\System32\SHCORE.dll
0x00007ffbcc160000 - 0x00007ffbcc1b5000 	C:\WINDOWS\System32\shlwapi.dll
0x00007ffbca540000 - 0x00007ffbca55f000 	C:\WINDOWS\SYSTEM32\profapi.dll
0x00007ffbc46a0000 - 0x00007ffbc46ba000 	C:\Program Files\Android\Android Studio\jre\bin\net.dll
0x00007ffbc1220000 - 0x00007ffbc132c000 	C:\WINDOWS\SYSTEM32\WINHTTP.dll
0x00007ffbc9dc0000 - 0x00007ffbc9e2a000 	C:\WINDOWS\system32\mswsock.dll
0x00007ffbc4010000 - 0x00007ffbc4024000 	C:\Program Files\Android\Android Studio\jre\bin\nio.dll
0x00007ffbc5b50000 - 0x00007ffbc5b77000 	C:\Users\AAA\.gradle\native\e1d6ef7f7dcc3fd88c89a11ec53ec762bb8ba0a96d01ffa2cd45eb1d1d8dd5c5\windows-amd64\native-platform.dll
0x00007ffba5830000 - 0x00007ffba5974000 	C:\Users\AAA\.gradle\native\0d407fdbe67a94daf76414ababcb853783967236a71b16ec16e742cd7a986fd3\windows-amd64\native-platform-file-events.dll
0x00007ffbc5a90000 - 0x00007ffbc5a9a000 	C:\Program Files\Android\Android Studio\jre\bin\management.dll
0x00007ffbc4690000 - 0x00007ffbc469d000 	C:\Program Files\Android\Android Studio\jre\bin\management_ext.dll
0x00007ffbc9fb0000 - 0x00007ffbc9fc8000 	C:\WINDOWS\SYSTEM32\CRYPTSP.dll
0x00007ffbc9670000 - 0x00007ffbc96a4000 	C:\WINDOWS\system32\rsaenh.dll
0x00007ffbca700000 - 0x00007ffbca727000 	C:\WINDOWS\System32\bcrypt.dll
0x00007ffbca500000 - 0x00007ffbca52e000 	C:\WINDOWS\SYSTEM32\USERENV.dll
0x00007ffbc9fd0000 - 0x00007ffbc9fdc000 	C:\WINDOWS\SYSTEM32\CRYPTBASE.dll
0x00007ffbc9a60000 - 0x00007ffbc9a9b000 	C:\WINDOWS\SYSTEM32\IPHLPAPI.DLL
0x00007ffbcc910000 - 0x00007ffbcc918000 	C:\WINDOWS\System32\NSI.dll
0x00007ffbc2ee0000 - 0x00007ffbc2ef7000 	C:\WINDOWS\SYSTEM32\dhcpcsvc6.DLL
0x00007ffbc2ec0000 - 0x00007ffbc2edd000 	C:\WINDOWS\SYSTEM32\dhcpcsvc.DLL
0x00007ffbc9aa0000 - 0x00007ffbc9b6b000 	C:\WINDOWS\SYSTEM32\DNSAPI.dll

dbghelp: loaded successfully - version: 4.0.5 - missing functions: none
symbol engine: initialized successfully - sym options: 0x614 - pdb path: .;C:\Program Files\Android\Android Studio\jre\bin;C:\WINDOWS\SYSTEM32;C:\WINDOWS\WinSxS\amd64_microsoft.windows.common-controls_6595b64144ccf1df_6.0.19041.1110_none_60b5254171f9507e;C:\Program Files\Android\Android Studio\jre\bin\server;C:\Users\AAA\.gradle\native\e1d6ef7f7dcc3fd88c89a11ec53ec762bb8ba0a96d01ffa2cd45eb1d1d8dd5c5\windows-amd64;C:\Users\AAA\.gradle\native\0d407fdbe67a94daf76414ababcb853783967236a71b16ec16e742cd7a986fd3\windows-amd64

VM Arguments:
jvm_args: --add-opens=java.base/java.util=ALL-UNNAMED --add-opens=java.base/java.lang=ALL-UNNAMED --add-opens=java.base/java.lang.invoke=ALL-UNNAMED --add-opens=java.base/java.util=ALL-UNNAMED --add-opens=java.prefs/java.util.prefs=ALL-UNNAMED --add-opens=java.prefs/java.util.prefs=ALL-UNNAMED --add-opens=java.base/java.nio.charset=ALL-UNNAMED --add-opens=java.base/java.net=ALL-UNNAMED --add-opens=java.base/java.util.concurrent.atomic=ALL-UNNAMED -Xmx2048m -Dfile.encoding=UTF-8 -Duser.country=US -Duser.language=en -Duser.variant 
java_command: org.gradle.launcher.daemon.bootstrap.GradleDaemon 7.4
java_class_path (initial): C:\Users\AAA\.gradle\wrapper\dists\gradle-7.4-bin\c0gwcg53nkjbqw7r0h0umtfvt\gradle-7.4\lib\gradle-launcher-7.4.jar
Launcher Type: SUN_STANDARD

[Global flags]
     intx CICompilerCount                          = 4                                         {product} {ergonomic}
     uint ConcGCThreads                            = 3                                         {product} {ergonomic}
     uint G1ConcRefinementThreads                  = 10                                        {product} {ergonomic}
   size_t G1HeapRegionSize                         = 1048576                                   {product} {ergonomic}
    uintx GCDrainStackTargetSize                   = 64                                        {product} {ergonomic}
   size_t InitialHeapSize                          = 268435456                                 {product} {ergonomic}
   size_t MarkStackSize                            = 4194304                                   {product} {ergonomic}
   size_t MaxHeapSize                              = 2147483648                                {product} {command line}
   size_t MaxNewSize                               = 1287651328                                {product} {ergonomic}
   size_t MinHeapDeltaBytes                        = 1048576                                   {product} {ergonomic}
    uintx NonNMethodCodeHeapSize                   = 5836300                                {pd product} {ergonomic}
    uintx NonProfiledCodeHeapSize                  = 122910970                              {pd product} {ergonomic}
    uintx ProfiledCodeHeapSize                     = 122910970                              {pd product} {ergonomic}
    uintx ReservedCodeCacheSize                    = 251658240                              {pd product} {ergonomic}
     bool SegmentedCodeCache                       = true                                      {product} {ergonomic}
     bool UseCompressedClassPointers               = true                                 {lp64_product} {ergonomic}
     bool UseCompressedOops                        = true                                 {lp64_product} {ergonomic}
     bool UseG1GC                                  = true                                      {product} {ergonomic}
     bool UseLargePagesIndividualAllocation        = false                                  {pd product} {ergonomic}

Logging:
Log output configuration:
 #0: stdout all=warning uptime,level,tags
 #1: stderr all=off uptime,level,tags

Environment Variables:
PATH=C:\Program Files (x86)\Intel\MPI-RT\5.0.2.044\intel64\bin;C:\Program Files (x86)\Intel\Intel(R) Management Engine Components\iCLS\;C:\Program Files\Intel\Intel(R) Management Engine Components\iCLS\;C:\Windows\system32;C:\Windows;C:\Windows\System32\Wbem;C:\Windows\System32\WindowsPowerShell\v1.0\;C:\Program Files (x86)\Intel\Intel(R) Management Engine Components\DAL;C:\Program Files\Intel\Intel(R) Management Engine Components\DAL;C:\Program Files (x86)\Intel\Intel(R) Management Engine Components\IPT;C:\Program Files\Intel\Intel(R) Management Engine Components\IPT;C:\Program Files (x86)\NVIDIA Corporation\PhysX\Common;C:\WINDOWS\system32;C:\WINDOWS;C:\WINDOWS\System32\Wbem;C:\WINDOWS\System32\WindowsPowerShell\v1.0\;C:\WINDOWS\System32\OpenSSH\;C:\Program Files\dotnet\;C:\Program Files\Microsoft SQL Server\130\Tools\Binn\;C:\Program Files\NVIDIA Corporation\NVIDIA NvDLISR;C:\WINDOWS\system32;C:\WINDOWS;C:\WINDOWS\System32\Wbem;C:\WINDOWS\System32\WindowsPowerShell\v1.0\;C:\WINDOWS\System32\OpenSSH\;C:\Program Files\nodejs\;C:\Program Files\Git\bin\;C:\Program Files\Git\cmd\;C:\Users\AAA\anaconda3;C:\Users\AAA\anaconda3\Library\mingw-w64\bin;C:\Users\AAA\anaconda3\Library\usr\bin;C:\Users\AAA\anaconda3\Library\bin;C:\Users\AAA\anaconda3\Scripts;C:\Users\AAA\AppData\Local\Microsoft\WindowsApps;C:\Users\AAA\AppData\Local\Programs\Microsoft VS Code\bin;C:\Users\AAA\AppData\Roaming\npm;C:\Users\AAA\AppData\Local\Android\Sdk\platform-tools
USERNAME=Yaseer
OS=Windows_NT
PROCESSOR_IDENTIFIER=Intel64 Family 6 Model 158 Stepping 10, GenuineIntel



---------------  S Y S T E M  ---------------

OS: Windows 10 , 64 bit Build 19041 (10.0.19041.2546)
OS uptime: 0 days 12:24 hours

CPU:total 12 (initial active 12) (6 cores per cpu, 2 threads per core) family 6 model 158 stepping 10 microcode 0xde, cmov, cx8, fxsr, mmx, sse, sse2, sse3, ssse3, sse4.1, sse4.2, popcnt, avx, avx2, aes, clmul, erms, 3dnowpref, lzcnt, ht, tsc, tscinvbit, bmi1, bmi2, adx, fma

Memory: 4k page, system-wide physical 16257M (2077M free)
TotalPageFile size 16257M (AvailPageFile size 5M)
current process WorkingSet (physical memory assigned to process): 447M, peak: 447M
current process commit charge ("private bytes"): 522M, peak: 523M

vm_info: OpenJDK 64-Bit Server VM (11.0.13+0-b1751.21-8125866) for windows-amd64 JRE (11.0.13+0-b1751.21-8125866), built on Feb  2 2022 03:00:22 by "builder" with MS VC++ 14.0 (VS2015)

END.
